[2021-02-16 12:11:31,066] {taskinstance.py:851} INFO - Dependencies all met for <TaskInstance: example_bash_operator.runme_2 2021-02-16T12:09:42.897859+00:00 [queued]>
[2021-02-16 12:11:31,712] {taskinstance.py:851} INFO - Dependencies all met for <TaskInstance: example_bash_operator.runme_2 2021-02-16T12:09:42.897859+00:00 [queued]>
[2021-02-16 12:11:31,716] {taskinstance.py:1042} INFO - 
--------------------------------------------------------------------------------
[2021-02-16 12:11:31,722] {taskinstance.py:1043} INFO - Starting attempt 1 of 1
[2021-02-16 12:11:31,724] {taskinstance.py:1044} INFO - 
--------------------------------------------------------------------------------
[2021-02-16 12:11:32,095] {taskinstance.py:1063} INFO - Executing <Task(BashOperator): runme_2> on 2021-02-16T12:09:42.897859+00:00
[2021-02-16 12:11:32,265] {standard_task_runner.py:76} INFO - Running: ['airflow', 'tasks', 'run', 'example_bash_operator', 'runme_2', '2021-02-16T12:09:42.897859+00:00', '--job-id', '13', '--pool', 'default_pool', '--raw', '--subdir', '/home/airflow/.local/lib/python3.6/site-packages/airflow/example_dags/example_bash_operator.py', '--cfg-path', '/tmp/tmp0p2xqq5a', '--error-file', '/tmp/tmp4b45m9ph']
[2021-02-16 12:11:32,288] {standard_task_runner.py:77} INFO - Job 13: Subtask runme_2
[2021-02-16 12:11:32,213] {standard_task_runner.py:52} INFO - Started process 63 to run task
[2021-02-16 12:11:33,136] {logging_mixin.py:104} INFO - Running <TaskInstance: example_bash_operator.runme_2 2021-02-16T12:09:42.897859+00:00 [running]> on host 071a2d8d0e8e
[2021-02-16 12:11:34,805] {taskinstance.py:1257} INFO - Exporting the following env vars:
AIRFLOW_CTX_DAG_OWNER=airflow
AIRFLOW_CTX_DAG_ID=example_bash_operator
AIRFLOW_CTX_TASK_ID=runme_2
AIRFLOW_CTX_EXECUTION_DATE=2021-02-16T12:09:42.897859+00:00
AIRFLOW_CTX_DAG_RUN_ID=manual__2021-02-16T12:09:42.897859+00:00
[2021-02-16 12:11:34,860] {bash.py:135} INFO - Tmp dir root location: 
 /tmp
[2021-02-16 12:11:34,888] {bash.py:158} INFO - Running command: echo "example_bash_operator__runme_2__20210216" && sleep 1
[2021-02-16 12:11:35,110] {bash.py:169} INFO - Output:
[2021-02-16 12:11:35,427] {bash.py:173} INFO - example_bash_operator__runme_2__20210216
[2021-02-16 12:11:36,440] {bash.py:177} INFO - Command exited with return code 0
[2021-02-16 12:11:36,973] {taskinstance.py:1166} INFO - Marking task as SUCCESS. dag_id=example_bash_operator, task_id=runme_2, execution_date=20210216T120942, start_date=20210216T121131, end_date=20210216T121136
[2021-02-16 12:11:37,379] {taskinstance.py:1220} INFO - 1 downstream tasks scheduled from follow-on schedule check
[2021-02-16 12:11:37,551] {local_task_job.py:146} INFO - Task exited with return code 0
