[2021-02-16 12:11:28,067] {taskinstance.py:851} INFO - Dependencies all met for <TaskInstance: example_bash_operator.also_run_this 2021-02-16T12:09:42.897859+00:00 [queued]>
[2021-02-16 12:11:28,564] {taskinstance.py:851} INFO - Dependencies all met for <TaskInstance: example_bash_operator.also_run_this 2021-02-16T12:09:42.897859+00:00 [queued]>
[2021-02-16 12:11:28,580] {taskinstance.py:1042} INFO - 
--------------------------------------------------------------------------------
[2021-02-16 12:11:28,658] {taskinstance.py:1043} INFO - Starting attempt 1 of 1
[2021-02-16 12:11:28,660] {taskinstance.py:1044} INFO - 
--------------------------------------------------------------------------------
[2021-02-16 12:11:29,217] {taskinstance.py:1063} INFO - Executing <Task(BashOperator): also_run_this> on 2021-02-16T12:09:42.897859+00:00
[2021-02-16 12:11:29,385] {standard_task_runner.py:76} INFO - Running: ['airflow', 'tasks', 'run', 'example_bash_operator', 'also_run_this', '2021-02-16T12:09:42.897859+00:00', '--job-id', '10', '--pool', 'default_pool', '--raw', '--subdir', '/home/airflow/.local/lib/python3.6/site-packages/airflow/example_dags/example_bash_operator.py', '--cfg-path', '/tmp/tmpj_nl0ldp', '--error-file', '/tmp/tmpttzk9tb3']
[2021-02-16 12:11:29,392] {standard_task_runner.py:77} INFO - Job 10: Subtask also_run_this
[2021-02-16 12:11:29,373] {standard_task_runner.py:52} INFO - Started process 57 to run task
[2021-02-16 12:11:31,065] {logging_mixin.py:104} INFO - Running <TaskInstance: example_bash_operator.also_run_this 2021-02-16T12:09:42.897859+00:00 [running]> on host 071a2d8d0e8e
[2021-02-16 12:11:32,547] {taskinstance.py:1257} INFO - Exporting the following env vars:
AIRFLOW_CTX_DAG_OWNER=airflow
AIRFLOW_CTX_DAG_ID=example_bash_operator
AIRFLOW_CTX_TASK_ID=also_run_this
AIRFLOW_CTX_EXECUTION_DATE=2021-02-16T12:09:42.897859+00:00
AIRFLOW_CTX_DAG_RUN_ID=manual__2021-02-16T12:09:42.897859+00:00
[2021-02-16 12:11:32,584] {bash.py:135} INFO - Tmp dir root location: 
 /tmp
[2021-02-16 12:11:32,612] {bash.py:158} INFO - Running command: echo "run_id=manual__2021-02-16T12:09:42.897859+00:00 | dag_run=<DagRun example_bash_operator @ 2021-02-16 12:09:42.897859+00:00: manual__2021-02-16T12:09:42.897859+00:00, externally triggered: True>"
[2021-02-16 12:11:32,690] {bash.py:169} INFO - Output:
[2021-02-16 12:11:32,726] {bash.py:173} INFO - run_id=manual__2021-02-16T12:09:42.897859+00:00 | dag_run=<DagRun example_bash_operator @ 2021-02-16 12:09:42.897859+00:00: manual__2021-02-16T12:09:42.897859+00:00, externally triggered: True>
[2021-02-16 12:11:32,731] {bash.py:177} INFO - Command exited with return code 0
[2021-02-16 12:11:33,062] {taskinstance.py:1166} INFO - Marking task as SUCCESS. dag_id=example_bash_operator, task_id=also_run_this, execution_date=20210216T120942, start_date=20210216T121128, end_date=20210216T121133
[2021-02-16 12:11:34,299] {taskinstance.py:1220} INFO - 0 downstream tasks scheduled from follow-on schedule check
[2021-02-16 12:11:34,521] {local_task_job.py:146} INFO - Task exited with return code 0
