[2021-02-17 23:40:36,064] {scheduler_job.py:182} INFO - Started process (PID=46) to work on /home/airflow/.local/lib/python3.6/site-packages/airflow/example_dags/example_trigger_target_dag.py
[2021-02-17 23:40:36,090] {scheduler_job.py:629} INFO - Processing file /home/airflow/.local/lib/python3.6/site-packages/airflow/example_dags/example_trigger_target_dag.py for tasks to queue
[2021-02-17 23:40:36,096] {logging_mixin.py:104} INFO - [2021-02-17 23:40:36,096] {dagbag.py:448} INFO - Filling up the DagBag from /home/airflow/.local/lib/python3.6/site-packages/airflow/example_dags/example_trigger_target_dag.py
[2021-02-17 23:40:36,293] {scheduler_job.py:639} INFO - DAG(s) dict_keys(['example_trigger_target_dag']) retrieved from /home/airflow/.local/lib/python3.6/site-packages/airflow/example_dags/example_trigger_target_dag.py
[2021-02-17 23:40:37,565] {logging_mixin.py:104} INFO - [2021-02-17 23:40:37,565] {dag.py:1818} INFO - Sync 1 DAGs
[2021-02-17 23:40:37,829] {logging_mixin.py:104} INFO - [2021-02-17 23:40:37,829] {dag.py:2273} INFO - Setting next_dagrun for example_trigger_target_dag to None
[2021-02-17 23:40:42,136] {scheduler_job.py:190} INFO - Processing /home/airflow/.local/lib/python3.6/site-packages/airflow/example_dags/example_trigger_target_dag.py took 6.043 seconds
[2021-02-17 23:42:02,045] {scheduler_job.py:182} INFO - Started process (PID=79) to work on /home/airflow/.local/lib/python3.6/site-packages/airflow/example_dags/example_trigger_target_dag.py
[2021-02-17 23:42:02,075] {scheduler_job.py:629} INFO - Processing file /home/airflow/.local/lib/python3.6/site-packages/airflow/example_dags/example_trigger_target_dag.py for tasks to queue
[2021-02-17 23:42:02,088] {logging_mixin.py:104} INFO - [2021-02-17 23:42:02,088] {dagbag.py:448} INFO - Filling up the DagBag from /home/airflow/.local/lib/python3.6/site-packages/airflow/example_dags/example_trigger_target_dag.py
[2021-02-17 23:42:02,220] {scheduler_job.py:639} INFO - DAG(s) dict_keys(['example_trigger_target_dag']) retrieved from /home/airflow/.local/lib/python3.6/site-packages/airflow/example_dags/example_trigger_target_dag.py
[2021-02-17 23:42:02,788] {logging_mixin.py:104} INFO - [2021-02-17 23:42:02,779] {dag.py:1818} INFO - Sync 1 DAGs
[2021-02-17 23:42:03,739] {logging_mixin.py:104} INFO - [2021-02-17 23:42:03,739] {dag.py:2273} INFO - Setting next_dagrun for example_trigger_target_dag to None
[2021-02-17 23:42:03,976] {scheduler_job.py:190} INFO - Processing /home/airflow/.local/lib/python3.6/site-packages/airflow/example_dags/example_trigger_target_dag.py took 2.074 seconds
[2021-02-17 23:42:35,371] {scheduler_job.py:182} INFO - Started process (PID=106) to work on /home/airflow/.local/lib/python3.6/site-packages/airflow/example_dags/example_trigger_target_dag.py
[2021-02-17 23:42:35,377] {scheduler_job.py:629} INFO - Processing file /home/airflow/.local/lib/python3.6/site-packages/airflow/example_dags/example_trigger_target_dag.py for tasks to queue
[2021-02-17 23:42:35,382] {logging_mixin.py:104} INFO - [2021-02-17 23:42:35,382] {dagbag.py:448} INFO - Filling up the DagBag from /home/airflow/.local/lib/python3.6/site-packages/airflow/example_dags/example_trigger_target_dag.py
[2021-02-17 23:42:35,694] {scheduler_job.py:639} INFO - DAG(s) dict_keys(['example_trigger_target_dag']) retrieved from /home/airflow/.local/lib/python3.6/site-packages/airflow/example_dags/example_trigger_target_dag.py
[2021-02-17 23:42:35,875] {logging_mixin.py:104} INFO - [2021-02-17 23:42:35,869] {dag.py:1818} INFO - Sync 1 DAGs
[2021-02-17 23:42:36,065] {logging_mixin.py:104} INFO - [2021-02-17 23:42:36,065] {dag.py:2273} INFO - Setting next_dagrun for example_trigger_target_dag to None
[2021-02-17 23:42:36,175] {scheduler_job.py:190} INFO - Processing /home/airflow/.local/lib/python3.6/site-packages/airflow/example_dags/example_trigger_target_dag.py took 0.813 seconds
[2021-02-17 23:43:09,569] {scheduler_job.py:182} INFO - Started process (PID=133) to work on /home/airflow/.local/lib/python3.6/site-packages/airflow/example_dags/example_trigger_target_dag.py
[2021-02-17 23:43:09,572] {scheduler_job.py:629} INFO - Processing file /home/airflow/.local/lib/python3.6/site-packages/airflow/example_dags/example_trigger_target_dag.py for tasks to queue
[2021-02-17 23:43:09,576] {logging_mixin.py:104} INFO - [2021-02-17 23:43:09,575] {dagbag.py:448} INFO - Filling up the DagBag from /home/airflow/.local/lib/python3.6/site-packages/airflow/example_dags/example_trigger_target_dag.py
[2021-02-17 23:43:09,629] {scheduler_job.py:639} INFO - DAG(s) dict_keys(['example_trigger_target_dag']) retrieved from /home/airflow/.local/lib/python3.6/site-packages/airflow/example_dags/example_trigger_target_dag.py
[2021-02-17 23:43:09,850] {logging_mixin.py:104} INFO - [2021-02-17 23:43:09,848] {dag.py:1818} INFO - Sync 1 DAGs
[2021-02-17 23:43:09,913] {logging_mixin.py:104} INFO - [2021-02-17 23:43:09,913] {dag.py:2273} INFO - Setting next_dagrun for example_trigger_target_dag to None
[2021-02-17 23:43:10,194] {scheduler_job.py:190} INFO - Processing /home/airflow/.local/lib/python3.6/site-packages/airflow/example_dags/example_trigger_target_dag.py took 0.631 seconds
[2021-02-17 23:47:46,172] {scheduler_job.py:182} INFO - Started process (PID=42) to work on /home/airflow/.local/lib/python3.6/site-packages/airflow/example_dags/example_trigger_target_dag.py
[2021-02-17 23:47:46,190] {scheduler_job.py:629} INFO - Processing file /home/airflow/.local/lib/python3.6/site-packages/airflow/example_dags/example_trigger_target_dag.py for tasks to queue
[2021-02-17 23:47:46,195] {logging_mixin.py:104} INFO - [2021-02-17 23:47:46,194] {dagbag.py:448} INFO - Filling up the DagBag from /home/airflow/.local/lib/python3.6/site-packages/airflow/example_dags/example_trigger_target_dag.py
[2021-02-17 23:47:46,272] {scheduler_job.py:639} INFO - DAG(s) dict_keys(['example_trigger_target_dag']) retrieved from /home/airflow/.local/lib/python3.6/site-packages/airflow/example_dags/example_trigger_target_dag.py
[2021-02-17 23:47:46,445] {logging_mixin.py:104} INFO - [2021-02-17 23:47:46,430] {dag.py:1818} INFO - Sync 1 DAGs
[2021-02-17 23:47:46,515] {logging_mixin.py:104} INFO - [2021-02-17 23:47:46,514] {dag.py:2273} INFO - Setting next_dagrun for example_trigger_target_dag to None
[2021-02-17 23:47:46,644] {scheduler_job.py:190} INFO - Processing /home/airflow/.local/lib/python3.6/site-packages/airflow/example_dags/example_trigger_target_dag.py took 0.502 seconds
[2021-02-17 23:48:18,318] {scheduler_job.py:182} INFO - Started process (PID=70) to work on /home/airflow/.local/lib/python3.6/site-packages/airflow/example_dags/example_trigger_target_dag.py
[2021-02-17 23:48:18,323] {scheduler_job.py:629} INFO - Processing file /home/airflow/.local/lib/python3.6/site-packages/airflow/example_dags/example_trigger_target_dag.py for tasks to queue
[2021-02-17 23:48:18,330] {logging_mixin.py:104} INFO - [2021-02-17 23:48:18,329] {dagbag.py:448} INFO - Filling up the DagBag from /home/airflow/.local/lib/python3.6/site-packages/airflow/example_dags/example_trigger_target_dag.py
[2021-02-17 23:48:18,462] {scheduler_job.py:639} INFO - DAG(s) dict_keys(['example_trigger_target_dag']) retrieved from /home/airflow/.local/lib/python3.6/site-packages/airflow/example_dags/example_trigger_target_dag.py
[2021-02-17 23:48:18,557] {logging_mixin.py:104} INFO - [2021-02-17 23:48:18,557] {dag.py:1818} INFO - Sync 1 DAGs
[2021-02-17 23:48:18,675] {logging_mixin.py:104} INFO - [2021-02-17 23:48:18,675] {dag.py:2273} INFO - Setting next_dagrun for example_trigger_target_dag to None
[2021-02-17 23:48:18,719] {scheduler_job.py:190} INFO - Processing /home/airflow/.local/lib/python3.6/site-packages/airflow/example_dags/example_trigger_target_dag.py took 0.416 seconds
[2021-02-17 23:48:48,951] {scheduler_job.py:182} INFO - Started process (PID=97) to work on /home/airflow/.local/lib/python3.6/site-packages/airflow/example_dags/example_trigger_target_dag.py
[2021-02-17 23:48:48,956] {scheduler_job.py:629} INFO - Processing file /home/airflow/.local/lib/python3.6/site-packages/airflow/example_dags/example_trigger_target_dag.py for tasks to queue
[2021-02-17 23:48:48,958] {logging_mixin.py:104} INFO - [2021-02-17 23:48:48,958] {dagbag.py:448} INFO - Filling up the DagBag from /home/airflow/.local/lib/python3.6/site-packages/airflow/example_dags/example_trigger_target_dag.py
[2021-02-17 23:48:48,981] {scheduler_job.py:639} INFO - DAG(s) dict_keys(['example_trigger_target_dag']) retrieved from /home/airflow/.local/lib/python3.6/site-packages/airflow/example_dags/example_trigger_target_dag.py
[2021-02-17 23:48:49,014] {logging_mixin.py:104} INFO - [2021-02-17 23:48:49,014] {dag.py:1818} INFO - Sync 1 DAGs
[2021-02-17 23:48:49,038] {logging_mixin.py:104} INFO - [2021-02-17 23:48:49,038] {dag.py:2273} INFO - Setting next_dagrun for example_trigger_target_dag to None
[2021-02-17 23:48:49,055] {scheduler_job.py:190} INFO - Processing /home/airflow/.local/lib/python3.6/site-packages/airflow/example_dags/example_trigger_target_dag.py took 0.110 seconds
[2021-02-17 23:49:24,189] {scheduler_job.py:182} INFO - Started process (PID=123) to work on /home/airflow/.local/lib/python3.6/site-packages/airflow/example_dags/example_trigger_target_dag.py
[2021-02-17 23:49:24,194] {scheduler_job.py:629} INFO - Processing file /home/airflow/.local/lib/python3.6/site-packages/airflow/example_dags/example_trigger_target_dag.py for tasks to queue
[2021-02-17 23:49:24,198] {logging_mixin.py:104} INFO - [2021-02-17 23:49:24,197] {dagbag.py:448} INFO - Filling up the DagBag from /home/airflow/.local/lib/python3.6/site-packages/airflow/example_dags/example_trigger_target_dag.py
[2021-02-17 23:49:24,228] {scheduler_job.py:639} INFO - DAG(s) dict_keys(['example_trigger_target_dag']) retrieved from /home/airflow/.local/lib/python3.6/site-packages/airflow/example_dags/example_trigger_target_dag.py
[2021-02-17 23:49:24,298] {logging_mixin.py:104} INFO - [2021-02-17 23:49:24,298] {dag.py:1818} INFO - Sync 1 DAGs
[2021-02-17 23:49:24,359] {logging_mixin.py:104} INFO - [2021-02-17 23:49:24,359] {dag.py:2273} INFO - Setting next_dagrun for example_trigger_target_dag to None
[2021-02-17 23:49:24,387] {scheduler_job.py:190} INFO - Processing /home/airflow/.local/lib/python3.6/site-packages/airflow/example_dags/example_trigger_target_dag.py took 0.207 seconds
[2021-02-17 23:50:02,963] {scheduler_job.py:182} INFO - Started process (PID=150) to work on /home/airflow/.local/lib/python3.6/site-packages/airflow/example_dags/example_trigger_target_dag.py
[2021-02-17 23:50:02,966] {scheduler_job.py:629} INFO - Processing file /home/airflow/.local/lib/python3.6/site-packages/airflow/example_dags/example_trigger_target_dag.py for tasks to queue
[2021-02-17 23:50:02,969] {logging_mixin.py:104} INFO - [2021-02-17 23:50:02,969] {dagbag.py:448} INFO - Filling up the DagBag from /home/airflow/.local/lib/python3.6/site-packages/airflow/example_dags/example_trigger_target_dag.py
[2021-02-17 23:50:02,990] {scheduler_job.py:639} INFO - DAG(s) dict_keys(['example_trigger_target_dag']) retrieved from /home/airflow/.local/lib/python3.6/site-packages/airflow/example_dags/example_trigger_target_dag.py
[2021-02-17 23:50:03,040] {logging_mixin.py:104} INFO - [2021-02-17 23:50:03,040] {dag.py:1818} INFO - Sync 1 DAGs
[2021-02-17 23:50:03,059] {logging_mixin.py:104} INFO - [2021-02-17 23:50:03,059] {dag.py:2273} INFO - Setting next_dagrun for example_trigger_target_dag to None
[2021-02-17 23:50:03,070] {scheduler_job.py:190} INFO - Processing /home/airflow/.local/lib/python3.6/site-packages/airflow/example_dags/example_trigger_target_dag.py took 0.122 seconds
[2021-02-17 23:50:44,944] {scheduler_job.py:182} INFO - Started process (PID=177) to work on /home/airflow/.local/lib/python3.6/site-packages/airflow/example_dags/example_trigger_target_dag.py
[2021-02-17 23:50:44,947] {scheduler_job.py:629} INFO - Processing file /home/airflow/.local/lib/python3.6/site-packages/airflow/example_dags/example_trigger_target_dag.py for tasks to queue
[2021-02-17 23:50:44,950] {logging_mixin.py:104} INFO - [2021-02-17 23:50:44,949] {dagbag.py:448} INFO - Filling up the DagBag from /home/airflow/.local/lib/python3.6/site-packages/airflow/example_dags/example_trigger_target_dag.py
[2021-02-17 23:50:44,987] {scheduler_job.py:639} INFO - DAG(s) dict_keys(['example_trigger_target_dag']) retrieved from /home/airflow/.local/lib/python3.6/site-packages/airflow/example_dags/example_trigger_target_dag.py
[2021-02-17 23:50:45,037] {logging_mixin.py:104} INFO - [2021-02-17 23:50:45,037] {dag.py:1818} INFO - Sync 1 DAGs
[2021-02-17 23:50:45,058] {logging_mixin.py:104} INFO - [2021-02-17 23:50:45,058] {dag.py:2273} INFO - Setting next_dagrun for example_trigger_target_dag to None
[2021-02-17 23:50:45,071] {scheduler_job.py:190} INFO - Processing /home/airflow/.local/lib/python3.6/site-packages/airflow/example_dags/example_trigger_target_dag.py took 0.131 seconds
[2021-02-17 23:51:35,232] {scheduler_job.py:182} INFO - Started process (PID=24) to work on /home/airflow/.local/lib/python3.6/site-packages/airflow/example_dags/example_trigger_target_dag.py
[2021-02-17 23:51:35,249] {scheduler_job.py:629} INFO - Processing file /home/airflow/.local/lib/python3.6/site-packages/airflow/example_dags/example_trigger_target_dag.py for tasks to queue
[2021-02-17 23:51:35,251] {logging_mixin.py:104} INFO - [2021-02-17 23:51:35,251] {dagbag.py:448} INFO - Filling up the DagBag from /home/airflow/.local/lib/python3.6/site-packages/airflow/example_dags/example_trigger_target_dag.py
[2021-02-17 23:51:35,345] {scheduler_job.py:639} INFO - DAG(s) dict_keys(['example_trigger_target_dag']) retrieved from /home/airflow/.local/lib/python3.6/site-packages/airflow/example_dags/example_trigger_target_dag.py
[2021-02-17 23:51:35,470] {logging_mixin.py:104} INFO - [2021-02-17 23:51:35,469] {dag.py:1818} INFO - Sync 1 DAGs
[2021-02-17 23:51:35,579] {logging_mixin.py:104} INFO - [2021-02-17 23:51:35,578] {dag.py:2273} INFO - Setting next_dagrun for example_trigger_target_dag to None
[2021-02-17 23:51:35,657] {scheduler_job.py:190} INFO - Processing /home/airflow/.local/lib/python3.6/site-packages/airflow/example_dags/example_trigger_target_dag.py took 0.450 seconds
[2021-02-17 23:52:08,408] {scheduler_job.py:182} INFO - Started process (PID=51) to work on /home/airflow/.local/lib/python3.6/site-packages/airflow/example_dags/example_trigger_target_dag.py
[2021-02-17 23:52:08,419] {scheduler_job.py:629} INFO - Processing file /home/airflow/.local/lib/python3.6/site-packages/airflow/example_dags/example_trigger_target_dag.py for tasks to queue
[2021-02-17 23:52:08,422] {logging_mixin.py:104} INFO - [2021-02-17 23:52:08,421] {dagbag.py:448} INFO - Filling up the DagBag from /home/airflow/.local/lib/python3.6/site-packages/airflow/example_dags/example_trigger_target_dag.py
[2021-02-17 23:52:08,531] {scheduler_job.py:639} INFO - DAG(s) dict_keys(['example_trigger_target_dag']) retrieved from /home/airflow/.local/lib/python3.6/site-packages/airflow/example_dags/example_trigger_target_dag.py
[2021-02-17 23:52:08,835] {logging_mixin.py:104} INFO - [2021-02-17 23:52:08,834] {dag.py:1818} INFO - Sync 1 DAGs
[2021-02-17 23:52:08,945] {logging_mixin.py:104} INFO - [2021-02-17 23:52:08,945] {dag.py:2273} INFO - Setting next_dagrun for example_trigger_target_dag to None
[2021-02-17 23:52:08,988] {scheduler_job.py:190} INFO - Processing /home/airflow/.local/lib/python3.6/site-packages/airflow/example_dags/example_trigger_target_dag.py took 0.591 seconds
[2021-02-17 23:52:43,614] {scheduler_job.py:182} INFO - Started process (PID=81) to work on /home/airflow/.local/lib/python3.6/site-packages/airflow/example_dags/example_trigger_target_dag.py
[2021-02-17 23:52:43,619] {scheduler_job.py:629} INFO - Processing file /home/airflow/.local/lib/python3.6/site-packages/airflow/example_dags/example_trigger_target_dag.py for tasks to queue
[2021-02-17 23:52:43,621] {logging_mixin.py:104} INFO - [2021-02-17 23:52:43,621] {dagbag.py:448} INFO - Filling up the DagBag from /home/airflow/.local/lib/python3.6/site-packages/airflow/example_dags/example_trigger_target_dag.py
[2021-02-17 23:52:43,653] {scheduler_job.py:639} INFO - DAG(s) dict_keys(['example_trigger_target_dag']) retrieved from /home/airflow/.local/lib/python3.6/site-packages/airflow/example_dags/example_trigger_target_dag.py
[2021-02-17 23:52:43,759] {logging_mixin.py:104} INFO - [2021-02-17 23:52:43,758] {dag.py:1818} INFO - Sync 1 DAGs
[2021-02-17 23:52:43,815] {logging_mixin.py:104} INFO - [2021-02-17 23:52:43,815] {dag.py:2273} INFO - Setting next_dagrun for example_trigger_target_dag to None
[2021-02-17 23:52:43,848] {scheduler_job.py:190} INFO - Processing /home/airflow/.local/lib/python3.6/site-packages/airflow/example_dags/example_trigger_target_dag.py took 0.244 seconds
[2021-02-17 23:53:17,438] {scheduler_job.py:182} INFO - Started process (PID=107) to work on /home/airflow/.local/lib/python3.6/site-packages/airflow/example_dags/example_trigger_target_dag.py
[2021-02-17 23:53:17,445] {scheduler_job.py:629} INFO - Processing file /home/airflow/.local/lib/python3.6/site-packages/airflow/example_dags/example_trigger_target_dag.py for tasks to queue
[2021-02-17 23:53:17,448] {logging_mixin.py:104} INFO - [2021-02-17 23:53:17,448] {dagbag.py:448} INFO - Filling up the DagBag from /home/airflow/.local/lib/python3.6/site-packages/airflow/example_dags/example_trigger_target_dag.py
[2021-02-17 23:53:17,473] {scheduler_job.py:639} INFO - DAG(s) dict_keys(['example_trigger_target_dag']) retrieved from /home/airflow/.local/lib/python3.6/site-packages/airflow/example_dags/example_trigger_target_dag.py
[2021-02-17 23:53:17,507] {logging_mixin.py:104} INFO - [2021-02-17 23:53:17,506] {dag.py:1818} INFO - Sync 1 DAGs
[2021-02-17 23:53:17,526] {logging_mixin.py:104} INFO - [2021-02-17 23:53:17,526] {dag.py:2273} INFO - Setting next_dagrun for example_trigger_target_dag to None
[2021-02-17 23:53:17,541] {scheduler_job.py:190} INFO - Processing /home/airflow/.local/lib/python3.6/site-packages/airflow/example_dags/example_trigger_target_dag.py took 0.143 seconds
[2021-02-17 23:55:44,034] {scheduler_job.py:182} INFO - Started process (PID=32) to work on /home/airflow/.local/lib/python3.6/site-packages/airflow/example_dags/example_trigger_target_dag.py
[2021-02-17 23:55:44,042] {scheduler_job.py:629} INFO - Processing file /home/airflow/.local/lib/python3.6/site-packages/airflow/example_dags/example_trigger_target_dag.py for tasks to queue
[2021-02-17 23:55:44,052] {logging_mixin.py:104} INFO - [2021-02-17 23:55:44,050] {dagbag.py:448} INFO - Filling up the DagBag from /home/airflow/.local/lib/python3.6/site-packages/airflow/example_dags/example_trigger_target_dag.py
[2021-02-17 23:55:44,316] {scheduler_job.py:639} INFO - DAG(s) dict_keys(['example_trigger_target_dag']) retrieved from /home/airflow/.local/lib/python3.6/site-packages/airflow/example_dags/example_trigger_target_dag.py
[2021-02-17 23:55:44,564] {logging_mixin.py:104} INFO - [2021-02-17 23:55:44,564] {dag.py:1818} INFO - Sync 1 DAGs
[2021-02-17 23:55:44,651] {logging_mixin.py:104} INFO - [2021-02-17 23:55:44,651] {dag.py:2273} INFO - Setting next_dagrun for example_trigger_target_dag to None
[2021-02-17 23:55:44,730] {scheduler_job.py:190} INFO - Processing /home/airflow/.local/lib/python3.6/site-packages/airflow/example_dags/example_trigger_target_dag.py took 0.710 seconds
[2021-02-17 23:56:15,753] {scheduler_job.py:182} INFO - Started process (PID=59) to work on /home/airflow/.local/lib/python3.6/site-packages/airflow/example_dags/example_trigger_target_dag.py
[2021-02-17 23:56:15,763] {scheduler_job.py:629} INFO - Processing file /home/airflow/.local/lib/python3.6/site-packages/airflow/example_dags/example_trigger_target_dag.py for tasks to queue
[2021-02-17 23:56:15,769] {logging_mixin.py:104} INFO - [2021-02-17 23:56:15,769] {dagbag.py:448} INFO - Filling up the DagBag from /home/airflow/.local/lib/python3.6/site-packages/airflow/example_dags/example_trigger_target_dag.py
[2021-02-17 23:56:15,995] {scheduler_job.py:639} INFO - DAG(s) dict_keys(['example_trigger_target_dag']) retrieved from /home/airflow/.local/lib/python3.6/site-packages/airflow/example_dags/example_trigger_target_dag.py
[2021-02-17 23:56:16,129] {logging_mixin.py:104} INFO - [2021-02-17 23:56:16,128] {dag.py:1818} INFO - Sync 1 DAGs
[2021-02-17 23:56:16,280] {logging_mixin.py:104} INFO - [2021-02-17 23:56:16,280] {dag.py:2273} INFO - Setting next_dagrun for example_trigger_target_dag to None
[2021-02-17 23:56:16,359] {scheduler_job.py:190} INFO - Processing /home/airflow/.local/lib/python3.6/site-packages/airflow/example_dags/example_trigger_target_dag.py took 0.643 seconds
[2021-02-17 23:56:46,978] {scheduler_job.py:182} INFO - Started process (PID=85) to work on /home/airflow/.local/lib/python3.6/site-packages/airflow/example_dags/example_trigger_target_dag.py
[2021-02-17 23:56:46,991] {scheduler_job.py:629} INFO - Processing file /home/airflow/.local/lib/python3.6/site-packages/airflow/example_dags/example_trigger_target_dag.py for tasks to queue
[2021-02-17 23:56:47,011] {logging_mixin.py:104} INFO - [2021-02-17 23:56:47,011] {dagbag.py:448} INFO - Filling up the DagBag from /home/airflow/.local/lib/python3.6/site-packages/airflow/example_dags/example_trigger_target_dag.py
[2021-02-17 23:56:47,114] {scheduler_job.py:639} INFO - DAG(s) dict_keys(['example_trigger_target_dag']) retrieved from /home/airflow/.local/lib/python3.6/site-packages/airflow/example_dags/example_trigger_target_dag.py
[2021-02-17 23:56:47,352] {logging_mixin.py:104} INFO - [2021-02-17 23:56:47,345] {dag.py:1818} INFO - Sync 1 DAGs
[2021-02-17 23:56:47,687] {logging_mixin.py:104} INFO - [2021-02-17 23:56:47,687] {dag.py:2273} INFO - Setting next_dagrun for example_trigger_target_dag to None
[2021-02-17 23:56:47,773] {scheduler_job.py:190} INFO - Processing /home/airflow/.local/lib/python3.6/site-packages/airflow/example_dags/example_trigger_target_dag.py took 0.808 seconds
[2021-02-17 23:57:34,039] {scheduler_job.py:182} INFO - Started process (PID=114) to work on /home/airflow/.local/lib/python3.6/site-packages/airflow/example_dags/example_trigger_target_dag.py
[2021-02-17 23:57:34,071] {scheduler_job.py:629} INFO - Processing file /home/airflow/.local/lib/python3.6/site-packages/airflow/example_dags/example_trigger_target_dag.py for tasks to queue
[2021-02-17 23:57:34,079] {logging_mixin.py:104} INFO - [2021-02-17 23:57:34,079] {dagbag.py:448} INFO - Filling up the DagBag from /home/airflow/.local/lib/python3.6/site-packages/airflow/example_dags/example_trigger_target_dag.py
[2021-02-17 23:57:34,139] {scheduler_job.py:639} INFO - DAG(s) dict_keys(['example_trigger_target_dag']) retrieved from /home/airflow/.local/lib/python3.6/site-packages/airflow/example_dags/example_trigger_target_dag.py
[2021-02-17 23:57:34,184] {logging_mixin.py:104} INFO - [2021-02-17 23:57:34,183] {dag.py:1818} INFO - Sync 1 DAGs
[2021-02-17 23:57:34,201] {logging_mixin.py:104} INFO - [2021-02-17 23:57:34,201] {dag.py:2273} INFO - Setting next_dagrun for example_trigger_target_dag to None
[2021-02-17 23:57:34,244] {scheduler_job.py:190} INFO - Processing /home/airflow/.local/lib/python3.6/site-packages/airflow/example_dags/example_trigger_target_dag.py took 0.235 seconds
[2021-02-17 23:58:04,749] {scheduler_job.py:182} INFO - Started process (PID=140) to work on /home/airflow/.local/lib/python3.6/site-packages/airflow/example_dags/example_trigger_target_dag.py
[2021-02-17 23:58:04,766] {scheduler_job.py:629} INFO - Processing file /home/airflow/.local/lib/python3.6/site-packages/airflow/example_dags/example_trigger_target_dag.py for tasks to queue
[2021-02-17 23:58:04,768] {logging_mixin.py:104} INFO - [2021-02-17 23:58:04,768] {dagbag.py:448} INFO - Filling up the DagBag from /home/airflow/.local/lib/python3.6/site-packages/airflow/example_dags/example_trigger_target_dag.py
[2021-02-17 23:58:04,911] {scheduler_job.py:639} INFO - DAG(s) dict_keys(['example_trigger_target_dag']) retrieved from /home/airflow/.local/lib/python3.6/site-packages/airflow/example_dags/example_trigger_target_dag.py
[2021-02-17 23:58:05,076] {logging_mixin.py:104} INFO - [2021-02-17 23:58:05,075] {dag.py:1818} INFO - Sync 1 DAGs
[2021-02-17 23:58:05,252] {logging_mixin.py:104} INFO - [2021-02-17 23:58:05,251] {dag.py:2273} INFO - Setting next_dagrun for example_trigger_target_dag to None
[2021-02-17 23:58:05,290] {scheduler_job.py:190} INFO - Processing /home/airflow/.local/lib/python3.6/site-packages/airflow/example_dags/example_trigger_target_dag.py took 0.576 seconds
