[2021-02-17 23:39:05,783] {scheduler_job.py:182} INFO - Started process (PID=168) to work on /home/airflow/.local/lib/python3.6/site-packages/airflow/example_dags/example_task_group.py
[2021-02-17 23:39:05,794] {scheduler_job.py:629} INFO - Processing file /home/airflow/.local/lib/python3.6/site-packages/airflow/example_dags/example_task_group.py for tasks to queue
[2021-02-17 23:39:05,809] {logging_mixin.py:104} INFO - [2021-02-17 23:39:05,809] {dagbag.py:448} INFO - Filling up the DagBag from /home/airflow/.local/lib/python3.6/site-packages/airflow/example_dags/example_task_group.py
[2021-02-17 23:39:06,142] {scheduler_job.py:639} INFO - DAG(s) dict_keys(['example_task_group']) retrieved from /home/airflow/.local/lib/python3.6/site-packages/airflow/example_dags/example_task_group.py
[2021-02-17 23:39:07,873] {logging_mixin.py:104} INFO - [2021-02-17 23:39:07,865] {dag.py:1818} INFO - Sync 1 DAGs
[2021-02-17 23:39:08,716] {logging_mixin.py:104} INFO - [2021-02-17 23:39:08,705] {dag.py:2273} INFO - Setting next_dagrun for example_task_group to 2021-02-15 00:00:00+00:00
[2021-02-17 23:39:08,866] {scheduler_job.py:190} INFO - Processing /home/airflow/.local/lib/python3.6/site-packages/airflow/example_dags/example_task_group.py took 3.093 seconds
[2021-02-17 23:40:32,532] {scheduler_job.py:182} INFO - Started process (PID=37) to work on /home/airflow/.local/lib/python3.6/site-packages/airflow/example_dags/example_task_group.py
[2021-02-17 23:40:32,542] {scheduler_job.py:629} INFO - Processing file /home/airflow/.local/lib/python3.6/site-packages/airflow/example_dags/example_task_group.py for tasks to queue
[2021-02-17 23:40:32,558] {logging_mixin.py:104} INFO - [2021-02-17 23:40:32,558] {dagbag.py:448} INFO - Filling up the DagBag from /home/airflow/.local/lib/python3.6/site-packages/airflow/example_dags/example_task_group.py
[2021-02-17 23:40:32,624] {scheduler_job.py:639} INFO - DAG(s) dict_keys(['example_task_group']) retrieved from /home/airflow/.local/lib/python3.6/site-packages/airflow/example_dags/example_task_group.py
[2021-02-17 23:40:32,685] {logging_mixin.py:104} INFO - [2021-02-17 23:40:32,685] {dag.py:1818} INFO - Sync 1 DAGs
[2021-02-17 23:40:32,754] {logging_mixin.py:104} INFO - [2021-02-17 23:40:32,754] {dag.py:2273} INFO - Setting next_dagrun for example_task_group to 2021-02-15 00:00:00+00:00
[2021-02-17 23:40:32,782] {scheduler_job.py:190} INFO - Processing /home/airflow/.local/lib/python3.6/site-packages/airflow/example_dags/example_task_group.py took 0.277 seconds
[2021-02-17 23:41:47,573] {scheduler_job.py:182} INFO - Started process (PID=63) to work on /home/airflow/.local/lib/python3.6/site-packages/airflow/example_dags/example_task_group.py
[2021-02-17 23:41:47,626] {scheduler_job.py:629} INFO - Processing file /home/airflow/.local/lib/python3.6/site-packages/airflow/example_dags/example_task_group.py for tasks to queue
[2021-02-17 23:41:47,788] {logging_mixin.py:104} INFO - [2021-02-17 23:41:47,785] {dagbag.py:448} INFO - Filling up the DagBag from /home/airflow/.local/lib/python3.6/site-packages/airflow/example_dags/example_task_group.py
[2021-02-17 23:41:48,269] {scheduler_job.py:639} INFO - DAG(s) dict_keys(['example_task_group']) retrieved from /home/airflow/.local/lib/python3.6/site-packages/airflow/example_dags/example_task_group.py
[2021-02-17 23:41:48,462] {logging_mixin.py:104} INFO - [2021-02-17 23:41:48,462] {dag.py:1818} INFO - Sync 1 DAGs
[2021-02-17 23:41:48,584] {logging_mixin.py:104} INFO - [2021-02-17 23:41:48,584] {dag.py:2273} INFO - Setting next_dagrun for example_task_group to 2021-02-15 00:00:00+00:00
[2021-02-17 23:41:48,773] {scheduler_job.py:190} INFO - Processing /home/airflow/.local/lib/python3.6/site-packages/airflow/example_dags/example_task_group.py took 1.834 seconds
[2021-02-17 23:42:19,200] {scheduler_job.py:182} INFO - Started process (PID=89) to work on /home/airflow/.local/lib/python3.6/site-packages/airflow/example_dags/example_task_group.py
[2021-02-17 23:42:19,217] {scheduler_job.py:629} INFO - Processing file /home/airflow/.local/lib/python3.6/site-packages/airflow/example_dags/example_task_group.py for tasks to queue
[2021-02-17 23:42:19,249] {logging_mixin.py:104} INFO - [2021-02-17 23:42:19,230] {dagbag.py:448} INFO - Filling up the DagBag from /home/airflow/.local/lib/python3.6/site-packages/airflow/example_dags/example_task_group.py
[2021-02-17 23:42:19,894] {scheduler_job.py:639} INFO - DAG(s) dict_keys(['example_task_group']) retrieved from /home/airflow/.local/lib/python3.6/site-packages/airflow/example_dags/example_task_group.py
[2021-02-17 23:42:20,378] {logging_mixin.py:104} INFO - [2021-02-17 23:42:20,378] {dag.py:1818} INFO - Sync 1 DAGs
[2021-02-17 23:42:20,971] {logging_mixin.py:104} INFO - [2021-02-17 23:42:20,970] {dag.py:2273} INFO - Setting next_dagrun for example_task_group to 2021-02-15 00:00:00+00:00
[2021-02-17 23:42:21,121] {scheduler_job.py:190} INFO - Processing /home/airflow/.local/lib/python3.6/site-packages/airflow/example_dags/example_task_group.py took 1.976 seconds
[2021-02-17 23:43:06,047] {scheduler_job.py:182} INFO - Started process (PID=119) to work on /home/airflow/.local/lib/python3.6/site-packages/airflow/example_dags/example_task_group.py
[2021-02-17 23:43:06,049] {scheduler_job.py:629} INFO - Processing file /home/airflow/.local/lib/python3.6/site-packages/airflow/example_dags/example_task_group.py for tasks to queue
[2021-02-17 23:43:06,060] {logging_mixin.py:104} INFO - [2021-02-17 23:43:06,060] {dagbag.py:448} INFO - Filling up the DagBag from /home/airflow/.local/lib/python3.6/site-packages/airflow/example_dags/example_task_group.py
[2021-02-17 23:43:06,152] {scheduler_job.py:639} INFO - DAG(s) dict_keys(['example_task_group']) retrieved from /home/airflow/.local/lib/python3.6/site-packages/airflow/example_dags/example_task_group.py
[2021-02-17 23:43:06,223] {logging_mixin.py:104} INFO - [2021-02-17 23:43:06,223] {dag.py:1818} INFO - Sync 1 DAGs
[2021-02-17 23:43:06,387] {logging_mixin.py:104} INFO - [2021-02-17 23:43:06,387] {dag.py:2273} INFO - Setting next_dagrun for example_task_group to 2021-02-15 00:00:00+00:00
[2021-02-17 23:43:06,419] {scheduler_job.py:190} INFO - Processing /home/airflow/.local/lib/python3.6/site-packages/airflow/example_dags/example_task_group.py took 0.384 seconds
[2021-02-17 23:47:46,794] {scheduler_job.py:182} INFO - Started process (PID=44) to work on /home/airflow/.local/lib/python3.6/site-packages/airflow/example_dags/example_task_group.py
[2021-02-17 23:47:46,805] {scheduler_job.py:629} INFO - Processing file /home/airflow/.local/lib/python3.6/site-packages/airflow/example_dags/example_task_group.py for tasks to queue
[2021-02-17 23:47:46,841] {logging_mixin.py:104} INFO - [2021-02-17 23:47:46,836] {dagbag.py:448} INFO - Filling up the DagBag from /home/airflow/.local/lib/python3.6/site-packages/airflow/example_dags/example_task_group.py
[2021-02-17 23:47:46,917] {scheduler_job.py:639} INFO - DAG(s) dict_keys(['example_task_group']) retrieved from /home/airflow/.local/lib/python3.6/site-packages/airflow/example_dags/example_task_group.py
[2021-02-17 23:47:47,080] {logging_mixin.py:104} INFO - [2021-02-17 23:47:47,080] {dag.py:1818} INFO - Sync 1 DAGs
[2021-02-17 23:47:47,272] {logging_mixin.py:104} INFO - [2021-02-17 23:47:47,272] {dag.py:2273} INFO - Setting next_dagrun for example_task_group to 2021-02-15 00:00:00+00:00
[2021-02-17 23:47:47,449] {scheduler_job.py:190} INFO - Processing /home/airflow/.local/lib/python3.6/site-packages/airflow/example_dags/example_task_group.py took 0.692 seconds
[2021-02-17 23:48:18,026] {scheduler_job.py:182} INFO - Started process (PID=69) to work on /home/airflow/.local/lib/python3.6/site-packages/airflow/example_dags/example_task_group.py
[2021-02-17 23:48:18,033] {scheduler_job.py:629} INFO - Processing file /home/airflow/.local/lib/python3.6/site-packages/airflow/example_dags/example_task_group.py for tasks to queue
[2021-02-17 23:48:18,039] {logging_mixin.py:104} INFO - [2021-02-17 23:48:18,038] {dagbag.py:448} INFO - Filling up the DagBag from /home/airflow/.local/lib/python3.6/site-packages/airflow/example_dags/example_task_group.py
[2021-02-17 23:48:18,098] {scheduler_job.py:639} INFO - DAG(s) dict_keys(['example_task_group']) retrieved from /home/airflow/.local/lib/python3.6/site-packages/airflow/example_dags/example_task_group.py
[2021-02-17 23:48:18,186] {logging_mixin.py:104} INFO - [2021-02-17 23:48:18,185] {dag.py:1818} INFO - Sync 1 DAGs
[2021-02-17 23:48:18,486] {logging_mixin.py:104} INFO - [2021-02-17 23:48:18,480] {dag.py:2273} INFO - Setting next_dagrun for example_task_group to 2021-02-15 00:00:00+00:00
[2021-02-17 23:48:18,527] {scheduler_job.py:190} INFO - Processing /home/airflow/.local/lib/python3.6/site-packages/airflow/example_dags/example_task_group.py took 0.515 seconds
[2021-02-17 23:48:48,866] {scheduler_job.py:182} INFO - Started process (PID=96) to work on /home/airflow/.local/lib/python3.6/site-packages/airflow/example_dags/example_task_group.py
[2021-02-17 23:48:48,868] {scheduler_job.py:629} INFO - Processing file /home/airflow/.local/lib/python3.6/site-packages/airflow/example_dags/example_task_group.py for tasks to queue
[2021-02-17 23:48:48,872] {logging_mixin.py:104} INFO - [2021-02-17 23:48:48,872] {dagbag.py:448} INFO - Filling up the DagBag from /home/airflow/.local/lib/python3.6/site-packages/airflow/example_dags/example_task_group.py
[2021-02-17 23:48:48,902] {scheduler_job.py:639} INFO - DAG(s) dict_keys(['example_task_group']) retrieved from /home/airflow/.local/lib/python3.6/site-packages/airflow/example_dags/example_task_group.py
[2021-02-17 23:48:48,995] {logging_mixin.py:104} INFO - [2021-02-17 23:48:48,994] {dag.py:1818} INFO - Sync 1 DAGs
[2021-02-17 23:48:49,051] {logging_mixin.py:104} INFO - [2021-02-17 23:48:49,051] {dag.py:2273} INFO - Setting next_dagrun for example_task_group to 2021-02-15 00:00:00+00:00
[2021-02-17 23:48:49,095] {scheduler_job.py:190} INFO - Processing /home/airflow/.local/lib/python3.6/site-packages/airflow/example_dags/example_task_group.py took 0.244 seconds
[2021-02-17 23:49:24,456] {scheduler_job.py:182} INFO - Started process (PID=125) to work on /home/airflow/.local/lib/python3.6/site-packages/airflow/example_dags/example_task_group.py
[2021-02-17 23:49:24,460] {scheduler_job.py:629} INFO - Processing file /home/airflow/.local/lib/python3.6/site-packages/airflow/example_dags/example_task_group.py for tasks to queue
[2021-02-17 23:49:24,462] {logging_mixin.py:104} INFO - [2021-02-17 23:49:24,462] {dagbag.py:448} INFO - Filling up the DagBag from /home/airflow/.local/lib/python3.6/site-packages/airflow/example_dags/example_task_group.py
[2021-02-17 23:49:24,510] {scheduler_job.py:639} INFO - DAG(s) dict_keys(['example_task_group']) retrieved from /home/airflow/.local/lib/python3.6/site-packages/airflow/example_dags/example_task_group.py
[2021-02-17 23:49:24,566] {logging_mixin.py:104} INFO - [2021-02-17 23:49:24,565] {dag.py:1818} INFO - Sync 1 DAGs
[2021-02-17 23:49:24,593] {logging_mixin.py:104} INFO - [2021-02-17 23:49:24,593] {dag.py:2273} INFO - Setting next_dagrun for example_task_group to 2021-02-15 00:00:00+00:00
[2021-02-17 23:49:24,613] {scheduler_job.py:190} INFO - Processing /home/airflow/.local/lib/python3.6/site-packages/airflow/example_dags/example_task_group.py took 0.166 seconds
[2021-02-17 23:50:03,122] {scheduler_job.py:182} INFO - Started process (PID=152) to work on /home/airflow/.local/lib/python3.6/site-packages/airflow/example_dags/example_task_group.py
[2021-02-17 23:50:03,130] {scheduler_job.py:629} INFO - Processing file /home/airflow/.local/lib/python3.6/site-packages/airflow/example_dags/example_task_group.py for tasks to queue
[2021-02-17 23:50:03,138] {logging_mixin.py:104} INFO - [2021-02-17 23:50:03,138] {dagbag.py:448} INFO - Filling up the DagBag from /home/airflow/.local/lib/python3.6/site-packages/airflow/example_dags/example_task_group.py
[2021-02-17 23:50:03,189] {scheduler_job.py:639} INFO - DAG(s) dict_keys(['example_task_group']) retrieved from /home/airflow/.local/lib/python3.6/site-packages/airflow/example_dags/example_task_group.py
[2021-02-17 23:50:03,245] {logging_mixin.py:104} INFO - [2021-02-17 23:50:03,245] {dag.py:1818} INFO - Sync 1 DAGs
[2021-02-17 23:50:03,279] {logging_mixin.py:104} INFO - [2021-02-17 23:50:03,279] {dag.py:2273} INFO - Setting next_dagrun for example_task_group to 2021-02-15 00:00:00+00:00
[2021-02-17 23:50:03,322] {scheduler_job.py:190} INFO - Processing /home/airflow/.local/lib/python3.6/site-packages/airflow/example_dags/example_task_group.py took 0.209 seconds
[2021-02-17 23:50:45,113] {scheduler_job.py:182} INFO - Started process (PID=179) to work on /home/airflow/.local/lib/python3.6/site-packages/airflow/example_dags/example_task_group.py
[2021-02-17 23:50:45,116] {scheduler_job.py:629} INFO - Processing file /home/airflow/.local/lib/python3.6/site-packages/airflow/example_dags/example_task_group.py for tasks to queue
[2021-02-17 23:50:45,125] {logging_mixin.py:104} INFO - [2021-02-17 23:50:45,125] {dagbag.py:448} INFO - Filling up the DagBag from /home/airflow/.local/lib/python3.6/site-packages/airflow/example_dags/example_task_group.py
[2021-02-17 23:50:45,150] {scheduler_job.py:639} INFO - DAG(s) dict_keys(['example_task_group']) retrieved from /home/airflow/.local/lib/python3.6/site-packages/airflow/example_dags/example_task_group.py
[2021-02-17 23:50:45,192] {logging_mixin.py:104} INFO - [2021-02-17 23:50:45,192] {dag.py:1818} INFO - Sync 1 DAGs
[2021-02-17 23:50:45,237] {logging_mixin.py:104} INFO - [2021-02-17 23:50:45,237] {dag.py:2273} INFO - Setting next_dagrun for example_task_group to 2021-02-15 00:00:00+00:00
[2021-02-17 23:50:45,279] {scheduler_job.py:190} INFO - Processing /home/airflow/.local/lib/python3.6/site-packages/airflow/example_dags/example_task_group.py took 0.172 seconds
[2021-02-17 23:51:39,237] {scheduler_job.py:182} INFO - Started process (PID=38) to work on /home/airflow/.local/lib/python3.6/site-packages/airflow/example_dags/example_task_group.py
[2021-02-17 23:51:39,251] {scheduler_job.py:629} INFO - Processing file /home/airflow/.local/lib/python3.6/site-packages/airflow/example_dags/example_task_group.py for tasks to queue
[2021-02-17 23:51:39,253] {logging_mixin.py:104} INFO - [2021-02-17 23:51:39,252] {dagbag.py:448} INFO - Filling up the DagBag from /home/airflow/.local/lib/python3.6/site-packages/airflow/example_dags/example_task_group.py
[2021-02-17 23:51:39,330] {scheduler_job.py:639} INFO - DAG(s) dict_keys(['example_task_group']) retrieved from /home/airflow/.local/lib/python3.6/site-packages/airflow/example_dags/example_task_group.py
[2021-02-17 23:51:39,477] {logging_mixin.py:104} INFO - [2021-02-17 23:51:39,477] {dag.py:1818} INFO - Sync 1 DAGs
[2021-02-17 23:51:39,536] {logging_mixin.py:104} INFO - [2021-02-17 23:51:39,536] {dag.py:2273} INFO - Setting next_dagrun for example_task_group to 2021-02-15 00:00:00+00:00
[2021-02-17 23:51:39,591] {scheduler_job.py:190} INFO - Processing /home/airflow/.local/lib/python3.6/site-packages/airflow/example_dags/example_task_group.py took 0.375 seconds
[2021-02-17 23:52:13,411] {scheduler_job.py:182} INFO - Started process (PID=65) to work on /home/airflow/.local/lib/python3.6/site-packages/airflow/example_dags/example_task_group.py
[2021-02-17 23:52:13,434] {scheduler_job.py:629} INFO - Processing file /home/airflow/.local/lib/python3.6/site-packages/airflow/example_dags/example_task_group.py for tasks to queue
[2021-02-17 23:52:13,437] {logging_mixin.py:104} INFO - [2021-02-17 23:52:13,437] {dagbag.py:448} INFO - Filling up the DagBag from /home/airflow/.local/lib/python3.6/site-packages/airflow/example_dags/example_task_group.py
[2021-02-17 23:52:13,560] {scheduler_job.py:639} INFO - DAG(s) dict_keys(['example_task_group']) retrieved from /home/airflow/.local/lib/python3.6/site-packages/airflow/example_dags/example_task_group.py
[2021-02-17 23:52:13,704] {logging_mixin.py:104} INFO - [2021-02-17 23:52:13,704] {dag.py:1818} INFO - Sync 1 DAGs
[2021-02-17 23:52:13,787] {logging_mixin.py:104} INFO - [2021-02-17 23:52:13,787] {dag.py:2273} INFO - Setting next_dagrun for example_task_group to 2021-02-15 00:00:00+00:00
[2021-02-17 23:52:13,870] {scheduler_job.py:190} INFO - Processing /home/airflow/.local/lib/python3.6/site-packages/airflow/example_dags/example_task_group.py took 0.486 seconds
[2021-02-17 23:52:45,554] {scheduler_job.py:182} INFO - Started process (PID=93) to work on /home/airflow/.local/lib/python3.6/site-packages/airflow/example_dags/example_task_group.py
[2021-02-17 23:52:45,557] {scheduler_job.py:629} INFO - Processing file /home/airflow/.local/lib/python3.6/site-packages/airflow/example_dags/example_task_group.py for tasks to queue
[2021-02-17 23:52:45,559] {logging_mixin.py:104} INFO - [2021-02-17 23:52:45,559] {dagbag.py:448} INFO - Filling up the DagBag from /home/airflow/.local/lib/python3.6/site-packages/airflow/example_dags/example_task_group.py
[2021-02-17 23:52:45,576] {scheduler_job.py:639} INFO - DAG(s) dict_keys(['example_task_group']) retrieved from /home/airflow/.local/lib/python3.6/site-packages/airflow/example_dags/example_task_group.py
[2021-02-17 23:52:45,605] {logging_mixin.py:104} INFO - [2021-02-17 23:52:45,604] {dag.py:1818} INFO - Sync 1 DAGs
[2021-02-17 23:52:45,632] {logging_mixin.py:104} INFO - [2021-02-17 23:52:45,632] {dag.py:2273} INFO - Setting next_dagrun for example_task_group to 2021-02-15 00:00:00+00:00
[2021-02-17 23:52:45,651] {scheduler_job.py:190} INFO - Processing /home/airflow/.local/lib/python3.6/site-packages/airflow/example_dags/example_task_group.py took 0.102 seconds
[2021-02-17 23:53:19,430] {scheduler_job.py:182} INFO - Started process (PID=119) to work on /home/airflow/.local/lib/python3.6/site-packages/airflow/example_dags/example_task_group.py
[2021-02-17 23:53:19,432] {scheduler_job.py:629} INFO - Processing file /home/airflow/.local/lib/python3.6/site-packages/airflow/example_dags/example_task_group.py for tasks to queue
[2021-02-17 23:53:19,435] {logging_mixin.py:104} INFO - [2021-02-17 23:53:19,434] {dagbag.py:448} INFO - Filling up the DagBag from /home/airflow/.local/lib/python3.6/site-packages/airflow/example_dags/example_task_group.py
[2021-02-17 23:53:19,459] {scheduler_job.py:639} INFO - DAG(s) dict_keys(['example_task_group']) retrieved from /home/airflow/.local/lib/python3.6/site-packages/airflow/example_dags/example_task_group.py
[2021-02-17 23:53:19,493] {logging_mixin.py:104} INFO - [2021-02-17 23:53:19,493] {dag.py:1818} INFO - Sync 1 DAGs
[2021-02-17 23:53:19,529] {logging_mixin.py:104} INFO - [2021-02-17 23:53:19,529] {dag.py:2273} INFO - Setting next_dagrun for example_task_group to 2021-02-15 00:00:00+00:00
[2021-02-17 23:53:19,571] {scheduler_job.py:190} INFO - Processing /home/airflow/.local/lib/python3.6/site-packages/airflow/example_dags/example_task_group.py took 0.148 seconds
[2021-02-17 23:55:37,187] {scheduler_job.py:182} INFO - Started process (PID=23) to work on /home/airflow/.local/lib/python3.6/site-packages/airflow/example_dags/example_task_group.py
[2021-02-17 23:55:37,195] {scheduler_job.py:629} INFO - Processing file /home/airflow/.local/lib/python3.6/site-packages/airflow/example_dags/example_task_group.py for tasks to queue
[2021-02-17 23:55:37,198] {logging_mixin.py:104} INFO - [2021-02-17 23:55:37,198] {dagbag.py:448} INFO - Filling up the DagBag from /home/airflow/.local/lib/python3.6/site-packages/airflow/example_dags/example_task_group.py
[2021-02-17 23:55:37,252] {scheduler_job.py:639} INFO - DAG(s) dict_keys(['example_task_group']) retrieved from /home/airflow/.local/lib/python3.6/site-packages/airflow/example_dags/example_task_group.py
[2021-02-17 23:55:37,323] {logging_mixin.py:104} INFO - [2021-02-17 23:55:37,322] {dag.py:1818} INFO - Sync 1 DAGs
[2021-02-17 23:55:40,032] {logging_mixin.py:104} INFO - [2021-02-17 23:55:40,017] {dag.py:2273} INFO - Setting next_dagrun for example_task_group to 2021-02-15 00:00:00+00:00
[2021-02-17 23:55:40,814] {scheduler_job.py:190} INFO - Processing /home/airflow/.local/lib/python3.6/site-packages/airflow/example_dags/example_task_group.py took 3.637 seconds
[2021-02-17 23:56:11,431] {scheduler_job.py:182} INFO - Started process (PID=51) to work on /home/airflow/.local/lib/python3.6/site-packages/airflow/example_dags/example_task_group.py
[2021-02-17 23:56:11,447] {scheduler_job.py:629} INFO - Processing file /home/airflow/.local/lib/python3.6/site-packages/airflow/example_dags/example_task_group.py for tasks to queue
[2021-02-17 23:56:11,455] {logging_mixin.py:104} INFO - [2021-02-17 23:56:11,455] {dagbag.py:448} INFO - Filling up the DagBag from /home/airflow/.local/lib/python3.6/site-packages/airflow/example_dags/example_task_group.py
[2021-02-17 23:56:11,554] {scheduler_job.py:639} INFO - DAG(s) dict_keys(['example_task_group']) retrieved from /home/airflow/.local/lib/python3.6/site-packages/airflow/example_dags/example_task_group.py
[2021-02-17 23:56:11,710] {logging_mixin.py:104} INFO - [2021-02-17 23:56:11,704] {dag.py:1818} INFO - Sync 1 DAGs
[2021-02-17 23:56:11,933] {logging_mixin.py:104} INFO - [2021-02-17 23:56:11,933] {dag.py:2273} INFO - Setting next_dagrun for example_task_group to 2021-02-15 00:00:00+00:00
[2021-02-17 23:56:11,979] {scheduler_job.py:190} INFO - Processing /home/airflow/.local/lib/python3.6/site-packages/airflow/example_dags/example_task_group.py took 0.578 seconds
[2021-02-17 23:56:42,256] {scheduler_job.py:182} INFO - Started process (PID=78) to work on /home/airflow/.local/lib/python3.6/site-packages/airflow/example_dags/example_task_group.py
[2021-02-17 23:56:42,263] {scheduler_job.py:629} INFO - Processing file /home/airflow/.local/lib/python3.6/site-packages/airflow/example_dags/example_task_group.py for tasks to queue
[2021-02-17 23:56:42,270] {logging_mixin.py:104} INFO - [2021-02-17 23:56:42,269] {dagbag.py:448} INFO - Filling up the DagBag from /home/airflow/.local/lib/python3.6/site-packages/airflow/example_dags/example_task_group.py
[2021-02-17 23:56:42,566] {scheduler_job.py:639} INFO - DAG(s) dict_keys(['example_task_group']) retrieved from /home/airflow/.local/lib/python3.6/site-packages/airflow/example_dags/example_task_group.py
[2021-02-17 23:56:42,639] {logging_mixin.py:104} INFO - [2021-02-17 23:56:42,638] {dag.py:1818} INFO - Sync 1 DAGs
[2021-02-17 23:56:42,684] {logging_mixin.py:104} INFO - [2021-02-17 23:56:42,684] {dag.py:2273} INFO - Setting next_dagrun for example_task_group to 2021-02-15 00:00:00+00:00
[2021-02-17 23:56:42,718] {scheduler_job.py:190} INFO - Processing /home/airflow/.local/lib/python3.6/site-packages/airflow/example_dags/example_task_group.py took 0.487 seconds
[2021-02-17 23:57:31,245] {scheduler_job.py:182} INFO - Started process (PID=107) to work on /home/airflow/.local/lib/python3.6/site-packages/airflow/example_dags/example_task_group.py
[2021-02-17 23:57:31,258] {scheduler_job.py:629} INFO - Processing file /home/airflow/.local/lib/python3.6/site-packages/airflow/example_dags/example_task_group.py for tasks to queue
[2021-02-17 23:57:31,263] {logging_mixin.py:104} INFO - [2021-02-17 23:57:31,263] {dagbag.py:448} INFO - Filling up the DagBag from /home/airflow/.local/lib/python3.6/site-packages/airflow/example_dags/example_task_group.py
[2021-02-17 23:57:31,438] {scheduler_job.py:639} INFO - DAG(s) dict_keys(['example_task_group']) retrieved from /home/airflow/.local/lib/python3.6/site-packages/airflow/example_dags/example_task_group.py
[2021-02-17 23:57:31,628] {logging_mixin.py:104} INFO - [2021-02-17 23:57:31,628] {dag.py:1818} INFO - Sync 1 DAGs
[2021-02-17 23:57:31,689] {logging_mixin.py:104} INFO - [2021-02-17 23:57:31,689] {dag.py:2273} INFO - Setting next_dagrun for example_task_group to 2021-02-15 00:00:00+00:00
[2021-02-17 23:57:31,740] {scheduler_job.py:190} INFO - Processing /home/airflow/.local/lib/python3.6/site-packages/airflow/example_dags/example_task_group.py took 0.533 seconds
[2021-02-17 23:58:03,288] {scheduler_job.py:182} INFO - Started process (PID=136) to work on /home/airflow/.local/lib/python3.6/site-packages/airflow/example_dags/example_task_group.py
[2021-02-17 23:58:03,298] {scheduler_job.py:629} INFO - Processing file /home/airflow/.local/lib/python3.6/site-packages/airflow/example_dags/example_task_group.py for tasks to queue
[2021-02-17 23:58:03,306] {logging_mixin.py:104} INFO - [2021-02-17 23:58:03,306] {dagbag.py:448} INFO - Filling up the DagBag from /home/airflow/.local/lib/python3.6/site-packages/airflow/example_dags/example_task_group.py
[2021-02-17 23:58:03,377] {scheduler_job.py:639} INFO - DAG(s) dict_keys(['example_task_group']) retrieved from /home/airflow/.local/lib/python3.6/site-packages/airflow/example_dags/example_task_group.py
[2021-02-17 23:58:03,451] {logging_mixin.py:104} INFO - [2021-02-17 23:58:03,450] {dag.py:1818} INFO - Sync 1 DAGs
[2021-02-17 23:58:03,501] {logging_mixin.py:104} INFO - [2021-02-17 23:58:03,501] {dag.py:2273} INFO - Setting next_dagrun for example_task_group to 2021-02-15 00:00:00+00:00
[2021-02-17 23:58:03,550] {scheduler_job.py:190} INFO - Processing /home/airflow/.local/lib/python3.6/site-packages/airflow/example_dags/example_task_group.py took 0.280 seconds
