[2021-02-17 23:40:27,187] {scheduler_job.py:182} INFO - Started process (PID=27) to work on /home/airflow/.local/lib/python3.6/site-packages/airflow/example_dags/example_dag_decorator.py
[2021-02-17 23:40:27,222] {scheduler_job.py:629} INFO - Processing file /home/airflow/.local/lib/python3.6/site-packages/airflow/example_dags/example_dag_decorator.py for tasks to queue
[2021-02-17 23:40:27,243] {logging_mixin.py:104} INFO - [2021-02-17 23:40:27,243] {dagbag.py:448} INFO - Filling up the DagBag from /home/airflow/.local/lib/python3.6/site-packages/airflow/example_dags/example_dag_decorator.py
[2021-02-17 23:40:27,461] {scheduler_job.py:639} INFO - DAG(s) dict_keys(['example_dag_decorator']) retrieved from /home/airflow/.local/lib/python3.6/site-packages/airflow/example_dags/example_dag_decorator.py
[2021-02-17 23:40:27,748] {logging_mixin.py:104} INFO - [2021-02-17 23:40:27,748] {dag.py:1818} INFO - Sync 1 DAGs
[2021-02-17 23:40:27,960] {logging_mixin.py:104} INFO - [2021-02-17 23:40:27,960] {dag.py:2273} INFO - Setting next_dagrun for example_dag_decorator to None
[2021-02-17 23:40:28,103] {scheduler_job.py:190} INFO - Processing /home/airflow/.local/lib/python3.6/site-packages/airflow/example_dags/example_dag_decorator.py took 0.939 seconds
[2021-02-17 23:41:25,182] {scheduler_job.py:182} INFO - Started process (PID=54) to work on /home/airflow/.local/lib/python3.6/site-packages/airflow/example_dags/example_dag_decorator.py
[2021-02-17 23:41:25,265] {scheduler_job.py:629} INFO - Processing file /home/airflow/.local/lib/python3.6/site-packages/airflow/example_dags/example_dag_decorator.py for tasks to queue
[2021-02-17 23:41:25,275] {logging_mixin.py:104} INFO - [2021-02-17 23:41:25,274] {dagbag.py:448} INFO - Filling up the DagBag from /home/airflow/.local/lib/python3.6/site-packages/airflow/example_dags/example_dag_decorator.py
[2021-02-17 23:41:33,588] {scheduler_job.py:639} INFO - DAG(s) dict_keys(['example_dag_decorator']) retrieved from /home/airflow/.local/lib/python3.6/site-packages/airflow/example_dags/example_dag_decorator.py
[2021-02-17 23:41:34,549] {logging_mixin.py:104} INFO - [2021-02-17 23:41:34,549] {dag.py:1818} INFO - Sync 1 DAGs
[2021-02-17 23:41:34,873] {logging_mixin.py:104} INFO - [2021-02-17 23:41:34,873] {dag.py:2273} INFO - Setting next_dagrun for example_dag_decorator to None
[2021-02-17 23:41:35,346] {scheduler_job.py:190} INFO - Processing /home/airflow/.local/lib/python3.6/site-packages/airflow/example_dags/example_dag_decorator.py took 10.236 seconds
[2021-02-17 23:42:07,781] {scheduler_job.py:182} INFO - Started process (PID=83) to work on /home/airflow/.local/lib/python3.6/site-packages/airflow/example_dags/example_dag_decorator.py
[2021-02-17 23:42:07,792] {scheduler_job.py:629} INFO - Processing file /home/airflow/.local/lib/python3.6/site-packages/airflow/example_dags/example_dag_decorator.py for tasks to queue
[2021-02-17 23:42:07,798] {logging_mixin.py:104} INFO - [2021-02-17 23:42:07,798] {dagbag.py:448} INFO - Filling up the DagBag from /home/airflow/.local/lib/python3.6/site-packages/airflow/example_dags/example_dag_decorator.py
[2021-02-17 23:42:07,969] {scheduler_job.py:639} INFO - DAG(s) dict_keys(['example_dag_decorator']) retrieved from /home/airflow/.local/lib/python3.6/site-packages/airflow/example_dags/example_dag_decorator.py
[2021-02-17 23:42:08,090] {logging_mixin.py:104} INFO - [2021-02-17 23:42:08,090] {dag.py:1818} INFO - Sync 1 DAGs
[2021-02-17 23:42:08,182] {logging_mixin.py:104} INFO - [2021-02-17 23:42:08,182] {dag.py:2273} INFO - Setting next_dagrun for example_dag_decorator to None
[2021-02-17 23:42:08,294] {scheduler_job.py:190} INFO - Processing /home/airflow/.local/lib/python3.6/site-packages/airflow/example_dags/example_dag_decorator.py took 0.536 seconds
[2021-02-17 23:43:04,536] {scheduler_job.py:182} INFO - Started process (PID=113) to work on /home/airflow/.local/lib/python3.6/site-packages/airflow/example_dags/example_dag_decorator.py
[2021-02-17 23:43:04,550] {scheduler_job.py:629} INFO - Processing file /home/airflow/.local/lib/python3.6/site-packages/airflow/example_dags/example_dag_decorator.py for tasks to queue
[2021-02-17 23:43:04,583] {logging_mixin.py:104} INFO - [2021-02-17 23:43:04,581] {dagbag.py:448} INFO - Filling up the DagBag from /home/airflow/.local/lib/python3.6/site-packages/airflow/example_dags/example_dag_decorator.py
[2021-02-17 23:43:04,817] {scheduler_job.py:639} INFO - DAG(s) dict_keys(['example_dag_decorator']) retrieved from /home/airflow/.local/lib/python3.6/site-packages/airflow/example_dags/example_dag_decorator.py
[2021-02-17 23:43:04,936] {logging_mixin.py:104} INFO - [2021-02-17 23:43:04,935] {dag.py:1818} INFO - Sync 1 DAGs
[2021-02-17 23:43:04,960] {logging_mixin.py:104} INFO - [2021-02-17 23:43:04,960] {dag.py:2273} INFO - Setting next_dagrun for example_dag_decorator to None
[2021-02-17 23:43:05,027] {scheduler_job.py:190} INFO - Processing /home/airflow/.local/lib/python3.6/site-packages/airflow/example_dags/example_dag_decorator.py took 0.510 seconds
[2021-02-17 23:47:33,958] {scheduler_job.py:182} INFO - Started process (PID=20) to work on /home/airflow/.local/lib/python3.6/site-packages/airflow/example_dags/example_dag_decorator.py
[2021-02-17 23:47:33,993] {scheduler_job.py:629} INFO - Processing file /home/airflow/.local/lib/python3.6/site-packages/airflow/example_dags/example_dag_decorator.py for tasks to queue
[2021-02-17 23:47:34,023] {logging_mixin.py:104} INFO - [2021-02-17 23:47:34,023] {dagbag.py:448} INFO - Filling up the DagBag from /home/airflow/.local/lib/python3.6/site-packages/airflow/example_dags/example_dag_decorator.py
[2021-02-17 23:47:34,443] {scheduler_job.py:639} INFO - DAG(s) dict_keys(['example_dag_decorator']) retrieved from /home/airflow/.local/lib/python3.6/site-packages/airflow/example_dags/example_dag_decorator.py
[2021-02-17 23:47:34,873] {logging_mixin.py:104} INFO - [2021-02-17 23:47:34,873] {dag.py:1818} INFO - Sync 1 DAGs
[2021-02-17 23:47:35,177] {logging_mixin.py:104} INFO - [2021-02-17 23:47:35,177] {dag.py:2273} INFO - Setting next_dagrun for example_dag_decorator to None
[2021-02-17 23:47:35,421] {scheduler_job.py:190} INFO - Processing /home/airflow/.local/lib/python3.6/site-packages/airflow/example_dags/example_dag_decorator.py took 1.486 seconds
[2021-02-17 23:48:05,792] {scheduler_job.py:182} INFO - Started process (PID=48) to work on /home/airflow/.local/lib/python3.6/site-packages/airflow/example_dags/example_dag_decorator.py
[2021-02-17 23:48:05,800] {scheduler_job.py:629} INFO - Processing file /home/airflow/.local/lib/python3.6/site-packages/airflow/example_dags/example_dag_decorator.py for tasks to queue
[2021-02-17 23:48:05,805] {logging_mixin.py:104} INFO - [2021-02-17 23:48:05,804] {dagbag.py:448} INFO - Filling up the DagBag from /home/airflow/.local/lib/python3.6/site-packages/airflow/example_dags/example_dag_decorator.py
[2021-02-17 23:48:05,925] {scheduler_job.py:639} INFO - DAG(s) dict_keys(['example_dag_decorator']) retrieved from /home/airflow/.local/lib/python3.6/site-packages/airflow/example_dags/example_dag_decorator.py
[2021-02-17 23:48:06,163] {logging_mixin.py:104} INFO - [2021-02-17 23:48:06,160] {dag.py:1818} INFO - Sync 1 DAGs
[2021-02-17 23:48:06,683] {logging_mixin.py:104} INFO - [2021-02-17 23:48:06,683] {dag.py:2273} INFO - Setting next_dagrun for example_dag_decorator to None
[2021-02-17 23:48:06,743] {scheduler_job.py:190} INFO - Processing /home/airflow/.local/lib/python3.6/site-packages/airflow/example_dags/example_dag_decorator.py took 0.977 seconds
[2021-02-17 23:48:37,416] {scheduler_job.py:182} INFO - Started process (PID=75) to work on /home/airflow/.local/lib/python3.6/site-packages/airflow/example_dags/example_dag_decorator.py
[2021-02-17 23:48:37,420] {scheduler_job.py:629} INFO - Processing file /home/airflow/.local/lib/python3.6/site-packages/airflow/example_dags/example_dag_decorator.py for tasks to queue
[2021-02-17 23:48:37,424] {logging_mixin.py:104} INFO - [2021-02-17 23:48:37,423] {dagbag.py:448} INFO - Filling up the DagBag from /home/airflow/.local/lib/python3.6/site-packages/airflow/example_dags/example_dag_decorator.py
[2021-02-17 23:48:37,570] {scheduler_job.py:639} INFO - DAG(s) dict_keys(['example_dag_decorator']) retrieved from /home/airflow/.local/lib/python3.6/site-packages/airflow/example_dags/example_dag_decorator.py
[2021-02-17 23:48:37,645] {logging_mixin.py:104} INFO - [2021-02-17 23:48:37,645] {dag.py:1818} INFO - Sync 1 DAGs
[2021-02-17 23:48:37,680] {logging_mixin.py:104} INFO - [2021-02-17 23:48:37,680] {dag.py:2273} INFO - Setting next_dagrun for example_dag_decorator to None
[2021-02-17 23:48:37,696] {scheduler_job.py:190} INFO - Processing /home/airflow/.local/lib/python3.6/site-packages/airflow/example_dags/example_dag_decorator.py took 0.295 seconds
[2021-02-17 23:49:19,864] {scheduler_job.py:182} INFO - Started process (PID=103) to work on /home/airflow/.local/lib/python3.6/site-packages/airflow/example_dags/example_dag_decorator.py
[2021-02-17 23:49:19,883] {scheduler_job.py:629} INFO - Processing file /home/airflow/.local/lib/python3.6/site-packages/airflow/example_dags/example_dag_decorator.py for tasks to queue
[2021-02-17 23:49:19,890] {logging_mixin.py:104} INFO - [2021-02-17 23:49:19,890] {dagbag.py:448} INFO - Filling up the DagBag from /home/airflow/.local/lib/python3.6/site-packages/airflow/example_dags/example_dag_decorator.py
[2021-02-17 23:49:20,324] {scheduler_job.py:639} INFO - DAG(s) dict_keys(['example_dag_decorator']) retrieved from /home/airflow/.local/lib/python3.6/site-packages/airflow/example_dags/example_dag_decorator.py
[2021-02-17 23:49:20,483] {logging_mixin.py:104} INFO - [2021-02-17 23:49:20,482] {dag.py:1818} INFO - Sync 1 DAGs
[2021-02-17 23:49:20,537] {logging_mixin.py:104} INFO - [2021-02-17 23:49:20,536] {dag.py:2273} INFO - Setting next_dagrun for example_dag_decorator to None
[2021-02-17 23:49:20,561] {scheduler_job.py:190} INFO - Processing /home/airflow/.local/lib/python3.6/site-packages/airflow/example_dags/example_dag_decorator.py took 0.763 seconds
[2021-02-17 23:49:59,710] {scheduler_job.py:182} INFO - Started process (PID=130) to work on /home/airflow/.local/lib/python3.6/site-packages/airflow/example_dags/example_dag_decorator.py
[2021-02-17 23:49:59,732] {scheduler_job.py:629} INFO - Processing file /home/airflow/.local/lib/python3.6/site-packages/airflow/example_dags/example_dag_decorator.py for tasks to queue
[2021-02-17 23:49:59,761] {logging_mixin.py:104} INFO - [2021-02-17 23:49:59,761] {dagbag.py:448} INFO - Filling up the DagBag from /home/airflow/.local/lib/python3.6/site-packages/airflow/example_dags/example_dag_decorator.py
[2021-02-17 23:50:00,131] {scheduler_job.py:639} INFO - DAG(s) dict_keys(['example_dag_decorator']) retrieved from /home/airflow/.local/lib/python3.6/site-packages/airflow/example_dags/example_dag_decorator.py
[2021-02-17 23:50:00,212] {logging_mixin.py:104} INFO - [2021-02-17 23:50:00,212] {dag.py:1818} INFO - Sync 1 DAGs
[2021-02-17 23:50:00,240] {logging_mixin.py:104} INFO - [2021-02-17 23:50:00,240] {dag.py:2273} INFO - Setting next_dagrun for example_dag_decorator to None
[2021-02-17 23:50:00,267] {scheduler_job.py:190} INFO - Processing /home/airflow/.local/lib/python3.6/site-packages/airflow/example_dags/example_dag_decorator.py took 0.578 seconds
[2021-02-17 23:50:42,131] {scheduler_job.py:182} INFO - Started process (PID=158) to work on /home/airflow/.local/lib/python3.6/site-packages/airflow/example_dags/example_dag_decorator.py
[2021-02-17 23:50:42,134] {scheduler_job.py:629} INFO - Processing file /home/airflow/.local/lib/python3.6/site-packages/airflow/example_dags/example_dag_decorator.py for tasks to queue
[2021-02-17 23:50:42,136] {logging_mixin.py:104} INFO - [2021-02-17 23:50:42,136] {dagbag.py:448} INFO - Filling up the DagBag from /home/airflow/.local/lib/python3.6/site-packages/airflow/example_dags/example_dag_decorator.py
[2021-02-17 23:50:42,193] {scheduler_job.py:639} INFO - DAG(s) dict_keys(['example_dag_decorator']) retrieved from /home/airflow/.local/lib/python3.6/site-packages/airflow/example_dags/example_dag_decorator.py
[2021-02-17 23:50:42,326] {logging_mixin.py:104} INFO - [2021-02-17 23:50:42,326] {dag.py:1818} INFO - Sync 1 DAGs
[2021-02-17 23:50:42,434] {logging_mixin.py:104} INFO - [2021-02-17 23:50:42,432] {dag.py:2273} INFO - Setting next_dagrun for example_dag_decorator to None
[2021-02-17 23:50:42,511] {scheduler_job.py:190} INFO - Processing /home/airflow/.local/lib/python3.6/site-packages/airflow/example_dags/example_dag_decorator.py took 0.392 seconds
[2021-02-17 23:51:38,311] {scheduler_job.py:182} INFO - Started process (PID=34) to work on /home/airflow/.local/lib/python3.6/site-packages/airflow/example_dags/example_dag_decorator.py
[2021-02-17 23:51:38,315] {scheduler_job.py:629} INFO - Processing file /home/airflow/.local/lib/python3.6/site-packages/airflow/example_dags/example_dag_decorator.py for tasks to queue
[2021-02-17 23:51:38,318] {logging_mixin.py:104} INFO - [2021-02-17 23:51:38,318] {dagbag.py:448} INFO - Filling up the DagBag from /home/airflow/.local/lib/python3.6/site-packages/airflow/example_dags/example_dag_decorator.py
[2021-02-17 23:51:38,425] {scheduler_job.py:639} INFO - DAG(s) dict_keys(['example_dag_decorator']) retrieved from /home/airflow/.local/lib/python3.6/site-packages/airflow/example_dags/example_dag_decorator.py
[2021-02-17 23:51:38,564] {logging_mixin.py:104} INFO - [2021-02-17 23:51:38,564] {dag.py:1818} INFO - Sync 1 DAGs
[2021-02-17 23:51:38,668] {logging_mixin.py:104} INFO - [2021-02-17 23:51:38,668] {dag.py:2273} INFO - Setting next_dagrun for example_dag_decorator to None
[2021-02-17 23:51:38,726] {scheduler_job.py:190} INFO - Processing /home/airflow/.local/lib/python3.6/site-packages/airflow/example_dags/example_dag_decorator.py took 0.433 seconds
[2021-02-17 23:52:12,391] {scheduler_job.py:182} INFO - Started process (PID=61) to work on /home/airflow/.local/lib/python3.6/site-packages/airflow/example_dags/example_dag_decorator.py
[2021-02-17 23:52:12,407] {scheduler_job.py:629} INFO - Processing file /home/airflow/.local/lib/python3.6/site-packages/airflow/example_dags/example_dag_decorator.py for tasks to queue
[2021-02-17 23:52:12,411] {logging_mixin.py:104} INFO - [2021-02-17 23:52:12,411] {dagbag.py:448} INFO - Filling up the DagBag from /home/airflow/.local/lib/python3.6/site-packages/airflow/example_dags/example_dag_decorator.py
[2021-02-17 23:52:12,603] {scheduler_job.py:639} INFO - DAG(s) dict_keys(['example_dag_decorator']) retrieved from /home/airflow/.local/lib/python3.6/site-packages/airflow/example_dags/example_dag_decorator.py
[2021-02-17 23:52:12,700] {logging_mixin.py:104} INFO - [2021-02-17 23:52:12,700] {dag.py:1818} INFO - Sync 1 DAGs
[2021-02-17 23:52:12,802] {logging_mixin.py:104} INFO - [2021-02-17 23:52:12,797] {dag.py:2273} INFO - Setting next_dagrun for example_dag_decorator to None
[2021-02-17 23:52:12,856] {scheduler_job.py:190} INFO - Processing /home/airflow/.local/lib/python3.6/site-packages/airflow/example_dags/example_dag_decorator.py took 0.475 seconds
[2021-02-17 23:52:44,874] {scheduler_job.py:182} INFO - Started process (PID=89) to work on /home/airflow/.local/lib/python3.6/site-packages/airflow/example_dags/example_dag_decorator.py
[2021-02-17 23:52:44,879] {scheduler_job.py:629} INFO - Processing file /home/airflow/.local/lib/python3.6/site-packages/airflow/example_dags/example_dag_decorator.py for tasks to queue
[2021-02-17 23:52:44,887] {logging_mixin.py:104} INFO - [2021-02-17 23:52:44,886] {dagbag.py:448} INFO - Filling up the DagBag from /home/airflow/.local/lib/python3.6/site-packages/airflow/example_dags/example_dag_decorator.py
[2021-02-17 23:52:44,976] {scheduler_job.py:639} INFO - DAG(s) dict_keys(['example_dag_decorator']) retrieved from /home/airflow/.local/lib/python3.6/site-packages/airflow/example_dags/example_dag_decorator.py
[2021-02-17 23:52:45,047] {logging_mixin.py:104} INFO - [2021-02-17 23:52:45,047] {dag.py:1818} INFO - Sync 1 DAGs
[2021-02-17 23:52:45,102] {logging_mixin.py:104} INFO - [2021-02-17 23:52:45,102] {dag.py:2273} INFO - Setting next_dagrun for example_dag_decorator to None
[2021-02-17 23:52:45,151] {scheduler_job.py:190} INFO - Processing /home/airflow/.local/lib/python3.6/site-packages/airflow/example_dags/example_dag_decorator.py took 0.287 seconds
[2021-02-17 23:53:18,997] {scheduler_job.py:182} INFO - Started process (PID=115) to work on /home/airflow/.local/lib/python3.6/site-packages/airflow/example_dags/example_dag_decorator.py
[2021-02-17 23:53:19,000] {scheduler_job.py:629} INFO - Processing file /home/airflow/.local/lib/python3.6/site-packages/airflow/example_dags/example_dag_decorator.py for tasks to queue
[2021-02-17 23:53:19,003] {logging_mixin.py:104} INFO - [2021-02-17 23:53:19,003] {dagbag.py:448} INFO - Filling up the DagBag from /home/airflow/.local/lib/python3.6/site-packages/airflow/example_dags/example_dag_decorator.py
[2021-02-17 23:53:19,055] {scheduler_job.py:639} INFO - DAG(s) dict_keys(['example_dag_decorator']) retrieved from /home/airflow/.local/lib/python3.6/site-packages/airflow/example_dags/example_dag_decorator.py
[2021-02-17 23:53:19,094] {logging_mixin.py:104} INFO - [2021-02-17 23:53:19,094] {dag.py:1818} INFO - Sync 1 DAGs
[2021-02-17 23:53:19,124] {logging_mixin.py:104} INFO - [2021-02-17 23:53:19,123] {dag.py:2273} INFO - Setting next_dagrun for example_dag_decorator to None
[2021-02-17 23:53:19,136] {scheduler_job.py:190} INFO - Processing /home/airflow/.local/lib/python3.6/site-packages/airflow/example_dags/example_dag_decorator.py took 0.144 seconds
[2021-02-17 23:55:36,675] {scheduler_job.py:182} INFO - Started process (PID=21) to work on /home/airflow/.local/lib/python3.6/site-packages/airflow/example_dags/example_dag_decorator.py
[2021-02-17 23:55:36,685] {scheduler_job.py:629} INFO - Processing file /home/airflow/.local/lib/python3.6/site-packages/airflow/example_dags/example_dag_decorator.py for tasks to queue
[2021-02-17 23:55:36,687] {logging_mixin.py:104} INFO - [2021-02-17 23:55:36,687] {dagbag.py:448} INFO - Filling up the DagBag from /home/airflow/.local/lib/python3.6/site-packages/airflow/example_dags/example_dag_decorator.py
[2021-02-17 23:55:36,899] {scheduler_job.py:639} INFO - DAG(s) dict_keys(['example_dag_decorator']) retrieved from /home/airflow/.local/lib/python3.6/site-packages/airflow/example_dags/example_dag_decorator.py
[2021-02-17 23:55:36,976] {logging_mixin.py:104} INFO - [2021-02-17 23:55:36,976] {dag.py:1818} INFO - Sync 1 DAGs
[2021-02-17 23:55:37,039] {logging_mixin.py:104} INFO - [2021-02-17 23:55:37,039] {dag.py:2273} INFO - Setting next_dagrun for example_dag_decorator to None
[2021-02-17 23:55:37,092] {scheduler_job.py:190} INFO - Processing /home/airflow/.local/lib/python3.6/site-packages/airflow/example_dags/example_dag_decorator.py took 0.427 seconds
[2021-02-17 23:56:07,392] {scheduler_job.py:182} INFO - Started process (PID=48) to work on /home/airflow/.local/lib/python3.6/site-packages/airflow/example_dags/example_dag_decorator.py
[2021-02-17 23:56:07,404] {scheduler_job.py:629} INFO - Processing file /home/airflow/.local/lib/python3.6/site-packages/airflow/example_dags/example_dag_decorator.py for tasks to queue
[2021-02-17 23:56:07,408] {logging_mixin.py:104} INFO - [2021-02-17 23:56:07,407] {dagbag.py:448} INFO - Filling up the DagBag from /home/airflow/.local/lib/python3.6/site-packages/airflow/example_dags/example_dag_decorator.py
[2021-02-17 23:56:07,647] {scheduler_job.py:639} INFO - DAG(s) dict_keys(['example_dag_decorator']) retrieved from /home/airflow/.local/lib/python3.6/site-packages/airflow/example_dags/example_dag_decorator.py
[2021-02-17 23:56:07,858] {logging_mixin.py:104} INFO - [2021-02-17 23:56:07,857] {dag.py:1818} INFO - Sync 1 DAGs
[2021-02-17 23:56:08,034] {logging_mixin.py:104} INFO - [2021-02-17 23:56:08,033] {dag.py:2273} INFO - Setting next_dagrun for example_dag_decorator to None
[2021-02-17 23:56:08,252] {scheduler_job.py:190} INFO - Processing /home/airflow/.local/lib/python3.6/site-packages/airflow/example_dags/example_dag_decorator.py took 0.901 seconds
[2021-02-17 23:56:38,978] {scheduler_job.py:182} INFO - Started process (PID=75) to work on /home/airflow/.local/lib/python3.6/site-packages/airflow/example_dags/example_dag_decorator.py
[2021-02-17 23:56:38,998] {scheduler_job.py:629} INFO - Processing file /home/airflow/.local/lib/python3.6/site-packages/airflow/example_dags/example_dag_decorator.py for tasks to queue
[2021-02-17 23:56:39,006] {logging_mixin.py:104} INFO - [2021-02-17 23:56:39,005] {dagbag.py:448} INFO - Filling up the DagBag from /home/airflow/.local/lib/python3.6/site-packages/airflow/example_dags/example_dag_decorator.py
[2021-02-17 23:56:39,390] {scheduler_job.py:639} INFO - DAG(s) dict_keys(['example_dag_decorator']) retrieved from /home/airflow/.local/lib/python3.6/site-packages/airflow/example_dags/example_dag_decorator.py
[2021-02-17 23:56:39,567] {logging_mixin.py:104} INFO - [2021-02-17 23:56:39,566] {dag.py:1818} INFO - Sync 1 DAGs
[2021-02-17 23:56:39,651] {logging_mixin.py:104} INFO - [2021-02-17 23:56:39,651] {dag.py:2273} INFO - Setting next_dagrun for example_dag_decorator to None
[2021-02-17 23:56:39,761] {scheduler_job.py:190} INFO - Processing /home/airflow/.local/lib/python3.6/site-packages/airflow/example_dags/example_dag_decorator.py took 0.833 seconds
[2021-02-17 23:57:22,611] {scheduler_job.py:182} INFO - Started process (PID=102) to work on /home/airflow/.local/lib/python3.6/site-packages/airflow/example_dags/example_dag_decorator.py
[2021-02-17 23:57:22,635] {scheduler_job.py:629} INFO - Processing file /home/airflow/.local/lib/python3.6/site-packages/airflow/example_dags/example_dag_decorator.py for tasks to queue
[2021-02-17 23:57:22,673] {logging_mixin.py:104} INFO - [2021-02-17 23:57:22,672] {dagbag.py:448} INFO - Filling up the DagBag from /home/airflow/.local/lib/python3.6/site-packages/airflow/example_dags/example_dag_decorator.py
[2021-02-17 23:57:23,971] {scheduler_job.py:639} INFO - DAG(s) dict_keys(['example_dag_decorator']) retrieved from /home/airflow/.local/lib/python3.6/site-packages/airflow/example_dags/example_dag_decorator.py
[2021-02-17 23:57:25,302] {logging_mixin.py:104} INFO - [2021-02-17 23:57:25,286] {dag.py:1818} INFO - Sync 1 DAGs
[2021-02-17 23:57:27,470] {logging_mixin.py:104} INFO - [2021-02-17 23:57:27,470] {dag.py:2273} INFO - Setting next_dagrun for example_dag_decorator to None
[2021-02-17 23:57:28,008] {scheduler_job.py:190} INFO - Processing /home/airflow/.local/lib/python3.6/site-packages/airflow/example_dags/example_dag_decorator.py took 5.595 seconds
[2021-02-17 23:57:59,016] {scheduler_job.py:182} INFO - Started process (PID=129) to work on /home/airflow/.local/lib/python3.6/site-packages/airflow/example_dags/example_dag_decorator.py
[2021-02-17 23:57:59,027] {scheduler_job.py:629} INFO - Processing file /home/airflow/.local/lib/python3.6/site-packages/airflow/example_dags/example_dag_decorator.py for tasks to queue
[2021-02-17 23:57:59,028] {logging_mixin.py:104} INFO - [2021-02-17 23:57:59,028] {dagbag.py:448} INFO - Filling up the DagBag from /home/airflow/.local/lib/python3.6/site-packages/airflow/example_dags/example_dag_decorator.py
[2021-02-17 23:57:59,100] {scheduler_job.py:639} INFO - DAG(s) dict_keys(['example_dag_decorator']) retrieved from /home/airflow/.local/lib/python3.6/site-packages/airflow/example_dags/example_dag_decorator.py
[2021-02-17 23:57:59,169] {logging_mixin.py:104} INFO - [2021-02-17 23:57:59,169] {dag.py:1818} INFO - Sync 1 DAGs
[2021-02-17 23:57:59,264] {logging_mixin.py:104} INFO - [2021-02-17 23:57:59,263] {dag.py:2273} INFO - Setting next_dagrun for example_dag_decorator to None
[2021-02-17 23:57:59,306] {scheduler_job.py:190} INFO - Processing /home/airflow/.local/lib/python3.6/site-packages/airflow/example_dags/example_dag_decorator.py took 0.301 seconds
