[2021-02-17 23:40:35,681] {scheduler_job.py:182} INFO - Started process (PID=45) to work on /home/airflow/.local/lib/python3.6/site-packages/airflow/example_dags/example_bash_operator.py
[2021-02-17 23:40:35,700] {scheduler_job.py:629} INFO - Processing file /home/airflow/.local/lib/python3.6/site-packages/airflow/example_dags/example_bash_operator.py for tasks to queue
[2021-02-17 23:40:35,707] {logging_mixin.py:104} INFO - [2021-02-17 23:40:35,707] {dagbag.py:448} INFO - Filling up the DagBag from /home/airflow/.local/lib/python3.6/site-packages/airflow/example_dags/example_bash_operator.py
[2021-02-17 23:40:35,932] {scheduler_job.py:639} INFO - DAG(s) dict_keys(['example_bash_operator']) retrieved from /home/airflow/.local/lib/python3.6/site-packages/airflow/example_dags/example_bash_operator.py
[2021-02-17 23:40:36,105] {logging_mixin.py:104} INFO - [2021-02-17 23:40:36,105] {dag.py:1818} INFO - Sync 1 DAGs
[2021-02-17 23:40:36,393] {logging_mixin.py:104} INFO - [2021-02-17 23:40:36,393] {dag.py:2273} INFO - Setting next_dagrun for example_bash_operator to 2021-02-16 00:00:00+00:00
[2021-02-17 23:40:36,645] {scheduler_job.py:190} INFO - Processing /home/airflow/.local/lib/python3.6/site-packages/airflow/example_dags/example_bash_operator.py took 0.998 seconds
[2021-02-17 23:42:01,274] {scheduler_job.py:182} INFO - Started process (PID=78) to work on /home/airflow/.local/lib/python3.6/site-packages/airflow/example_dags/example_bash_operator.py
[2021-02-17 23:42:01,613] {scheduler_job.py:629} INFO - Processing file /home/airflow/.local/lib/python3.6/site-packages/airflow/example_dags/example_bash_operator.py for tasks to queue
[2021-02-17 23:42:01,618] {logging_mixin.py:104} INFO - [2021-02-17 23:42:01,617] {dagbag.py:448} INFO - Filling up the DagBag from /home/airflow/.local/lib/python3.6/site-packages/airflow/example_dags/example_bash_operator.py
[2021-02-17 23:42:02,063] {scheduler_job.py:639} INFO - DAG(s) dict_keys(['example_bash_operator']) retrieved from /home/airflow/.local/lib/python3.6/site-packages/airflow/example_dags/example_bash_operator.py
[2021-02-17 23:42:02,242] {logging_mixin.py:104} INFO - [2021-02-17 23:42:02,242] {dag.py:1818} INFO - Sync 1 DAGs
[2021-02-17 23:42:03,179] {logging_mixin.py:104} INFO - [2021-02-17 23:42:03,179] {dag.py:2273} INFO - Setting next_dagrun for example_bash_operator to 2021-02-16 00:00:00+00:00
[2021-02-17 23:42:03,785] {scheduler_job.py:190} INFO - Processing /home/airflow/.local/lib/python3.6/site-packages/airflow/example_dags/example_bash_operator.py took 2.860 seconds
[2021-02-17 23:42:35,284] {scheduler_job.py:182} INFO - Started process (PID=105) to work on /home/airflow/.local/lib/python3.6/site-packages/airflow/example_dags/example_bash_operator.py
[2021-02-17 23:42:35,297] {scheduler_job.py:629} INFO - Processing file /home/airflow/.local/lib/python3.6/site-packages/airflow/example_dags/example_bash_operator.py for tasks to queue
[2021-02-17 23:42:35,320] {logging_mixin.py:104} INFO - [2021-02-17 23:42:35,319] {dagbag.py:448} INFO - Filling up the DagBag from /home/airflow/.local/lib/python3.6/site-packages/airflow/example_dags/example_bash_operator.py
[2021-02-17 23:42:35,738] {scheduler_job.py:639} INFO - DAG(s) dict_keys(['example_bash_operator']) retrieved from /home/airflow/.local/lib/python3.6/site-packages/airflow/example_dags/example_bash_operator.py
[2021-02-17 23:42:35,884] {logging_mixin.py:104} INFO - [2021-02-17 23:42:35,883] {dag.py:1818} INFO - Sync 1 DAGs
[2021-02-17 23:42:36,002] {logging_mixin.py:104} INFO - [2021-02-17 23:42:36,002] {dag.py:2273} INFO - Setting next_dagrun for example_bash_operator to 2021-02-16 00:00:00+00:00
[2021-02-17 23:42:36,101] {scheduler_job.py:190} INFO - Processing /home/airflow/.local/lib/python3.6/site-packages/airflow/example_dags/example_bash_operator.py took 0.829 seconds
[2021-02-17 23:43:09,206] {scheduler_job.py:182} INFO - Started process (PID=132) to work on /home/airflow/.local/lib/python3.6/site-packages/airflow/example_dags/example_bash_operator.py
[2021-02-17 23:43:09,213] {scheduler_job.py:629} INFO - Processing file /home/airflow/.local/lib/python3.6/site-packages/airflow/example_dags/example_bash_operator.py for tasks to queue
[2021-02-17 23:43:09,217] {logging_mixin.py:104} INFO - [2021-02-17 23:43:09,216] {dagbag.py:448} INFO - Filling up the DagBag from /home/airflow/.local/lib/python3.6/site-packages/airflow/example_dags/example_bash_operator.py
[2021-02-17 23:43:09,295] {scheduler_job.py:639} INFO - DAG(s) dict_keys(['example_bash_operator']) retrieved from /home/airflow/.local/lib/python3.6/site-packages/airflow/example_dags/example_bash_operator.py
[2021-02-17 23:43:09,366] {logging_mixin.py:104} INFO - [2021-02-17 23:43:09,366] {dag.py:1818} INFO - Sync 1 DAGs
[2021-02-17 23:43:09,474] {logging_mixin.py:104} INFO - [2021-02-17 23:43:09,473] {dag.py:2273} INFO - Setting next_dagrun for example_bash_operator to 2021-02-16 00:00:00+00:00
[2021-02-17 23:43:09,536] {scheduler_job.py:190} INFO - Processing /home/airflow/.local/lib/python3.6/site-packages/airflow/example_dags/example_bash_operator.py took 0.340 seconds
[2021-02-17 23:47:36,408] {scheduler_job.py:182} INFO - Started process (PID=23) to work on /home/airflow/.local/lib/python3.6/site-packages/airflow/example_dags/example_bash_operator.py
[2021-02-17 23:47:36,426] {scheduler_job.py:629} INFO - Processing file /home/airflow/.local/lib/python3.6/site-packages/airflow/example_dags/example_bash_operator.py for tasks to queue
[2021-02-17 23:47:36,434] {logging_mixin.py:104} INFO - [2021-02-17 23:47:36,433] {dagbag.py:448} INFO - Filling up the DagBag from /home/airflow/.local/lib/python3.6/site-packages/airflow/example_dags/example_bash_operator.py
[2021-02-17 23:47:36,754] {scheduler_job.py:639} INFO - DAG(s) dict_keys(['example_bash_operator']) retrieved from /home/airflow/.local/lib/python3.6/site-packages/airflow/example_dags/example_bash_operator.py
[2021-02-17 23:47:37,292] {logging_mixin.py:104} INFO - [2021-02-17 23:47:37,292] {dag.py:1818} INFO - Sync 1 DAGs
[2021-02-17 23:47:37,652] {logging_mixin.py:104} INFO - [2021-02-17 23:47:37,652] {dag.py:2273} INFO - Setting next_dagrun for example_bash_operator to 2021-02-16 00:00:00+00:00
[2021-02-17 23:47:37,822] {scheduler_job.py:190} INFO - Processing /home/airflow/.local/lib/python3.6/site-packages/airflow/example_dags/example_bash_operator.py took 1.530 seconds
[2021-02-17 23:48:08,598] {scheduler_job.py:182} INFO - Started process (PID=51) to work on /home/airflow/.local/lib/python3.6/site-packages/airflow/example_dags/example_bash_operator.py
[2021-02-17 23:48:08,628] {scheduler_job.py:629} INFO - Processing file /home/airflow/.local/lib/python3.6/site-packages/airflow/example_dags/example_bash_operator.py for tasks to queue
[2021-02-17 23:48:08,638] {logging_mixin.py:104} INFO - [2021-02-17 23:48:08,638] {dagbag.py:448} INFO - Filling up the DagBag from /home/airflow/.local/lib/python3.6/site-packages/airflow/example_dags/example_bash_operator.py
[2021-02-17 23:48:08,907] {scheduler_job.py:639} INFO - DAG(s) dict_keys(['example_bash_operator']) retrieved from /home/airflow/.local/lib/python3.6/site-packages/airflow/example_dags/example_bash_operator.py
[2021-02-17 23:48:08,982] {logging_mixin.py:104} INFO - [2021-02-17 23:48:08,982] {dag.py:1818} INFO - Sync 1 DAGs
[2021-02-17 23:48:09,088] {logging_mixin.py:104} INFO - [2021-02-17 23:48:09,087] {dag.py:2273} INFO - Setting next_dagrun for example_bash_operator to 2021-02-16 00:00:00+00:00
[2021-02-17 23:48:09,119] {scheduler_job.py:190} INFO - Processing /home/airflow/.local/lib/python3.6/site-packages/airflow/example_dags/example_bash_operator.py took 0.544 seconds
[2021-02-17 23:48:39,248] {scheduler_job.py:182} INFO - Started process (PID=78) to work on /home/airflow/.local/lib/python3.6/site-packages/airflow/example_dags/example_bash_operator.py
[2021-02-17 23:48:39,253] {scheduler_job.py:629} INFO - Processing file /home/airflow/.local/lib/python3.6/site-packages/airflow/example_dags/example_bash_operator.py for tasks to queue
[2021-02-17 23:48:39,256] {logging_mixin.py:104} INFO - [2021-02-17 23:48:39,256] {dagbag.py:448} INFO - Filling up the DagBag from /home/airflow/.local/lib/python3.6/site-packages/airflow/example_dags/example_bash_operator.py
[2021-02-17 23:48:39,281] {scheduler_job.py:639} INFO - DAG(s) dict_keys(['example_bash_operator']) retrieved from /home/airflow/.local/lib/python3.6/site-packages/airflow/example_dags/example_bash_operator.py
[2021-02-17 23:48:39,317] {logging_mixin.py:104} INFO - [2021-02-17 23:48:39,317] {dag.py:1818} INFO - Sync 1 DAGs
[2021-02-17 23:48:39,348] {logging_mixin.py:104} INFO - [2021-02-17 23:48:39,348] {dag.py:2273} INFO - Setting next_dagrun for example_bash_operator to 2021-02-16 00:00:00+00:00
[2021-02-17 23:48:39,366] {scheduler_job.py:190} INFO - Processing /home/airflow/.local/lib/python3.6/site-packages/airflow/example_dags/example_bash_operator.py took 0.127 seconds
[2021-02-17 23:49:20,624] {scheduler_job.py:182} INFO - Started process (PID=105) to work on /home/airflow/.local/lib/python3.6/site-packages/airflow/example_dags/example_bash_operator.py
[2021-02-17 23:49:20,635] {scheduler_job.py:629} INFO - Processing file /home/airflow/.local/lib/python3.6/site-packages/airflow/example_dags/example_bash_operator.py for tasks to queue
[2021-02-17 23:49:20,637] {logging_mixin.py:104} INFO - [2021-02-17 23:49:20,637] {dagbag.py:448} INFO - Filling up the DagBag from /home/airflow/.local/lib/python3.6/site-packages/airflow/example_dags/example_bash_operator.py
[2021-02-17 23:49:20,668] {scheduler_job.py:639} INFO - DAG(s) dict_keys(['example_bash_operator']) retrieved from /home/airflow/.local/lib/python3.6/site-packages/airflow/example_dags/example_bash_operator.py
[2021-02-17 23:49:20,707] {logging_mixin.py:104} INFO - [2021-02-17 23:49:20,707] {dag.py:1818} INFO - Sync 1 DAGs
[2021-02-17 23:49:20,792] {logging_mixin.py:104} INFO - [2021-02-17 23:49:20,792] {dag.py:2273} INFO - Setting next_dagrun for example_bash_operator to 2021-02-16 00:00:00+00:00
[2021-02-17 23:49:20,814] {scheduler_job.py:190} INFO - Processing /home/airflow/.local/lib/python3.6/site-packages/airflow/example_dags/example_bash_operator.py took 0.195 seconds
[2021-02-17 23:50:00,340] {scheduler_job.py:182} INFO - Started process (PID=132) to work on /home/airflow/.local/lib/python3.6/site-packages/airflow/example_dags/example_bash_operator.py
[2021-02-17 23:50:00,346] {scheduler_job.py:629} INFO - Processing file /home/airflow/.local/lib/python3.6/site-packages/airflow/example_dags/example_bash_operator.py for tasks to queue
[2021-02-17 23:50:00,353] {logging_mixin.py:104} INFO - [2021-02-17 23:50:00,351] {dagbag.py:448} INFO - Filling up the DagBag from /home/airflow/.local/lib/python3.6/site-packages/airflow/example_dags/example_bash_operator.py
[2021-02-17 23:50:00,408] {scheduler_job.py:639} INFO - DAG(s) dict_keys(['example_bash_operator']) retrieved from /home/airflow/.local/lib/python3.6/site-packages/airflow/example_dags/example_bash_operator.py
[2021-02-17 23:50:00,457] {logging_mixin.py:104} INFO - [2021-02-17 23:50:00,457] {dag.py:1818} INFO - Sync 1 DAGs
[2021-02-17 23:50:00,535] {logging_mixin.py:104} INFO - [2021-02-17 23:50:00,535] {dag.py:2273} INFO - Setting next_dagrun for example_bash_operator to 2021-02-16 00:00:00+00:00
[2021-02-17 23:50:00,555] {scheduler_job.py:190} INFO - Processing /home/airflow/.local/lib/python3.6/site-packages/airflow/example_dags/example_bash_operator.py took 0.238 seconds
[2021-02-17 23:50:42,562] {scheduler_job.py:182} INFO - Started process (PID=160) to work on /home/airflow/.local/lib/python3.6/site-packages/airflow/example_dags/example_bash_operator.py
[2021-02-17 23:50:42,566] {scheduler_job.py:629} INFO - Processing file /home/airflow/.local/lib/python3.6/site-packages/airflow/example_dags/example_bash_operator.py for tasks to queue
[2021-02-17 23:50:42,570] {logging_mixin.py:104} INFO - [2021-02-17 23:50:42,569] {dagbag.py:448} INFO - Filling up the DagBag from /home/airflow/.local/lib/python3.6/site-packages/airflow/example_dags/example_bash_operator.py
[2021-02-17 23:50:42,600] {scheduler_job.py:639} INFO - DAG(s) dict_keys(['example_bash_operator']) retrieved from /home/airflow/.local/lib/python3.6/site-packages/airflow/example_dags/example_bash_operator.py
[2021-02-17 23:50:42,649] {logging_mixin.py:104} INFO - [2021-02-17 23:50:42,649] {dag.py:1818} INFO - Sync 1 DAGs
[2021-02-17 23:50:42,677] {logging_mixin.py:104} INFO - [2021-02-17 23:50:42,677] {dag.py:2273} INFO - Setting next_dagrun for example_bash_operator to 2021-02-16 00:00:00+00:00
[2021-02-17 23:50:42,696] {scheduler_job.py:190} INFO - Processing /home/airflow/.local/lib/python3.6/site-packages/airflow/example_dags/example_bash_operator.py took 0.141 seconds
[2021-02-17 23:51:40,030] {scheduler_job.py:182} INFO - Started process (PID=40) to work on /home/airflow/.local/lib/python3.6/site-packages/airflow/example_dags/example_bash_operator.py
[2021-02-17 23:51:40,047] {scheduler_job.py:629} INFO - Processing file /home/airflow/.local/lib/python3.6/site-packages/airflow/example_dags/example_bash_operator.py for tasks to queue
[2021-02-17 23:51:40,049] {logging_mixin.py:104} INFO - [2021-02-17 23:51:40,049] {dagbag.py:448} INFO - Filling up the DagBag from /home/airflow/.local/lib/python3.6/site-packages/airflow/example_dags/example_bash_operator.py
[2021-02-17 23:51:40,134] {scheduler_job.py:639} INFO - DAG(s) dict_keys(['example_bash_operator']) retrieved from /home/airflow/.local/lib/python3.6/site-packages/airflow/example_dags/example_bash_operator.py
[2021-02-17 23:51:40,258] {logging_mixin.py:104} INFO - [2021-02-17 23:51:40,257] {dag.py:1818} INFO - Sync 1 DAGs
[2021-02-17 23:51:40,375] {logging_mixin.py:104} INFO - [2021-02-17 23:51:40,375] {dag.py:2273} INFO - Setting next_dagrun for example_bash_operator to 2021-02-16 00:00:00+00:00
[2021-02-17 23:51:40,425] {scheduler_job.py:190} INFO - Processing /home/airflow/.local/lib/python3.6/site-packages/airflow/example_dags/example_bash_operator.py took 0.406 seconds
[2021-02-17 23:52:14,061] {scheduler_job.py:182} INFO - Started process (PID=67) to work on /home/airflow/.local/lib/python3.6/site-packages/airflow/example_dags/example_bash_operator.py
[2021-02-17 23:52:14,068] {scheduler_job.py:629} INFO - Processing file /home/airflow/.local/lib/python3.6/site-packages/airflow/example_dags/example_bash_operator.py for tasks to queue
[2021-02-17 23:52:14,082] {logging_mixin.py:104} INFO - [2021-02-17 23:52:14,078] {dagbag.py:448} INFO - Filling up the DagBag from /home/airflow/.local/lib/python3.6/site-packages/airflow/example_dags/example_bash_operator.py
[2021-02-17 23:52:14,197] {scheduler_job.py:639} INFO - DAG(s) dict_keys(['example_bash_operator']) retrieved from /home/airflow/.local/lib/python3.6/site-packages/airflow/example_dags/example_bash_operator.py
[2021-02-17 23:52:14,450] {logging_mixin.py:104} INFO - [2021-02-17 23:52:14,450] {dag.py:1818} INFO - Sync 1 DAGs
[2021-02-17 23:52:14,828] {logging_mixin.py:104} INFO - [2021-02-17 23:52:14,828] {dag.py:2273} INFO - Setting next_dagrun for example_bash_operator to 2021-02-16 00:00:00+00:00
[2021-02-17 23:52:14,930] {scheduler_job.py:190} INFO - Processing /home/airflow/.local/lib/python3.6/site-packages/airflow/example_dags/example_bash_operator.py took 0.930 seconds
[2021-02-17 23:52:45,690] {scheduler_job.py:182} INFO - Started process (PID=94) to work on /home/airflow/.local/lib/python3.6/site-packages/airflow/example_dags/example_bash_operator.py
[2021-02-17 23:52:45,697] {scheduler_job.py:629} INFO - Processing file /home/airflow/.local/lib/python3.6/site-packages/airflow/example_dags/example_bash_operator.py for tasks to queue
[2021-02-17 23:52:45,701] {logging_mixin.py:104} INFO - [2021-02-17 23:52:45,700] {dagbag.py:448} INFO - Filling up the DagBag from /home/airflow/.local/lib/python3.6/site-packages/airflow/example_dags/example_bash_operator.py
[2021-02-17 23:52:45,737] {scheduler_job.py:639} INFO - DAG(s) dict_keys(['example_bash_operator']) retrieved from /home/airflow/.local/lib/python3.6/site-packages/airflow/example_dags/example_bash_operator.py
[2021-02-17 23:52:45,821] {logging_mixin.py:104} INFO - [2021-02-17 23:52:45,820] {dag.py:1818} INFO - Sync 1 DAGs
[2021-02-17 23:52:45,877] {logging_mixin.py:104} INFO - [2021-02-17 23:52:45,876] {dag.py:2273} INFO - Setting next_dagrun for example_bash_operator to 2021-02-16 00:00:00+00:00
[2021-02-17 23:52:45,890] {scheduler_job.py:190} INFO - Processing /home/airflow/.local/lib/python3.6/site-packages/airflow/example_dags/example_bash_operator.py took 0.205 seconds
[2021-02-17 23:53:19,644] {scheduler_job.py:182} INFO - Started process (PID=121) to work on /home/airflow/.local/lib/python3.6/site-packages/airflow/example_dags/example_bash_operator.py
[2021-02-17 23:53:19,655] {scheduler_job.py:629} INFO - Processing file /home/airflow/.local/lib/python3.6/site-packages/airflow/example_dags/example_bash_operator.py for tasks to queue
[2021-02-17 23:53:19,658] {logging_mixin.py:104} INFO - [2021-02-17 23:53:19,658] {dagbag.py:448} INFO - Filling up the DagBag from /home/airflow/.local/lib/python3.6/site-packages/airflow/example_dags/example_bash_operator.py
[2021-02-17 23:53:19,704] {scheduler_job.py:639} INFO - DAG(s) dict_keys(['example_bash_operator']) retrieved from /home/airflow/.local/lib/python3.6/site-packages/airflow/example_dags/example_bash_operator.py
[2021-02-17 23:53:19,767] {logging_mixin.py:104} INFO - [2021-02-17 23:53:19,767] {dag.py:1818} INFO - Sync 1 DAGs
[2021-02-17 23:53:19,810] {logging_mixin.py:104} INFO - [2021-02-17 23:53:19,810] {dag.py:2273} INFO - Setting next_dagrun for example_bash_operator to 2021-02-16 00:00:00+00:00
[2021-02-17 23:53:19,848] {scheduler_job.py:190} INFO - Processing /home/airflow/.local/lib/python3.6/site-packages/airflow/example_dags/example_bash_operator.py took 0.221 seconds
[2021-02-17 23:55:51,773] {scheduler_job.py:182} INFO - Started process (PID=45) to work on /home/airflow/.local/lib/python3.6/site-packages/airflow/example_dags/example_bash_operator.py
[2021-02-17 23:55:51,788] {scheduler_job.py:629} INFO - Processing file /home/airflow/.local/lib/python3.6/site-packages/airflow/example_dags/example_bash_operator.py for tasks to queue
[2021-02-17 23:55:51,796] {logging_mixin.py:104} INFO - [2021-02-17 23:55:51,792] {dagbag.py:448} INFO - Filling up the DagBag from /home/airflow/.local/lib/python3.6/site-packages/airflow/example_dags/example_bash_operator.py
[2021-02-17 23:55:52,175] {scheduler_job.py:639} INFO - DAG(s) dict_keys(['example_bash_operator']) retrieved from /home/airflow/.local/lib/python3.6/site-packages/airflow/example_dags/example_bash_operator.py
[2021-02-17 23:55:52,354] {logging_mixin.py:104} INFO - [2021-02-17 23:55:52,351] {dag.py:1818} INFO - Sync 1 DAGs
[2021-02-17 23:55:52,446] {logging_mixin.py:104} INFO - [2021-02-17 23:55:52,446] {dag.py:2273} INFO - Setting next_dagrun for example_bash_operator to 2021-02-16 00:00:00+00:00
[2021-02-17 23:55:52,520] {scheduler_job.py:190} INFO - Processing /home/airflow/.local/lib/python3.6/site-packages/airflow/example_dags/example_bash_operator.py took 0.754 seconds
[2021-02-17 23:56:22,838] {scheduler_job.py:182} INFO - Started process (PID=72) to work on /home/airflow/.local/lib/python3.6/site-packages/airflow/example_dags/example_bash_operator.py
[2021-02-17 23:56:22,847] {scheduler_job.py:629} INFO - Processing file /home/airflow/.local/lib/python3.6/site-packages/airflow/example_dags/example_bash_operator.py for tasks to queue
[2021-02-17 23:56:22,850] {logging_mixin.py:104} INFO - [2021-02-17 23:56:22,850] {dagbag.py:448} INFO - Filling up the DagBag from /home/airflow/.local/lib/python3.6/site-packages/airflow/example_dags/example_bash_operator.py
[2021-02-17 23:56:23,003] {scheduler_job.py:639} INFO - DAG(s) dict_keys(['example_bash_operator']) retrieved from /home/airflow/.local/lib/python3.6/site-packages/airflow/example_dags/example_bash_operator.py
[2021-02-17 23:56:23,214] {logging_mixin.py:104} INFO - [2021-02-17 23:56:23,211] {dag.py:1818} INFO - Sync 1 DAGs
[2021-02-17 23:56:23,660] {logging_mixin.py:104} INFO - [2021-02-17 23:56:23,660] {dag.py:2273} INFO - Setting next_dagrun for example_bash_operator to 2021-02-16 00:00:00+00:00
[2021-02-17 23:56:23,712] {scheduler_job.py:190} INFO - Processing /home/airflow/.local/lib/python3.6/site-packages/airflow/example_dags/example_bash_operator.py took 0.891 seconds
[2021-02-17 23:57:20,437] {scheduler_job.py:182} INFO - Started process (PID=99) to work on /home/airflow/.local/lib/python3.6/site-packages/airflow/example_dags/example_bash_operator.py
[2021-02-17 23:57:20,457] {scheduler_job.py:629} INFO - Processing file /home/airflow/.local/lib/python3.6/site-packages/airflow/example_dags/example_bash_operator.py for tasks to queue
[2021-02-17 23:57:20,473] {logging_mixin.py:104} INFO - [2021-02-17 23:57:20,472] {dagbag.py:448} INFO - Filling up the DagBag from /home/airflow/.local/lib/python3.6/site-packages/airflow/example_dags/example_bash_operator.py
[2021-02-17 23:57:20,587] {scheduler_job.py:639} INFO - DAG(s) dict_keys(['example_bash_operator']) retrieved from /home/airflow/.local/lib/python3.6/site-packages/airflow/example_dags/example_bash_operator.py
[2021-02-17 23:57:20,981] {logging_mixin.py:104} INFO - [2021-02-17 23:57:20,975] {dag.py:1818} INFO - Sync 1 DAGs
[2021-02-17 23:57:21,615] {logging_mixin.py:104} INFO - [2021-02-17 23:57:21,604] {dag.py:2273} INFO - Setting next_dagrun for example_bash_operator to 2021-02-16 00:00:00+00:00
[2021-02-17 23:57:22,240] {scheduler_job.py:190} INFO - Processing /home/airflow/.local/lib/python3.6/site-packages/airflow/example_dags/example_bash_operator.py took 1.876 seconds
[2021-02-17 23:57:52,410] {scheduler_job.py:182} INFO - Started process (PID=127) to work on /home/airflow/.local/lib/python3.6/site-packages/airflow/example_dags/example_bash_operator.py
[2021-02-17 23:57:52,418] {scheduler_job.py:629} INFO - Processing file /home/airflow/.local/lib/python3.6/site-packages/airflow/example_dags/example_bash_operator.py for tasks to queue
[2021-02-17 23:57:52,425] {logging_mixin.py:104} INFO - [2021-02-17 23:57:52,425] {dagbag.py:448} INFO - Filling up the DagBag from /home/airflow/.local/lib/python3.6/site-packages/airflow/example_dags/example_bash_operator.py
[2021-02-17 23:57:52,473] {scheduler_job.py:639} INFO - DAG(s) dict_keys(['example_bash_operator']) retrieved from /home/airflow/.local/lib/python3.6/site-packages/airflow/example_dags/example_bash_operator.py
[2021-02-17 23:57:52,551] {logging_mixin.py:104} INFO - [2021-02-17 23:57:52,550] {dag.py:1818} INFO - Sync 1 DAGs
[2021-02-17 23:57:52,601] {logging_mixin.py:104} INFO - [2021-02-17 23:57:52,601] {dag.py:2273} INFO - Setting next_dagrun for example_bash_operator to 2021-02-16 00:00:00+00:00
[2021-02-17 23:57:52,637] {scheduler_job.py:190} INFO - Processing /home/airflow/.local/lib/python3.6/site-packages/airflow/example_dags/example_bash_operator.py took 0.231 seconds
[2021-02-17 23:58:38,474] {scheduler_job.py:182} INFO - Started process (PID=153) to work on /home/airflow/.local/lib/python3.6/site-packages/airflow/example_dags/example_bash_operator.py
[2021-02-17 23:58:38,552] {scheduler_job.py:629} INFO - Processing file /home/airflow/.local/lib/python3.6/site-packages/airflow/example_dags/example_bash_operator.py for tasks to queue
[2021-02-17 23:58:38,570] {logging_mixin.py:104} INFO - [2021-02-17 23:58:38,570] {dagbag.py:448} INFO - Filling up the DagBag from /home/airflow/.local/lib/python3.6/site-packages/airflow/example_dags/example_bash_operator.py
[2021-02-17 23:58:39,793] {scheduler_job.py:639} INFO - DAG(s) dict_keys(['example_bash_operator']) retrieved from /home/airflow/.local/lib/python3.6/site-packages/airflow/example_dags/example_bash_operator.py
[2021-02-17 23:58:48,699] {logging_mixin.py:104} INFO - [2021-02-17 23:58:48,698] {process_utils.py:206} INFO - Waiting up to 5 seconds for processes to exit...
