[2021-02-17 23:40:32,825] {scheduler_job.py:182} INFO - Started process (PID=38) to work on /home/airflow/.local/lib/python3.6/site-packages/airflow/example_dags/example_skip_dag.py
[2021-02-17 23:40:32,832] {scheduler_job.py:629} INFO - Processing file /home/airflow/.local/lib/python3.6/site-packages/airflow/example_dags/example_skip_dag.py for tasks to queue
[2021-02-17 23:40:32,836] {logging_mixin.py:104} INFO - [2021-02-17 23:40:32,836] {dagbag.py:448} INFO - Filling up the DagBag from /home/airflow/.local/lib/python3.6/site-packages/airflow/example_dags/example_skip_dag.py
[2021-02-17 23:40:32,937] {scheduler_job.py:639} INFO - DAG(s) dict_keys(['example_skip_dag']) retrieved from /home/airflow/.local/lib/python3.6/site-packages/airflow/example_dags/example_skip_dag.py
[2021-02-17 23:40:33,272] {logging_mixin.py:104} INFO - [2021-02-17 23:40:33,261] {dag.py:1818} INFO - Sync 1 DAGs
[2021-02-17 23:40:33,515] {logging_mixin.py:104} INFO - [2021-02-17 23:40:33,515] {dag.py:2273} INFO - Setting next_dagrun for example_skip_dag to 2021-02-15 00:00:00+00:00
[2021-02-17 23:40:33,649] {scheduler_job.py:190} INFO - Processing /home/airflow/.local/lib/python3.6/site-packages/airflow/example_dags/example_skip_dag.py took 0.830 seconds
[2021-02-17 23:41:48,999] {scheduler_job.py:182} INFO - Started process (PID=65) to work on /home/airflow/.local/lib/python3.6/site-packages/airflow/example_dags/example_skip_dag.py
[2021-02-17 23:41:49,004] {scheduler_job.py:629} INFO - Processing file /home/airflow/.local/lib/python3.6/site-packages/airflow/example_dags/example_skip_dag.py for tasks to queue
[2021-02-17 23:41:49,008] {logging_mixin.py:104} INFO - [2021-02-17 23:41:49,008] {dagbag.py:448} INFO - Filling up the DagBag from /home/airflow/.local/lib/python3.6/site-packages/airflow/example_dags/example_skip_dag.py
[2021-02-17 23:41:49,100] {scheduler_job.py:639} INFO - DAG(s) dict_keys(['example_skip_dag']) retrieved from /home/airflow/.local/lib/python3.6/site-packages/airflow/example_dags/example_skip_dag.py
[2021-02-17 23:41:49,271] {logging_mixin.py:104} INFO - [2021-02-17 23:41:49,270] {dag.py:1818} INFO - Sync 1 DAGs
[2021-02-17 23:41:51,276] {logging_mixin.py:104} INFO - [2021-02-17 23:41:51,270] {dag.py:2273} INFO - Setting next_dagrun for example_skip_dag to 2021-02-15 00:00:00+00:00
[2021-02-17 23:41:51,786] {scheduler_job.py:190} INFO - Processing /home/airflow/.local/lib/python3.6/site-packages/airflow/example_dags/example_skip_dag.py took 2.824 seconds
[2021-02-17 23:42:23,342] {scheduler_job.py:182} INFO - Started process (PID=92) to work on /home/airflow/.local/lib/python3.6/site-packages/airflow/example_dags/example_skip_dag.py
[2021-02-17 23:42:23,413] {scheduler_job.py:629} INFO - Processing file /home/airflow/.local/lib/python3.6/site-packages/airflow/example_dags/example_skip_dag.py for tasks to queue
[2021-02-17 23:42:23,838] {logging_mixin.py:104} INFO - [2021-02-17 23:42:23,830] {dagbag.py:448} INFO - Filling up the DagBag from /home/airflow/.local/lib/python3.6/site-packages/airflow/example_dags/example_skip_dag.py
[2021-02-17 23:42:24,077] {scheduler_job.py:639} INFO - DAG(s) dict_keys(['example_skip_dag']) retrieved from /home/airflow/.local/lib/python3.6/site-packages/airflow/example_dags/example_skip_dag.py
[2021-02-17 23:42:24,440] {logging_mixin.py:104} INFO - [2021-02-17 23:42:24,440] {dag.py:1818} INFO - Sync 1 DAGs
[2021-02-17 23:42:24,783] {logging_mixin.py:104} INFO - [2021-02-17 23:42:24,779] {dag.py:2273} INFO - Setting next_dagrun for example_skip_dag to 2021-02-15 00:00:00+00:00
[2021-02-17 23:42:24,909] {scheduler_job.py:190} INFO - Processing /home/airflow/.local/lib/python3.6/site-packages/airflow/example_dags/example_skip_dag.py took 1.730 seconds
[2021-02-17 23:43:06,513] {scheduler_job.py:182} INFO - Started process (PID=121) to work on /home/airflow/.local/lib/python3.6/site-packages/airflow/example_dags/example_skip_dag.py
[2021-02-17 23:43:06,516] {scheduler_job.py:629} INFO - Processing file /home/airflow/.local/lib/python3.6/site-packages/airflow/example_dags/example_skip_dag.py for tasks to queue
[2021-02-17 23:43:06,518] {logging_mixin.py:104} INFO - [2021-02-17 23:43:06,518] {dagbag.py:448} INFO - Filling up the DagBag from /home/airflow/.local/lib/python3.6/site-packages/airflow/example_dags/example_skip_dag.py
[2021-02-17 23:43:06,570] {scheduler_job.py:639} INFO - DAG(s) dict_keys(['example_skip_dag']) retrieved from /home/airflow/.local/lib/python3.6/site-packages/airflow/example_dags/example_skip_dag.py
[2021-02-17 23:43:06,647] {logging_mixin.py:104} INFO - [2021-02-17 23:43:06,647] {dag.py:1818} INFO - Sync 1 DAGs
[2021-02-17 23:43:06,718] {logging_mixin.py:104} INFO - [2021-02-17 23:43:06,717] {dag.py:2273} INFO - Setting next_dagrun for example_skip_dag to 2021-02-15 00:00:00+00:00
[2021-02-17 23:43:06,778] {scheduler_job.py:190} INFO - Processing /home/airflow/.local/lib/python3.6/site-packages/airflow/example_dags/example_skip_dag.py took 0.278 seconds
[2021-02-17 23:47:44,736] {scheduler_job.py:182} INFO - Started process (PID=37) to work on /home/airflow/.local/lib/python3.6/site-packages/airflow/example_dags/example_skip_dag.py
[2021-02-17 23:47:44,752] {scheduler_job.py:629} INFO - Processing file /home/airflow/.local/lib/python3.6/site-packages/airflow/example_dags/example_skip_dag.py for tasks to queue
[2021-02-17 23:47:44,755] {logging_mixin.py:104} INFO - [2021-02-17 23:47:44,754] {dagbag.py:448} INFO - Filling up the DagBag from /home/airflow/.local/lib/python3.6/site-packages/airflow/example_dags/example_skip_dag.py
[2021-02-17 23:47:44,881] {scheduler_job.py:639} INFO - DAG(s) dict_keys(['example_skip_dag']) retrieved from /home/airflow/.local/lib/python3.6/site-packages/airflow/example_dags/example_skip_dag.py
[2021-02-17 23:47:45,114] {logging_mixin.py:104} INFO - [2021-02-17 23:47:45,111] {dag.py:1818} INFO - Sync 1 DAGs
[2021-02-17 23:47:45,209] {logging_mixin.py:104} INFO - [2021-02-17 23:47:45,209] {dag.py:2273} INFO - Setting next_dagrun for example_skip_dag to 2021-02-15 00:00:00+00:00
[2021-02-17 23:47:45,312] {scheduler_job.py:190} INFO - Processing /home/airflow/.local/lib/python3.6/site-packages/airflow/example_dags/example_skip_dag.py took 0.588 seconds
[2021-02-17 23:48:17,366] {scheduler_job.py:182} INFO - Started process (PID=65) to work on /home/airflow/.local/lib/python3.6/site-packages/airflow/example_dags/example_skip_dag.py
[2021-02-17 23:48:17,389] {scheduler_job.py:629} INFO - Processing file /home/airflow/.local/lib/python3.6/site-packages/airflow/example_dags/example_skip_dag.py for tasks to queue
[2021-02-17 23:48:17,393] {logging_mixin.py:104} INFO - [2021-02-17 23:48:17,392] {dagbag.py:448} INFO - Filling up the DagBag from /home/airflow/.local/lib/python3.6/site-packages/airflow/example_dags/example_skip_dag.py
[2021-02-17 23:48:17,480] {scheduler_job.py:639} INFO - DAG(s) dict_keys(['example_skip_dag']) retrieved from /home/airflow/.local/lib/python3.6/site-packages/airflow/example_dags/example_skip_dag.py
[2021-02-17 23:48:17,542] {logging_mixin.py:104} INFO - [2021-02-17 23:48:17,542] {dag.py:1818} INFO - Sync 1 DAGs
[2021-02-17 23:48:17,586] {logging_mixin.py:104} INFO - [2021-02-17 23:48:17,586] {dag.py:2273} INFO - Setting next_dagrun for example_skip_dag to 2021-02-15 00:00:00+00:00
[2021-02-17 23:48:17,616] {scheduler_job.py:190} INFO - Processing /home/airflow/.local/lib/python3.6/site-packages/airflow/example_dags/example_skip_dag.py took 0.299 seconds
[2021-02-17 23:48:47,845] {scheduler_job.py:182} INFO - Started process (PID=90) to work on /home/airflow/.local/lib/python3.6/site-packages/airflow/example_dags/example_skip_dag.py
[2021-02-17 23:48:47,855] {scheduler_job.py:629} INFO - Processing file /home/airflow/.local/lib/python3.6/site-packages/airflow/example_dags/example_skip_dag.py for tasks to queue
[2021-02-17 23:48:47,857] {logging_mixin.py:104} INFO - [2021-02-17 23:48:47,857] {dagbag.py:448} INFO - Filling up the DagBag from /home/airflow/.local/lib/python3.6/site-packages/airflow/example_dags/example_skip_dag.py
[2021-02-17 23:48:47,897] {scheduler_job.py:639} INFO - DAG(s) dict_keys(['example_skip_dag']) retrieved from /home/airflow/.local/lib/python3.6/site-packages/airflow/example_dags/example_skip_dag.py
[2021-02-17 23:48:47,975] {logging_mixin.py:104} INFO - [2021-02-17 23:48:47,973] {dag.py:1818} INFO - Sync 1 DAGs
[2021-02-17 23:48:48,047] {logging_mixin.py:104} INFO - [2021-02-17 23:48:48,046] {dag.py:2273} INFO - Setting next_dagrun for example_skip_dag to 2021-02-15 00:00:00+00:00
[2021-02-17 23:48:48,104] {scheduler_job.py:190} INFO - Processing /home/airflow/.local/lib/python3.6/site-packages/airflow/example_dags/example_skip_dag.py took 0.265 seconds
[2021-02-17 23:49:23,121] {scheduler_job.py:182} INFO - Started process (PID=118) to work on /home/airflow/.local/lib/python3.6/site-packages/airflow/example_dags/example_skip_dag.py
[2021-02-17 23:49:23,134] {scheduler_job.py:629} INFO - Processing file /home/airflow/.local/lib/python3.6/site-packages/airflow/example_dags/example_skip_dag.py for tasks to queue
[2021-02-17 23:49:23,143] {logging_mixin.py:104} INFO - [2021-02-17 23:49:23,140] {dagbag.py:448} INFO - Filling up the DagBag from /home/airflow/.local/lib/python3.6/site-packages/airflow/example_dags/example_skip_dag.py
[2021-02-17 23:49:23,257] {scheduler_job.py:639} INFO - DAG(s) dict_keys(['example_skip_dag']) retrieved from /home/airflow/.local/lib/python3.6/site-packages/airflow/example_dags/example_skip_dag.py
[2021-02-17 23:49:23,311] {logging_mixin.py:104} INFO - [2021-02-17 23:49:23,310] {dag.py:1818} INFO - Sync 1 DAGs
[2021-02-17 23:49:23,396] {logging_mixin.py:104} INFO - [2021-02-17 23:49:23,396] {dag.py:2273} INFO - Setting next_dagrun for example_skip_dag to 2021-02-15 00:00:00+00:00
[2021-02-17 23:49:23,417] {scheduler_job.py:190} INFO - Processing /home/airflow/.local/lib/python3.6/site-packages/airflow/example_dags/example_skip_dag.py took 0.308 seconds
[2021-02-17 23:50:02,300] {scheduler_job.py:182} INFO - Started process (PID=145) to work on /home/airflow/.local/lib/python3.6/site-packages/airflow/example_dags/example_skip_dag.py
[2021-02-17 23:50:02,306] {scheduler_job.py:629} INFO - Processing file /home/airflow/.local/lib/python3.6/site-packages/airflow/example_dags/example_skip_dag.py for tasks to queue
[2021-02-17 23:50:02,309] {logging_mixin.py:104} INFO - [2021-02-17 23:50:02,309] {dagbag.py:448} INFO - Filling up the DagBag from /home/airflow/.local/lib/python3.6/site-packages/airflow/example_dags/example_skip_dag.py
[2021-02-17 23:50:02,334] {scheduler_job.py:639} INFO - DAG(s) dict_keys(['example_skip_dag']) retrieved from /home/airflow/.local/lib/python3.6/site-packages/airflow/example_dags/example_skip_dag.py
[2021-02-17 23:50:02,367] {logging_mixin.py:104} INFO - [2021-02-17 23:50:02,367] {dag.py:1818} INFO - Sync 1 DAGs
[2021-02-17 23:50:02,397] {logging_mixin.py:104} INFO - [2021-02-17 23:50:02,397] {dag.py:2273} INFO - Setting next_dagrun for example_skip_dag to 2021-02-15 00:00:00+00:00
[2021-02-17 23:50:02,440] {scheduler_job.py:190} INFO - Processing /home/airflow/.local/lib/python3.6/site-packages/airflow/example_dags/example_skip_dag.py took 0.145 seconds
[2021-02-17 23:50:44,389] {scheduler_job.py:182} INFO - Started process (PID=172) to work on /home/airflow/.local/lib/python3.6/site-packages/airflow/example_dags/example_skip_dag.py
[2021-02-17 23:50:44,392] {scheduler_job.py:629} INFO - Processing file /home/airflow/.local/lib/python3.6/site-packages/airflow/example_dags/example_skip_dag.py for tasks to queue
[2021-02-17 23:50:44,394] {logging_mixin.py:104} INFO - [2021-02-17 23:50:44,394] {dagbag.py:448} INFO - Filling up the DagBag from /home/airflow/.local/lib/python3.6/site-packages/airflow/example_dags/example_skip_dag.py
[2021-02-17 23:50:44,464] {scheduler_job.py:639} INFO - DAG(s) dict_keys(['example_skip_dag']) retrieved from /home/airflow/.local/lib/python3.6/site-packages/airflow/example_dags/example_skip_dag.py
[2021-02-17 23:50:44,548] {logging_mixin.py:104} INFO - [2021-02-17 23:50:44,548] {dag.py:1818} INFO - Sync 1 DAGs
[2021-02-17 23:50:44,586] {logging_mixin.py:104} INFO - [2021-02-17 23:50:44,585] {dag.py:2273} INFO - Setting next_dagrun for example_skip_dag to 2021-02-15 00:00:00+00:00
[2021-02-17 23:50:44,655] {scheduler_job.py:190} INFO - Processing /home/airflow/.local/lib/python3.6/site-packages/airflow/example_dags/example_skip_dag.py took 0.270 seconds
[2021-02-17 23:51:34,392] {scheduler_job.py:182} INFO - Started process (PID=21) to work on /home/airflow/.local/lib/python3.6/site-packages/airflow/example_dags/example_skip_dag.py
[2021-02-17 23:51:34,412] {scheduler_job.py:629} INFO - Processing file /home/airflow/.local/lib/python3.6/site-packages/airflow/example_dags/example_skip_dag.py for tasks to queue
[2021-02-17 23:51:34,426] {logging_mixin.py:104} INFO - [2021-02-17 23:51:34,426] {dagbag.py:448} INFO - Filling up the DagBag from /home/airflow/.local/lib/python3.6/site-packages/airflow/example_dags/example_skip_dag.py
[2021-02-17 23:51:34,508] {scheduler_job.py:639} INFO - DAG(s) dict_keys(['example_skip_dag']) retrieved from /home/airflow/.local/lib/python3.6/site-packages/airflow/example_dags/example_skip_dag.py
[2021-02-17 23:51:34,661] {logging_mixin.py:104} INFO - [2021-02-17 23:51:34,661] {dag.py:1818} INFO - Sync 1 DAGs
[2021-02-17 23:51:34,808] {logging_mixin.py:104} INFO - [2021-02-17 23:51:34,808] {dag.py:2273} INFO - Setting next_dagrun for example_skip_dag to 2021-02-15 00:00:00+00:00
[2021-02-17 23:51:34,900] {scheduler_job.py:190} INFO - Processing /home/airflow/.local/lib/python3.6/site-packages/airflow/example_dags/example_skip_dag.py took 0.529 seconds
[2021-02-17 23:52:07,286] {scheduler_job.py:182} INFO - Started process (PID=48) to work on /home/airflow/.local/lib/python3.6/site-packages/airflow/example_dags/example_skip_dag.py
[2021-02-17 23:52:07,303] {scheduler_job.py:629} INFO - Processing file /home/airflow/.local/lib/python3.6/site-packages/airflow/example_dags/example_skip_dag.py for tasks to queue
[2021-02-17 23:52:07,333] {logging_mixin.py:104} INFO - [2021-02-17 23:52:07,333] {dagbag.py:448} INFO - Filling up the DagBag from /home/airflow/.local/lib/python3.6/site-packages/airflow/example_dags/example_skip_dag.py
[2021-02-17 23:52:07,392] {scheduler_job.py:639} INFO - DAG(s) dict_keys(['example_skip_dag']) retrieved from /home/airflow/.local/lib/python3.6/site-packages/airflow/example_dags/example_skip_dag.py
[2021-02-17 23:52:07,622] {logging_mixin.py:104} INFO - [2021-02-17 23:52:07,622] {dag.py:1818} INFO - Sync 1 DAGs
[2021-02-17 23:52:07,771] {logging_mixin.py:104} INFO - [2021-02-17 23:52:07,770] {dag.py:2273} INFO - Setting next_dagrun for example_skip_dag to 2021-02-15 00:00:00+00:00
[2021-02-17 23:52:07,837] {scheduler_job.py:190} INFO - Processing /home/airflow/.local/lib/python3.6/site-packages/airflow/example_dags/example_skip_dag.py took 0.579 seconds
[2021-02-17 23:52:42,361] {scheduler_job.py:182} INFO - Started process (PID=75) to work on /home/airflow/.local/lib/python3.6/site-packages/airflow/example_dags/example_skip_dag.py
[2021-02-17 23:52:42,371] {scheduler_job.py:629} INFO - Processing file /home/airflow/.local/lib/python3.6/site-packages/airflow/example_dags/example_skip_dag.py for tasks to queue
[2021-02-17 23:52:42,383] {logging_mixin.py:104} INFO - [2021-02-17 23:52:42,383] {dagbag.py:448} INFO - Filling up the DagBag from /home/airflow/.local/lib/python3.6/site-packages/airflow/example_dags/example_skip_dag.py
[2021-02-17 23:52:42,450] {scheduler_job.py:639} INFO - DAG(s) dict_keys(['example_skip_dag']) retrieved from /home/airflow/.local/lib/python3.6/site-packages/airflow/example_dags/example_skip_dag.py
[2021-02-17 23:52:42,507] {logging_mixin.py:104} INFO - [2021-02-17 23:52:42,507] {dag.py:1818} INFO - Sync 1 DAGs
[2021-02-17 23:52:42,684] {logging_mixin.py:104} INFO - [2021-02-17 23:52:42,683] {dag.py:2273} INFO - Setting next_dagrun for example_skip_dag to 2021-02-15 00:00:00+00:00
[2021-02-17 23:52:42,723] {scheduler_job.py:190} INFO - Processing /home/airflow/.local/lib/python3.6/site-packages/airflow/example_dags/example_skip_dag.py took 0.393 seconds
[2021-02-17 23:53:16,615] {scheduler_job.py:182} INFO - Started process (PID=104) to work on /home/airflow/.local/lib/python3.6/site-packages/airflow/example_dags/example_skip_dag.py
[2021-02-17 23:53:16,624] {scheduler_job.py:629} INFO - Processing file /home/airflow/.local/lib/python3.6/site-packages/airflow/example_dags/example_skip_dag.py for tasks to queue
[2021-02-17 23:53:16,630] {logging_mixin.py:104} INFO - [2021-02-17 23:53:16,629] {dagbag.py:448} INFO - Filling up the DagBag from /home/airflow/.local/lib/python3.6/site-packages/airflow/example_dags/example_skip_dag.py
[2021-02-17 23:53:16,691] {scheduler_job.py:639} INFO - DAG(s) dict_keys(['example_skip_dag']) retrieved from /home/airflow/.local/lib/python3.6/site-packages/airflow/example_dags/example_skip_dag.py
[2021-02-17 23:53:16,763] {logging_mixin.py:104} INFO - [2021-02-17 23:53:16,763] {dag.py:1818} INFO - Sync 1 DAGs
[2021-02-17 23:53:16,807] {logging_mixin.py:104} INFO - [2021-02-17 23:53:16,807] {dag.py:2273} INFO - Setting next_dagrun for example_skip_dag to 2021-02-15 00:00:00+00:00
[2021-02-17 23:53:16,848] {scheduler_job.py:190} INFO - Processing /home/airflow/.local/lib/python3.6/site-packages/airflow/example_dags/example_skip_dag.py took 0.252 seconds
[2021-02-17 23:55:36,759] {scheduler_job.py:182} INFO - Started process (PID=22) to work on /home/airflow/.local/lib/python3.6/site-packages/airflow/example_dags/example_skip_dag.py
[2021-02-17 23:55:36,774] {scheduler_job.py:629} INFO - Processing file /home/airflow/.local/lib/python3.6/site-packages/airflow/example_dags/example_skip_dag.py for tasks to queue
[2021-02-17 23:55:36,803] {logging_mixin.py:104} INFO - [2021-02-17 23:55:36,803] {dagbag.py:448} INFO - Filling up the DagBag from /home/airflow/.local/lib/python3.6/site-packages/airflow/example_dags/example_skip_dag.py
[2021-02-17 23:55:36,912] {scheduler_job.py:639} INFO - DAG(s) dict_keys(['example_skip_dag']) retrieved from /home/airflow/.local/lib/python3.6/site-packages/airflow/example_dags/example_skip_dag.py
[2021-02-17 23:55:36,974] {logging_mixin.py:104} INFO - [2021-02-17 23:55:36,974] {dag.py:1818} INFO - Sync 1 DAGs
[2021-02-17 23:55:37,049] {logging_mixin.py:104} INFO - [2021-02-17 23:55:37,049] {dag.py:2273} INFO - Setting next_dagrun for example_skip_dag to 2021-02-15 00:00:00+00:00
[2021-02-17 23:55:37,083] {scheduler_job.py:190} INFO - Processing /home/airflow/.local/lib/python3.6/site-packages/airflow/example_dags/example_skip_dag.py took 0.336 seconds
[2021-02-17 23:56:07,382] {scheduler_job.py:182} INFO - Started process (PID=49) to work on /home/airflow/.local/lib/python3.6/site-packages/airflow/example_dags/example_skip_dag.py
[2021-02-17 23:56:07,393] {scheduler_job.py:629} INFO - Processing file /home/airflow/.local/lib/python3.6/site-packages/airflow/example_dags/example_skip_dag.py for tasks to queue
[2021-02-17 23:56:07,397] {logging_mixin.py:104} INFO - [2021-02-17 23:56:07,397] {dagbag.py:448} INFO - Filling up the DagBag from /home/airflow/.local/lib/python3.6/site-packages/airflow/example_dags/example_skip_dag.py
[2021-02-17 23:56:07,594] {scheduler_job.py:639} INFO - DAG(s) dict_keys(['example_skip_dag']) retrieved from /home/airflow/.local/lib/python3.6/site-packages/airflow/example_dags/example_skip_dag.py
[2021-02-17 23:56:07,795] {logging_mixin.py:104} INFO - [2021-02-17 23:56:07,795] {dag.py:1818} INFO - Sync 1 DAGs
[2021-02-17 23:56:07,998] {logging_mixin.py:104} INFO - [2021-02-17 23:56:07,998] {dag.py:2273} INFO - Setting next_dagrun for example_skip_dag to 2021-02-15 00:00:00+00:00
[2021-02-17 23:56:08,216] {scheduler_job.py:190} INFO - Processing /home/airflow/.local/lib/python3.6/site-packages/airflow/example_dags/example_skip_dag.py took 0.859 seconds
[2021-02-17 23:56:38,964] {scheduler_job.py:182} INFO - Started process (PID=76) to work on /home/airflow/.local/lib/python3.6/site-packages/airflow/example_dags/example_skip_dag.py
[2021-02-17 23:56:38,981] {scheduler_job.py:629} INFO - Processing file /home/airflow/.local/lib/python3.6/site-packages/airflow/example_dags/example_skip_dag.py for tasks to queue
[2021-02-17 23:56:38,996] {logging_mixin.py:104} INFO - [2021-02-17 23:56:38,996] {dagbag.py:448} INFO - Filling up the DagBag from /home/airflow/.local/lib/python3.6/site-packages/airflow/example_dags/example_skip_dag.py
[2021-02-17 23:56:39,241] {scheduler_job.py:639} INFO - DAG(s) dict_keys(['example_skip_dag']) retrieved from /home/airflow/.local/lib/python3.6/site-packages/airflow/example_dags/example_skip_dag.py
[2021-02-17 23:56:39,524] {logging_mixin.py:104} INFO - [2021-02-17 23:56:39,524] {dag.py:1818} INFO - Sync 1 DAGs
[2021-02-17 23:56:39,661] {logging_mixin.py:104} INFO - [2021-02-17 23:56:39,659] {dag.py:2273} INFO - Setting next_dagrun for example_skip_dag to 2021-02-15 00:00:00+00:00
[2021-02-17 23:56:39,735] {scheduler_job.py:190} INFO - Processing /home/airflow/.local/lib/python3.6/site-packages/airflow/example_dags/example_skip_dag.py took 0.790 seconds
[2021-02-17 23:57:24,769] {scheduler_job.py:182} INFO - Started process (PID=103) to work on /home/airflow/.local/lib/python3.6/site-packages/airflow/example_dags/example_skip_dag.py
[2021-02-17 23:57:24,783] {scheduler_job.py:629} INFO - Processing file /home/airflow/.local/lib/python3.6/site-packages/airflow/example_dags/example_skip_dag.py for tasks to queue
[2021-02-17 23:57:24,786] {logging_mixin.py:104} INFO - [2021-02-17 23:57:24,785] {dagbag.py:448} INFO - Filling up the DagBag from /home/airflow/.local/lib/python3.6/site-packages/airflow/example_dags/example_skip_dag.py
[2021-02-17 23:57:25,362] {scheduler_job.py:639} INFO - DAG(s) dict_keys(['example_skip_dag']) retrieved from /home/airflow/.local/lib/python3.6/site-packages/airflow/example_dags/example_skip_dag.py
[2021-02-17 23:57:27,917] {logging_mixin.py:104} INFO - [2021-02-17 23:57:27,851] {dag.py:1818} INFO - Sync 1 DAGs
[2021-02-17 23:57:28,853] {logging_mixin.py:104} INFO - [2021-02-17 23:57:28,852] {dag.py:2273} INFO - Setting next_dagrun for example_skip_dag to 2021-02-15 00:00:00+00:00
[2021-02-17 23:57:29,188] {scheduler_job.py:190} INFO - Processing /home/airflow/.local/lib/python3.6/site-packages/airflow/example_dags/example_skip_dag.py took 4.535 seconds
[2021-02-17 23:58:00,136] {scheduler_job.py:182} INFO - Started process (PID=130) to work on /home/airflow/.local/lib/python3.6/site-packages/airflow/example_dags/example_skip_dag.py
[2021-02-17 23:58:00,143] {scheduler_job.py:629} INFO - Processing file /home/airflow/.local/lib/python3.6/site-packages/airflow/example_dags/example_skip_dag.py for tasks to queue
[2021-02-17 23:58:00,148] {logging_mixin.py:104} INFO - [2021-02-17 23:58:00,148] {dagbag.py:448} INFO - Filling up the DagBag from /home/airflow/.local/lib/python3.6/site-packages/airflow/example_dags/example_skip_dag.py
[2021-02-17 23:58:00,212] {scheduler_job.py:639} INFO - DAG(s) dict_keys(['example_skip_dag']) retrieved from /home/airflow/.local/lib/python3.6/site-packages/airflow/example_dags/example_skip_dag.py
[2021-02-17 23:58:00,295] {logging_mixin.py:104} INFO - [2021-02-17 23:58:00,295] {dag.py:1818} INFO - Sync 1 DAGs
[2021-02-17 23:58:00,380] {logging_mixin.py:104} INFO - [2021-02-17 23:58:00,380] {dag.py:2273} INFO - Setting next_dagrun for example_skip_dag to 2021-02-15 00:00:00+00:00
[2021-02-17 23:58:00,413] {scheduler_job.py:190} INFO - Processing /home/airflow/.local/lib/python3.6/site-packages/airflow/example_dags/example_skip_dag.py took 0.303 seconds
