[2021-02-17 23:39:18,118] {scheduler_job.py:182} INFO - Started process (PID=203) to work on /home/airflow/.local/lib/python3.6/site-packages/airflow/example_dags/example_external_task_marker_dag.py
[2021-02-17 23:39:18,309] {scheduler_job.py:629} INFO - Processing file /home/airflow/.local/lib/python3.6/site-packages/airflow/example_dags/example_external_task_marker_dag.py for tasks to queue
[2021-02-17 23:39:18,319] {logging_mixin.py:104} INFO - [2021-02-17 23:39:18,319] {dagbag.py:448} INFO - Filling up the DagBag from /home/airflow/.local/lib/python3.6/site-packages/airflow/example_dags/example_external_task_marker_dag.py
[2021-02-17 23:39:19,051] {scheduler_job.py:639} INFO - DAG(s) dict_keys(['example_external_task_marker_parent', 'example_external_task_marker_child']) retrieved from /home/airflow/.local/lib/python3.6/site-packages/airflow/example_dags/example_external_task_marker_dag.py
[2021-02-17 23:39:24,441] {logging_mixin.py:104} INFO - [2021-02-17 23:39:24,356] {dag.py:1818} INFO - Sync 2 DAGs
[2021-02-17 23:39:24,752] {logging_mixin.py:104} INFO - [2021-02-17 23:39:24,752] {dag.py:2273} INFO - Setting next_dagrun for example_external_task_marker_child to None
[2021-02-17 23:39:24,766] {logging_mixin.py:104} INFO - [2021-02-17 23:39:24,766] {dag.py:2273} INFO - Setting next_dagrun for example_external_task_marker_parent to None
[2021-02-17 23:39:24,865] {scheduler_job.py:190} INFO - Processing /home/airflow/.local/lib/python3.6/site-packages/airflow/example_dags/example_external_task_marker_dag.py took 6.789 seconds
[2021-02-17 23:40:26,687] {scheduler_job.py:182} INFO - Started process (PID=26) to work on /home/airflow/.local/lib/python3.6/site-packages/airflow/example_dags/example_external_task_marker_dag.py
[2021-02-17 23:40:26,709] {scheduler_job.py:629} INFO - Processing file /home/airflow/.local/lib/python3.6/site-packages/airflow/example_dags/example_external_task_marker_dag.py for tasks to queue
[2021-02-17 23:40:26,712] {logging_mixin.py:104} INFO - [2021-02-17 23:40:26,712] {dagbag.py:448} INFO - Filling up the DagBag from /home/airflow/.local/lib/python3.6/site-packages/airflow/example_dags/example_external_task_marker_dag.py
[2021-02-17 23:40:26,820] {scheduler_job.py:639} INFO - DAG(s) dict_keys(['example_external_task_marker_parent', 'example_external_task_marker_child']) retrieved from /home/airflow/.local/lib/python3.6/site-packages/airflow/example_dags/example_external_task_marker_dag.py
[2021-02-17 23:40:26,962] {logging_mixin.py:104} INFO - [2021-02-17 23:40:26,962] {dag.py:1818} INFO - Sync 2 DAGs
[2021-02-17 23:40:27,107] {logging_mixin.py:104} INFO - [2021-02-17 23:40:27,107] {dag.py:2273} INFO - Setting next_dagrun for example_external_task_marker_child to None
[2021-02-17 23:40:27,148] {logging_mixin.py:104} INFO - [2021-02-17 23:40:27,113] {dag.py:2273} INFO - Setting next_dagrun for example_external_task_marker_parent to None
[2021-02-17 23:40:27,303] {scheduler_job.py:190} INFO - Processing /home/airflow/.local/lib/python3.6/site-packages/airflow/example_dags/example_external_task_marker_dag.py took 0.622 seconds
[2021-02-17 23:41:17,968] {scheduler_job.py:182} INFO - Started process (PID=53) to work on /home/airflow/.local/lib/python3.6/site-packages/airflow/example_dags/example_external_task_marker_dag.py
[2021-02-17 23:41:17,993] {scheduler_job.py:629} INFO - Processing file /home/airflow/.local/lib/python3.6/site-packages/airflow/example_dags/example_external_task_marker_dag.py for tasks to queue
[2021-02-17 23:41:18,012] {logging_mixin.py:104} INFO - [2021-02-17 23:41:18,011] {dagbag.py:448} INFO - Filling up the DagBag from /home/airflow/.local/lib/python3.6/site-packages/airflow/example_dags/example_external_task_marker_dag.py
[2021-02-17 23:41:18,453] {scheduler_job.py:639} INFO - DAG(s) dict_keys(['example_external_task_marker_parent', 'example_external_task_marker_child']) retrieved from /home/airflow/.local/lib/python3.6/site-packages/airflow/example_dags/example_external_task_marker_dag.py
[2021-02-17 23:41:23,165] {logging_mixin.py:104} INFO - [2021-02-17 23:41:23,004] {dag.py:1818} INFO - Sync 2 DAGs
[2021-02-17 23:41:24,292] {logging_mixin.py:104} INFO - [2021-02-17 23:41:24,286] {dag.py:2273} INFO - Setting next_dagrun for example_external_task_marker_child to None
[2021-02-17 23:41:24,316] {logging_mixin.py:104} INFO - [2021-02-17 23:41:24,315] {dag.py:2273} INFO - Setting next_dagrun for example_external_task_marker_parent to None
[2021-02-17 23:41:24,677] {scheduler_job.py:190} INFO - Processing /home/airflow/.local/lib/python3.6/site-packages/airflow/example_dags/example_external_task_marker_dag.py took 6.806 seconds
[2021-02-17 23:41:57,929] {scheduler_job.py:182} INFO - Started process (PID=77) to work on /home/airflow/.local/lib/python3.6/site-packages/airflow/example_dags/example_external_task_marker_dag.py
[2021-02-17 23:41:57,959] {scheduler_job.py:629} INFO - Processing file /home/airflow/.local/lib/python3.6/site-packages/airflow/example_dags/example_external_task_marker_dag.py for tasks to queue
[2021-02-17 23:41:57,965] {logging_mixin.py:104} INFO - [2021-02-17 23:41:57,964] {dagbag.py:448} INFO - Filling up the DagBag from /home/airflow/.local/lib/python3.6/site-packages/airflow/example_dags/example_external_task_marker_dag.py
[2021-02-17 23:41:58,513] {scheduler_job.py:639} INFO - DAG(s) dict_keys(['example_external_task_marker_parent', 'example_external_task_marker_child']) retrieved from /home/airflow/.local/lib/python3.6/site-packages/airflow/example_dags/example_external_task_marker_dag.py
[2021-02-17 23:41:59,081] {logging_mixin.py:104} INFO - [2021-02-17 23:41:59,081] {dag.py:1818} INFO - Sync 2 DAGs
[2021-02-17 23:42:00,702] {logging_mixin.py:104} INFO - [2021-02-17 23:42:00,701] {dag.py:2273} INFO - Setting next_dagrun for example_external_task_marker_child to None
[2021-02-17 23:42:00,747] {logging_mixin.py:104} INFO - [2021-02-17 23:42:00,742] {dag.py:2273} INFO - Setting next_dagrun for example_external_task_marker_parent to None
[2021-02-17 23:42:00,932] {scheduler_job.py:190} INFO - Processing /home/airflow/.local/lib/python3.6/site-packages/airflow/example_dags/example_external_task_marker_dag.py took 3.035 seconds
[2021-02-17 23:42:34,893] {scheduler_job.py:182} INFO - Started process (PID=104) to work on /home/airflow/.local/lib/python3.6/site-packages/airflow/example_dags/example_external_task_marker_dag.py
[2021-02-17 23:42:34,898] {scheduler_job.py:629} INFO - Processing file /home/airflow/.local/lib/python3.6/site-packages/airflow/example_dags/example_external_task_marker_dag.py for tasks to queue
[2021-02-17 23:42:34,900] {logging_mixin.py:104} INFO - [2021-02-17 23:42:34,900] {dagbag.py:448} INFO - Filling up the DagBag from /home/airflow/.local/lib/python3.6/site-packages/airflow/example_dags/example_external_task_marker_dag.py
[2021-02-17 23:42:34,980] {scheduler_job.py:639} INFO - DAG(s) dict_keys(['example_external_task_marker_parent', 'example_external_task_marker_child']) retrieved from /home/airflow/.local/lib/python3.6/site-packages/airflow/example_dags/example_external_task_marker_dag.py
[2021-02-17 23:42:35,085] {logging_mixin.py:104} INFO - [2021-02-17 23:42:35,085] {dag.py:1818} INFO - Sync 2 DAGs
[2021-02-17 23:42:35,132] {logging_mixin.py:104} INFO - [2021-02-17 23:42:35,132] {dag.py:2273} INFO - Setting next_dagrun for example_external_task_marker_child to None
[2021-02-17 23:42:35,136] {logging_mixin.py:104} INFO - [2021-02-17 23:42:35,136] {dag.py:2273} INFO - Setting next_dagrun for example_external_task_marker_parent to None
[2021-02-17 23:42:35,218] {scheduler_job.py:190} INFO - Processing /home/airflow/.local/lib/python3.6/site-packages/airflow/example_dags/example_external_task_marker_dag.py took 0.341 seconds
[2021-02-17 23:43:09,150] {scheduler_job.py:182} INFO - Started process (PID=131) to work on /home/airflow/.local/lib/python3.6/site-packages/airflow/example_dags/example_external_task_marker_dag.py
[2021-02-17 23:43:09,163] {scheduler_job.py:629} INFO - Processing file /home/airflow/.local/lib/python3.6/site-packages/airflow/example_dags/example_external_task_marker_dag.py for tasks to queue
[2021-02-17 23:43:09,170] {logging_mixin.py:104} INFO - [2021-02-17 23:43:09,169] {dagbag.py:448} INFO - Filling up the DagBag from /home/airflow/.local/lib/python3.6/site-packages/airflow/example_dags/example_external_task_marker_dag.py
[2021-02-17 23:43:09,259] {scheduler_job.py:639} INFO - DAG(s) dict_keys(['example_external_task_marker_parent', 'example_external_task_marker_child']) retrieved from /home/airflow/.local/lib/python3.6/site-packages/airflow/example_dags/example_external_task_marker_dag.py
[2021-02-17 23:43:09,384] {logging_mixin.py:104} INFO - [2021-02-17 23:43:09,383] {dag.py:1818} INFO - Sync 2 DAGs
[2021-02-17 23:43:09,424] {logging_mixin.py:104} INFO - [2021-02-17 23:43:09,424] {dag.py:2273} INFO - Setting next_dagrun for example_external_task_marker_child to None
[2021-02-17 23:43:09,433] {logging_mixin.py:104} INFO - [2021-02-17 23:43:09,433] {dag.py:2273} INFO - Setting next_dagrun for example_external_task_marker_parent to None
[2021-02-17 23:43:09,496] {scheduler_job.py:190} INFO - Processing /home/airflow/.local/lib/python3.6/site-packages/airflow/example_dags/example_external_task_marker_dag.py took 0.357 seconds
[2021-02-17 23:47:47,788] {scheduler_job.py:182} INFO - Started process (PID=46) to work on /home/airflow/.local/lib/python3.6/site-packages/airflow/example_dags/example_external_task_marker_dag.py
[2021-02-17 23:47:47,792] {scheduler_job.py:629} INFO - Processing file /home/airflow/.local/lib/python3.6/site-packages/airflow/example_dags/example_external_task_marker_dag.py for tasks to queue
[2021-02-17 23:47:47,806] {logging_mixin.py:104} INFO - [2021-02-17 23:47:47,803] {dagbag.py:448} INFO - Filling up the DagBag from /home/airflow/.local/lib/python3.6/site-packages/airflow/example_dags/example_external_task_marker_dag.py
[2021-02-17 23:47:47,931] {scheduler_job.py:639} INFO - DAG(s) dict_keys(['example_external_task_marker_parent', 'example_external_task_marker_child']) retrieved from /home/airflow/.local/lib/python3.6/site-packages/airflow/example_dags/example_external_task_marker_dag.py
[2021-02-17 23:47:48,309] {logging_mixin.py:104} INFO - [2021-02-17 23:47:48,309] {dag.py:1818} INFO - Sync 2 DAGs
[2021-02-17 23:47:48,398] {logging_mixin.py:104} INFO - [2021-02-17 23:47:48,398] {dag.py:2273} INFO - Setting next_dagrun for example_external_task_marker_child to None
[2021-02-17 23:47:48,403] {logging_mixin.py:104} INFO - [2021-02-17 23:47:48,403] {dag.py:2273} INFO - Setting next_dagrun for example_external_task_marker_parent to None
[2021-02-17 23:47:48,485] {scheduler_job.py:190} INFO - Processing /home/airflow/.local/lib/python3.6/site-packages/airflow/example_dags/example_external_task_marker_dag.py took 0.723 seconds
[2021-02-17 23:48:19,106] {scheduler_job.py:182} INFO - Started process (PID=73) to work on /home/airflow/.local/lib/python3.6/site-packages/airflow/example_dags/example_external_task_marker_dag.py
[2021-02-17 23:48:19,114] {scheduler_job.py:629} INFO - Processing file /home/airflow/.local/lib/python3.6/site-packages/airflow/example_dags/example_external_task_marker_dag.py for tasks to queue
[2021-02-17 23:48:19,120] {logging_mixin.py:104} INFO - [2021-02-17 23:48:19,120] {dagbag.py:448} INFO - Filling up the DagBag from /home/airflow/.local/lib/python3.6/site-packages/airflow/example_dags/example_external_task_marker_dag.py
[2021-02-17 23:48:19,247] {scheduler_job.py:639} INFO - DAG(s) dict_keys(['example_external_task_marker_parent', 'example_external_task_marker_child']) retrieved from /home/airflow/.local/lib/python3.6/site-packages/airflow/example_dags/example_external_task_marker_dag.py
[2021-02-17 23:48:19,632] {logging_mixin.py:104} INFO - [2021-02-17 23:48:19,629] {dag.py:1818} INFO - Sync 2 DAGs
[2021-02-17 23:48:19,727] {logging_mixin.py:104} INFO - [2021-02-17 23:48:19,727] {dag.py:2273} INFO - Setting next_dagrun for example_external_task_marker_child to None
[2021-02-17 23:48:19,733] {logging_mixin.py:104} INFO - [2021-02-17 23:48:19,733] {dag.py:2273} INFO - Setting next_dagrun for example_external_task_marker_parent to None
[2021-02-17 23:48:19,802] {scheduler_job.py:190} INFO - Processing /home/airflow/.local/lib/python3.6/site-packages/airflow/example_dags/example_external_task_marker_dag.py took 0.719 seconds
[2021-02-17 23:48:50,212] {scheduler_job.py:182} INFO - Started process (PID=100) to work on /home/airflow/.local/lib/python3.6/site-packages/airflow/example_dags/example_external_task_marker_dag.py
[2021-02-17 23:48:50,215] {scheduler_job.py:629} INFO - Processing file /home/airflow/.local/lib/python3.6/site-packages/airflow/example_dags/example_external_task_marker_dag.py for tasks to queue
[2021-02-17 23:48:50,217] {logging_mixin.py:104} INFO - [2021-02-17 23:48:50,217] {dagbag.py:448} INFO - Filling up the DagBag from /home/airflow/.local/lib/python3.6/site-packages/airflow/example_dags/example_external_task_marker_dag.py
[2021-02-17 23:48:50,272] {scheduler_job.py:639} INFO - DAG(s) dict_keys(['example_external_task_marker_parent', 'example_external_task_marker_child']) retrieved from /home/airflow/.local/lib/python3.6/site-packages/airflow/example_dags/example_external_task_marker_dag.py
[2021-02-17 23:48:50,367] {logging_mixin.py:104} INFO - [2021-02-17 23:48:50,367] {dag.py:1818} INFO - Sync 2 DAGs
[2021-02-17 23:48:50,413] {logging_mixin.py:104} INFO - [2021-02-17 23:48:50,413] {dag.py:2273} INFO - Setting next_dagrun for example_external_task_marker_child to None
[2021-02-17 23:48:50,417] {logging_mixin.py:104} INFO - [2021-02-17 23:48:50,417] {dag.py:2273} INFO - Setting next_dagrun for example_external_task_marker_parent to None
[2021-02-17 23:48:50,439] {scheduler_job.py:190} INFO - Processing /home/airflow/.local/lib/python3.6/site-packages/airflow/example_dags/example_external_task_marker_dag.py took 0.261 seconds
[2021-02-17 23:49:24,746] {scheduler_job.py:182} INFO - Started process (PID=127) to work on /home/airflow/.local/lib/python3.6/site-packages/airflow/example_dags/example_external_task_marker_dag.py
[2021-02-17 23:49:24,856] {scheduler_job.py:629} INFO - Processing file /home/airflow/.local/lib/python3.6/site-packages/airflow/example_dags/example_external_task_marker_dag.py for tasks to queue
[2021-02-17 23:49:24,878] {logging_mixin.py:104} INFO - [2021-02-17 23:49:24,876] {dagbag.py:448} INFO - Filling up the DagBag from /home/airflow/.local/lib/python3.6/site-packages/airflow/example_dags/example_external_task_marker_dag.py
[2021-02-17 23:49:24,939] {scheduler_job.py:639} INFO - DAG(s) dict_keys(['example_external_task_marker_parent', 'example_external_task_marker_child']) retrieved from /home/airflow/.local/lib/python3.6/site-packages/airflow/example_dags/example_external_task_marker_dag.py
[2021-02-17 23:49:25,041] {logging_mixin.py:104} INFO - [2021-02-17 23:49:25,041] {dag.py:1818} INFO - Sync 2 DAGs
[2021-02-17 23:49:25,102] {logging_mixin.py:104} INFO - [2021-02-17 23:49:25,101] {dag.py:2273} INFO - Setting next_dagrun for example_external_task_marker_child to None
[2021-02-17 23:49:25,105] {logging_mixin.py:104} INFO - [2021-02-17 23:49:25,105] {dag.py:2273} INFO - Setting next_dagrun for example_external_task_marker_parent to None
[2021-02-17 23:49:25,130] {scheduler_job.py:190} INFO - Processing /home/airflow/.local/lib/python3.6/site-packages/airflow/example_dags/example_external_task_marker_dag.py took 0.434 seconds
[2021-02-17 23:50:03,381] {scheduler_job.py:182} INFO - Started process (PID=154) to work on /home/airflow/.local/lib/python3.6/site-packages/airflow/example_dags/example_external_task_marker_dag.py
[2021-02-17 23:50:03,385] {scheduler_job.py:629} INFO - Processing file /home/airflow/.local/lib/python3.6/site-packages/airflow/example_dags/example_external_task_marker_dag.py for tasks to queue
[2021-02-17 23:50:03,389] {logging_mixin.py:104} INFO - [2021-02-17 23:50:03,389] {dagbag.py:448} INFO - Filling up the DagBag from /home/airflow/.local/lib/python3.6/site-packages/airflow/example_dags/example_external_task_marker_dag.py
[2021-02-17 23:50:03,415] {scheduler_job.py:639} INFO - DAG(s) dict_keys(['example_external_task_marker_parent', 'example_external_task_marker_child']) retrieved from /home/airflow/.local/lib/python3.6/site-packages/airflow/example_dags/example_external_task_marker_dag.py
[2021-02-17 23:50:03,463] {logging_mixin.py:104} INFO - [2021-02-17 23:50:03,463] {dag.py:1818} INFO - Sync 2 DAGs
[2021-02-17 23:50:03,513] {logging_mixin.py:104} INFO - [2021-02-17 23:50:03,513] {dag.py:2273} INFO - Setting next_dagrun for example_external_task_marker_child to None
[2021-02-17 23:50:03,521] {logging_mixin.py:104} INFO - [2021-02-17 23:50:03,520] {dag.py:2273} INFO - Setting next_dagrun for example_external_task_marker_parent to None
[2021-02-17 23:50:03,571] {scheduler_job.py:190} INFO - Processing /home/airflow/.local/lib/python3.6/site-packages/airflow/example_dags/example_external_task_marker_dag.py took 0.199 seconds
[2021-02-17 23:50:45,334] {scheduler_job.py:182} INFO - Started process (PID=181) to work on /home/airflow/.local/lib/python3.6/site-packages/airflow/example_dags/example_external_task_marker_dag.py
[2021-02-17 23:50:45,339] {scheduler_job.py:629} INFO - Processing file /home/airflow/.local/lib/python3.6/site-packages/airflow/example_dags/example_external_task_marker_dag.py for tasks to queue
[2021-02-17 23:50:45,341] {logging_mixin.py:104} INFO - [2021-02-17 23:50:45,341] {dagbag.py:448} INFO - Filling up the DagBag from /home/airflow/.local/lib/python3.6/site-packages/airflow/example_dags/example_external_task_marker_dag.py
[2021-02-17 23:50:45,362] {scheduler_job.py:639} INFO - DAG(s) dict_keys(['example_external_task_marker_parent', 'example_external_task_marker_child']) retrieved from /home/airflow/.local/lib/python3.6/site-packages/airflow/example_dags/example_external_task_marker_dag.py
[2021-02-17 23:50:45,444] {logging_mixin.py:104} INFO - [2021-02-17 23:50:45,444] {dag.py:1818} INFO - Sync 2 DAGs
[2021-02-17 23:50:45,470] {logging_mixin.py:104} INFO - [2021-02-17 23:50:45,470] {dag.py:2273} INFO - Setting next_dagrun for example_external_task_marker_child to None
[2021-02-17 23:50:45,473] {logging_mixin.py:104} INFO - [2021-02-17 23:50:45,473] {dag.py:2273} INFO - Setting next_dagrun for example_external_task_marker_parent to None
[2021-02-17 23:50:45,492] {scheduler_job.py:190} INFO - Processing /home/airflow/.local/lib/python3.6/site-packages/airflow/example_dags/example_external_task_marker_dag.py took 0.167 seconds
[2021-02-17 23:51:37,735] {scheduler_job.py:182} INFO - Started process (PID=31) to work on /home/airflow/.local/lib/python3.6/site-packages/airflow/example_dags/example_external_task_marker_dag.py
[2021-02-17 23:51:37,782] {scheduler_job.py:629} INFO - Processing file /home/airflow/.local/lib/python3.6/site-packages/airflow/example_dags/example_external_task_marker_dag.py for tasks to queue
[2021-02-17 23:51:37,785] {logging_mixin.py:104} INFO - [2021-02-17 23:51:37,784] {dagbag.py:448} INFO - Filling up the DagBag from /home/airflow/.local/lib/python3.6/site-packages/airflow/example_dags/example_external_task_marker_dag.py
[2021-02-17 23:51:37,877] {scheduler_job.py:639} INFO - DAG(s) dict_keys(['example_external_task_marker_parent', 'example_external_task_marker_child']) retrieved from /home/airflow/.local/lib/python3.6/site-packages/airflow/example_dags/example_external_task_marker_dag.py
[2021-02-17 23:51:37,995] {logging_mixin.py:104} INFO - [2021-02-17 23:51:37,994] {dag.py:1818} INFO - Sync 2 DAGs
[2021-02-17 23:51:38,085] {logging_mixin.py:104} INFO - [2021-02-17 23:51:38,085] {dag.py:2273} INFO - Setting next_dagrun for example_external_task_marker_child to None
[2021-02-17 23:51:38,089] {logging_mixin.py:104} INFO - [2021-02-17 23:51:38,089] {dag.py:2273} INFO - Setting next_dagrun for example_external_task_marker_parent to None
[2021-02-17 23:51:38,152] {scheduler_job.py:190} INFO - Processing /home/airflow/.local/lib/python3.6/site-packages/airflow/example_dags/example_external_task_marker_dag.py took 0.452 seconds
[2021-02-17 23:52:11,021] {scheduler_job.py:182} INFO - Started process (PID=58) to work on /home/airflow/.local/lib/python3.6/site-packages/airflow/example_dags/example_external_task_marker_dag.py
[2021-02-17 23:52:11,038] {scheduler_job.py:629} INFO - Processing file /home/airflow/.local/lib/python3.6/site-packages/airflow/example_dags/example_external_task_marker_dag.py for tasks to queue
[2021-02-17 23:52:11,044] {logging_mixin.py:104} INFO - [2021-02-17 23:52:11,044] {dagbag.py:448} INFO - Filling up the DagBag from /home/airflow/.local/lib/python3.6/site-packages/airflow/example_dags/example_external_task_marker_dag.py
[2021-02-17 23:52:11,142] {scheduler_job.py:639} INFO - DAG(s) dict_keys(['example_external_task_marker_parent', 'example_external_task_marker_child']) retrieved from /home/airflow/.local/lib/python3.6/site-packages/airflow/example_dags/example_external_task_marker_dag.py
[2021-02-17 23:52:11,412] {logging_mixin.py:104} INFO - [2021-02-17 23:52:11,412] {dag.py:1818} INFO - Sync 2 DAGs
[2021-02-17 23:52:11,637] {logging_mixin.py:104} INFO - [2021-02-17 23:52:11,637] {dag.py:2273} INFO - Setting next_dagrun for example_external_task_marker_child to None
[2021-02-17 23:52:11,699] {logging_mixin.py:104} INFO - [2021-02-17 23:52:11,699] {dag.py:2273} INFO - Setting next_dagrun for example_external_task_marker_parent to None
[2021-02-17 23:52:11,814] {scheduler_job.py:190} INFO - Processing /home/airflow/.local/lib/python3.6/site-packages/airflow/example_dags/example_external_task_marker_dag.py took 0.818 seconds
[2021-02-17 23:52:42,855] {scheduler_job.py:182} INFO - Started process (PID=77) to work on /home/airflow/.local/lib/python3.6/site-packages/airflow/example_dags/example_external_task_marker_dag.py
[2021-02-17 23:52:42,863] {scheduler_job.py:629} INFO - Processing file /home/airflow/.local/lib/python3.6/site-packages/airflow/example_dags/example_external_task_marker_dag.py for tasks to queue
[2021-02-17 23:52:42,867] {logging_mixin.py:104} INFO - [2021-02-17 23:52:42,866] {dagbag.py:448} INFO - Filling up the DagBag from /home/airflow/.local/lib/python3.6/site-packages/airflow/example_dags/example_external_task_marker_dag.py
[2021-02-17 23:52:42,960] {scheduler_job.py:639} INFO - DAG(s) dict_keys(['example_external_task_marker_parent', 'example_external_task_marker_child']) retrieved from /home/airflow/.local/lib/python3.6/site-packages/airflow/example_dags/example_external_task_marker_dag.py
[2021-02-17 23:52:43,123] {logging_mixin.py:104} INFO - [2021-02-17 23:52:43,123] {dag.py:1818} INFO - Sync 2 DAGs
[2021-02-17 23:52:43,212] {logging_mixin.py:104} INFO - [2021-02-17 23:52:43,212] {dag.py:2273} INFO - Setting next_dagrun for example_external_task_marker_child to None
[2021-02-17 23:52:43,218] {logging_mixin.py:104} INFO - [2021-02-17 23:52:43,218] {dag.py:2273} INFO - Setting next_dagrun for example_external_task_marker_parent to None
[2021-02-17 23:52:43,265] {scheduler_job.py:190} INFO - Processing /home/airflow/.local/lib/python3.6/site-packages/airflow/example_dags/example_external_task_marker_dag.py took 0.424 seconds
[2021-02-17 23:53:16,514] {scheduler_job.py:182} INFO - Started process (PID=103) to work on /home/airflow/.local/lib/python3.6/site-packages/airflow/example_dags/example_external_task_marker_dag.py
[2021-02-17 23:53:16,547] {scheduler_job.py:629} INFO - Processing file /home/airflow/.local/lib/python3.6/site-packages/airflow/example_dags/example_external_task_marker_dag.py for tasks to queue
[2021-02-17 23:53:16,557] {logging_mixin.py:104} INFO - [2021-02-17 23:53:16,556] {dagbag.py:448} INFO - Filling up the DagBag from /home/airflow/.local/lib/python3.6/site-packages/airflow/example_dags/example_external_task_marker_dag.py
[2021-02-17 23:53:16,665] {scheduler_job.py:639} INFO - DAG(s) dict_keys(['example_external_task_marker_parent', 'example_external_task_marker_child']) retrieved from /home/airflow/.local/lib/python3.6/site-packages/airflow/example_dags/example_external_task_marker_dag.py
[2021-02-17 23:53:16,736] {logging_mixin.py:104} INFO - [2021-02-17 23:53:16,735] {dag.py:1818} INFO - Sync 2 DAGs
[2021-02-17 23:53:16,788] {logging_mixin.py:104} INFO - [2021-02-17 23:53:16,787] {dag.py:2273} INFO - Setting next_dagrun for example_external_task_marker_child to None
[2021-02-17 23:53:16,794] {logging_mixin.py:104} INFO - [2021-02-17 23:53:16,793] {dag.py:2273} INFO - Setting next_dagrun for example_external_task_marker_parent to None
[2021-02-17 23:53:16,825] {scheduler_job.py:190} INFO - Processing /home/airflow/.local/lib/python3.6/site-packages/airflow/example_dags/example_external_task_marker_dag.py took 0.325 seconds
[2021-02-17 23:55:49,708] {scheduler_job.py:182} INFO - Started process (PID=44) to work on /home/airflow/.local/lib/python3.6/site-packages/airflow/example_dags/example_external_task_marker_dag.py
[2021-02-17 23:55:49,717] {scheduler_job.py:629} INFO - Processing file /home/airflow/.local/lib/python3.6/site-packages/airflow/example_dags/example_external_task_marker_dag.py for tasks to queue
[2021-02-17 23:55:49,720] {logging_mixin.py:104} INFO - [2021-02-17 23:55:49,720] {dagbag.py:448} INFO - Filling up the DagBag from /home/airflow/.local/lib/python3.6/site-packages/airflow/example_dags/example_external_task_marker_dag.py
[2021-02-17 23:55:49,903] {scheduler_job.py:639} INFO - DAG(s) dict_keys(['example_external_task_marker_parent', 'example_external_task_marker_child']) retrieved from /home/airflow/.local/lib/python3.6/site-packages/airflow/example_dags/example_external_task_marker_dag.py
[2021-02-17 23:55:50,265] {logging_mixin.py:104} INFO - [2021-02-17 23:55:50,265] {dag.py:1818} INFO - Sync 2 DAGs
[2021-02-17 23:55:50,421] {logging_mixin.py:104} INFO - [2021-02-17 23:55:50,421] {dag.py:2273} INFO - Setting next_dagrun for example_external_task_marker_child to None
[2021-02-17 23:55:50,439] {logging_mixin.py:104} INFO - [2021-02-17 23:55:50,439] {dag.py:2273} INFO - Setting next_dagrun for example_external_task_marker_parent to None
[2021-02-17 23:55:51,683] {scheduler_job.py:190} INFO - Processing /home/airflow/.local/lib/python3.6/site-packages/airflow/example_dags/example_external_task_marker_dag.py took 2.008 seconds
[2021-02-17 23:56:22,362] {scheduler_job.py:182} INFO - Started process (PID=70) to work on /home/airflow/.local/lib/python3.6/site-packages/airflow/example_dags/example_external_task_marker_dag.py
[2021-02-17 23:56:22,370] {scheduler_job.py:629} INFO - Processing file /home/airflow/.local/lib/python3.6/site-packages/airflow/example_dags/example_external_task_marker_dag.py for tasks to queue
[2021-02-17 23:56:22,376] {logging_mixin.py:104} INFO - [2021-02-17 23:56:22,375] {dagbag.py:448} INFO - Filling up the DagBag from /home/airflow/.local/lib/python3.6/site-packages/airflow/example_dags/example_external_task_marker_dag.py
[2021-02-17 23:56:22,505] {scheduler_job.py:639} INFO - DAG(s) dict_keys(['example_external_task_marker_parent', 'example_external_task_marker_child']) retrieved from /home/airflow/.local/lib/python3.6/site-packages/airflow/example_dags/example_external_task_marker_dag.py
[2021-02-17 23:56:22,604] {logging_mixin.py:104} INFO - [2021-02-17 23:56:22,603] {dag.py:1818} INFO - Sync 2 DAGs
[2021-02-17 23:56:22,672] {logging_mixin.py:104} INFO - [2021-02-17 23:56:22,672] {dag.py:2273} INFO - Setting next_dagrun for example_external_task_marker_child to None
[2021-02-17 23:56:22,675] {logging_mixin.py:104} INFO - [2021-02-17 23:56:22,675] {dag.py:2273} INFO - Setting next_dagrun for example_external_task_marker_parent to None
[2021-02-17 23:56:22,739] {scheduler_job.py:190} INFO - Processing /home/airflow/.local/lib/python3.6/site-packages/airflow/example_dags/example_external_task_marker_dag.py took 0.399 seconds
[2021-02-17 23:57:17,890] {scheduler_job.py:182} INFO - Started process (PID=98) to work on /home/airflow/.local/lib/python3.6/site-packages/airflow/example_dags/example_external_task_marker_dag.py
[2021-02-17 23:57:17,911] {scheduler_job.py:629} INFO - Processing file /home/airflow/.local/lib/python3.6/site-packages/airflow/example_dags/example_external_task_marker_dag.py for tasks to queue
[2021-02-17 23:57:17,942] {logging_mixin.py:104} INFO - [2021-02-17 23:57:17,942] {dagbag.py:448} INFO - Filling up the DagBag from /home/airflow/.local/lib/python3.6/site-packages/airflow/example_dags/example_external_task_marker_dag.py
[2021-02-17 23:57:18,490] {scheduler_job.py:639} INFO - DAG(s) dict_keys(['example_external_task_marker_parent', 'example_external_task_marker_child']) retrieved from /home/airflow/.local/lib/python3.6/site-packages/airflow/example_dags/example_external_task_marker_dag.py
[2021-02-17 23:57:19,378] {logging_mixin.py:104} INFO - [2021-02-17 23:57:19,372] {dag.py:1818} INFO - Sync 2 DAGs
[2021-02-17 23:57:19,714] {logging_mixin.py:104} INFO - [2021-02-17 23:57:19,714] {dag.py:2273} INFO - Setting next_dagrun for example_external_task_marker_child to None
[2021-02-17 23:57:19,733] {logging_mixin.py:104} INFO - [2021-02-17 23:57:19,732] {dag.py:2273} INFO - Setting next_dagrun for example_external_task_marker_parent to None
[2021-02-17 23:57:20,226] {scheduler_job.py:190} INFO - Processing /home/airflow/.local/lib/python3.6/site-packages/airflow/example_dags/example_external_task_marker_dag.py took 2.425 seconds
[2021-02-17 23:57:50,675] {scheduler_job.py:182} INFO - Started process (PID=124) to work on /home/airflow/.local/lib/python3.6/site-packages/airflow/example_dags/example_external_task_marker_dag.py
[2021-02-17 23:57:50,679] {scheduler_job.py:629} INFO - Processing file /home/airflow/.local/lib/python3.6/site-packages/airflow/example_dags/example_external_task_marker_dag.py for tasks to queue
[2021-02-17 23:57:50,681] {logging_mixin.py:104} INFO - [2021-02-17 23:57:50,680] {dagbag.py:448} INFO - Filling up the DagBag from /home/airflow/.local/lib/python3.6/site-packages/airflow/example_dags/example_external_task_marker_dag.py
[2021-02-17 23:57:50,718] {scheduler_job.py:639} INFO - DAG(s) dict_keys(['example_external_task_marker_parent', 'example_external_task_marker_child']) retrieved from /home/airflow/.local/lib/python3.6/site-packages/airflow/example_dags/example_external_task_marker_dag.py
[2021-02-17 23:57:50,792] {logging_mixin.py:104} INFO - [2021-02-17 23:57:50,792] {dag.py:1818} INFO - Sync 2 DAGs
[2021-02-17 23:57:50,834] {logging_mixin.py:104} INFO - [2021-02-17 23:57:50,834] {dag.py:2273} INFO - Setting next_dagrun for example_external_task_marker_child to None
[2021-02-17 23:57:50,835] {logging_mixin.py:104} INFO - [2021-02-17 23:57:50,835] {dag.py:2273} INFO - Setting next_dagrun for example_external_task_marker_parent to None
[2021-02-17 23:57:50,859] {scheduler_job.py:190} INFO - Processing /home/airflow/.local/lib/python3.6/site-packages/airflow/example_dags/example_external_task_marker_dag.py took 0.201 seconds
[2021-02-17 23:58:21,278] {scheduler_job.py:182} INFO - Started process (PID=151) to work on /home/airflow/.local/lib/python3.6/site-packages/airflow/example_dags/example_external_task_marker_dag.py
[2021-02-17 23:58:21,338] {scheduler_job.py:629} INFO - Processing file /home/airflow/.local/lib/python3.6/site-packages/airflow/example_dags/example_external_task_marker_dag.py for tasks to queue
[2021-02-17 23:58:21,448] {logging_mixin.py:104} INFO - [2021-02-17 23:58:21,441] {dagbag.py:448} INFO - Filling up the DagBag from /home/airflow/.local/lib/python3.6/site-packages/airflow/example_dags/example_external_task_marker_dag.py
[2021-02-17 23:58:21,911] {scheduler_job.py:639} INFO - DAG(s) dict_keys(['example_external_task_marker_parent', 'example_external_task_marker_child']) retrieved from /home/airflow/.local/lib/python3.6/site-packages/airflow/example_dags/example_external_task_marker_dag.py
[2021-02-17 23:58:33,395] {logging_mixin.py:104} INFO - [2021-02-17 23:58:33,391] {dag.py:1818} INFO - Sync 2 DAGs
[2021-02-17 23:58:35,868] {logging_mixin.py:104} INFO - [2021-02-17 23:58:35,868] {dag.py:2273} INFO - Setting next_dagrun for example_external_task_marker_child to None
[2021-02-17 23:58:35,891] {logging_mixin.py:104} INFO - [2021-02-17 23:58:35,891] {dag.py:2273} INFO - Setting next_dagrun for example_external_task_marker_parent to None
[2021-02-17 23:58:38,319] {scheduler_job.py:190} INFO - Processing /home/airflow/.local/lib/python3.6/site-packages/airflow/example_dags/example_external_task_marker_dag.py took 17.103 seconds
