[2021-02-17 23:40:31,087] {scheduler_job.py:182} INFO - Started process (PID=33) to work on /home/airflow/.local/lib/python3.6/site-packages/airflow/example_dags/example_xcom.py
[2021-02-17 23:40:31,091] {scheduler_job.py:629} INFO - Processing file /home/airflow/.local/lib/python3.6/site-packages/airflow/example_dags/example_xcom.py for tasks to queue
[2021-02-17 23:40:31,095] {logging_mixin.py:104} INFO - [2021-02-17 23:40:31,095] {dagbag.py:448} INFO - Filling up the DagBag from /home/airflow/.local/lib/python3.6/site-packages/airflow/example_dags/example_xcom.py
[2021-02-17 23:40:31,282] {scheduler_job.py:639} INFO - DAG(s) dict_keys(['example_xcom']) retrieved from /home/airflow/.local/lib/python3.6/site-packages/airflow/example_dags/example_xcom.py
[2021-02-17 23:40:31,525] {logging_mixin.py:104} INFO - [2021-02-17 23:40:31,524] {dag.py:1818} INFO - Sync 1 DAGs
[2021-02-17 23:40:31,707] {logging_mixin.py:104} INFO - [2021-02-17 23:40:31,707] {dag.py:2273} INFO - Setting next_dagrun for example_xcom to 2021-02-15 00:00:00+00:00
[2021-02-17 23:40:31,834] {scheduler_job.py:190} INFO - Processing /home/airflow/.local/lib/python3.6/site-packages/airflow/example_dags/example_xcom.py took 0.759 seconds
[2021-02-17 23:41:37,715] {scheduler_job.py:182} INFO - Started process (PID=60) to work on /home/airflow/.local/lib/python3.6/site-packages/airflow/example_dags/example_xcom.py
[2021-02-17 23:41:37,745] {scheduler_job.py:629} INFO - Processing file /home/airflow/.local/lib/python3.6/site-packages/airflow/example_dags/example_xcom.py for tasks to queue
[2021-02-17 23:41:37,758] {logging_mixin.py:104} INFO - [2021-02-17 23:41:37,758] {dagbag.py:448} INFO - Filling up the DagBag from /home/airflow/.local/lib/python3.6/site-packages/airflow/example_dags/example_xcom.py
[2021-02-17 23:41:37,795] {scheduler_job.py:639} INFO - DAG(s) dict_keys(['example_xcom']) retrieved from /home/airflow/.local/lib/python3.6/site-packages/airflow/example_dags/example_xcom.py
[2021-02-17 23:41:37,954] {logging_mixin.py:104} INFO - [2021-02-17 23:41:37,954] {dag.py:1818} INFO - Sync 1 DAGs
[2021-02-17 23:41:38,013] {logging_mixin.py:104} INFO - [2021-02-17 23:41:38,013] {dag.py:2273} INFO - Setting next_dagrun for example_xcom to 2021-02-15 00:00:00+00:00
[2021-02-17 23:41:38,062] {scheduler_job.py:190} INFO - Processing /home/airflow/.local/lib/python3.6/site-packages/airflow/example_dags/example_xcom.py took 0.363 seconds
[2021-02-17 23:42:08,535] {scheduler_job.py:182} INFO - Started process (PID=86) to work on /home/airflow/.local/lib/python3.6/site-packages/airflow/example_dags/example_xcom.py
[2021-02-17 23:42:08,550] {scheduler_job.py:629} INFO - Processing file /home/airflow/.local/lib/python3.6/site-packages/airflow/example_dags/example_xcom.py for tasks to queue
[2021-02-17 23:42:08,555] {logging_mixin.py:104} INFO - [2021-02-17 23:42:08,555] {dagbag.py:448} INFO - Filling up the DagBag from /home/airflow/.local/lib/python3.6/site-packages/airflow/example_dags/example_xcom.py
[2021-02-17 23:42:08,654] {scheduler_job.py:639} INFO - DAG(s) dict_keys(['example_xcom']) retrieved from /home/airflow/.local/lib/python3.6/site-packages/airflow/example_dags/example_xcom.py
[2021-02-17 23:42:08,825] {logging_mixin.py:104} INFO - [2021-02-17 23:42:08,825] {dag.py:1818} INFO - Sync 1 DAGs
[2021-02-17 23:42:09,075] {logging_mixin.py:104} INFO - [2021-02-17 23:42:09,075] {dag.py:2273} INFO - Setting next_dagrun for example_xcom to 2021-02-15 00:00:00+00:00
[2021-02-17 23:42:09,145] {scheduler_job.py:190} INFO - Processing /home/airflow/.local/lib/python3.6/site-packages/airflow/example_dags/example_xcom.py took 0.654 seconds
[2021-02-17 23:43:05,236] {scheduler_job.py:182} INFO - Started process (PID=116) to work on /home/airflow/.local/lib/python3.6/site-packages/airflow/example_dags/example_xcom.py
[2021-02-17 23:43:05,241] {scheduler_job.py:629} INFO - Processing file /home/airflow/.local/lib/python3.6/site-packages/airflow/example_dags/example_xcom.py for tasks to queue
[2021-02-17 23:43:05,259] {logging_mixin.py:104} INFO - [2021-02-17 23:43:05,259] {dagbag.py:448} INFO - Filling up the DagBag from /home/airflow/.local/lib/python3.6/site-packages/airflow/example_dags/example_xcom.py
[2021-02-17 23:43:05,367] {scheduler_job.py:639} INFO - DAG(s) dict_keys(['example_xcom']) retrieved from /home/airflow/.local/lib/python3.6/site-packages/airflow/example_dags/example_xcom.py
[2021-02-17 23:43:05,512] {logging_mixin.py:104} INFO - [2021-02-17 23:43:05,512] {dag.py:1818} INFO - Sync 1 DAGs
[2021-02-17 23:43:05,617] {logging_mixin.py:104} INFO - [2021-02-17 23:43:05,612] {dag.py:2273} INFO - Setting next_dagrun for example_xcom to 2021-02-15 00:00:00+00:00
[2021-02-17 23:43:05,666] {scheduler_job.py:190} INFO - Processing /home/airflow/.local/lib/python3.6/site-packages/airflow/example_dags/example_xcom.py took 0.449 seconds
[2021-02-17 23:47:47,586] {scheduler_job.py:182} INFO - Started process (PID=45) to work on /home/airflow/.local/lib/python3.6/site-packages/airflow/example_dags/example_xcom.py
[2021-02-17 23:47:47,589] {scheduler_job.py:629} INFO - Processing file /home/airflow/.local/lib/python3.6/site-packages/airflow/example_dags/example_xcom.py for tasks to queue
[2021-02-17 23:47:47,612] {logging_mixin.py:104} INFO - [2021-02-17 23:47:47,612] {dagbag.py:448} INFO - Filling up the DagBag from /home/airflow/.local/lib/python3.6/site-packages/airflow/example_dags/example_xcom.py
[2021-02-17 23:47:47,693] {scheduler_job.py:639} INFO - DAG(s) dict_keys(['example_xcom']) retrieved from /home/airflow/.local/lib/python3.6/site-packages/airflow/example_dags/example_xcom.py
[2021-02-17 23:47:47,796] {logging_mixin.py:104} INFO - [2021-02-17 23:47:47,796] {dag.py:1818} INFO - Sync 1 DAGs
[2021-02-17 23:47:47,872] {logging_mixin.py:104} INFO - [2021-02-17 23:47:47,872] {dag.py:2273} INFO - Setting next_dagrun for example_xcom to 2021-02-15 00:00:00+00:00
[2021-02-17 23:47:48,011] {scheduler_job.py:190} INFO - Processing /home/airflow/.local/lib/python3.6/site-packages/airflow/example_dags/example_xcom.py took 0.482 seconds
[2021-02-17 23:48:18,808] {scheduler_job.py:182} INFO - Started process (PID=72) to work on /home/airflow/.local/lib/python3.6/site-packages/airflow/example_dags/example_xcom.py
[2021-02-17 23:48:18,812] {scheduler_job.py:629} INFO - Processing file /home/airflow/.local/lib/python3.6/site-packages/airflow/example_dags/example_xcom.py for tasks to queue
[2021-02-17 23:48:18,820] {logging_mixin.py:104} INFO - [2021-02-17 23:48:18,820] {dagbag.py:448} INFO - Filling up the DagBag from /home/airflow/.local/lib/python3.6/site-packages/airflow/example_dags/example_xcom.py
[2021-02-17 23:48:18,884] {scheduler_job.py:639} INFO - DAG(s) dict_keys(['example_xcom']) retrieved from /home/airflow/.local/lib/python3.6/site-packages/airflow/example_dags/example_xcom.py
[2021-02-17 23:48:19,033] {logging_mixin.py:104} INFO - [2021-02-17 23:48:19,033] {dag.py:1818} INFO - Sync 1 DAGs
[2021-02-17 23:48:19,212] {logging_mixin.py:104} INFO - [2021-02-17 23:48:19,193] {dag.py:2273} INFO - Setting next_dagrun for example_xcom to 2021-02-15 00:00:00+00:00
[2021-02-17 23:48:19,296] {scheduler_job.py:190} INFO - Processing /home/airflow/.local/lib/python3.6/site-packages/airflow/example_dags/example_xcom.py took 0.497 seconds
[2021-02-17 23:48:50,193] {scheduler_job.py:182} INFO - Started process (PID=99) to work on /home/airflow/.local/lib/python3.6/site-packages/airflow/example_dags/example_xcom.py
[2021-02-17 23:48:50,202] {scheduler_job.py:629} INFO - Processing file /home/airflow/.local/lib/python3.6/site-packages/airflow/example_dags/example_xcom.py for tasks to queue
[2021-02-17 23:48:50,210] {logging_mixin.py:104} INFO - [2021-02-17 23:48:50,208] {dagbag.py:448} INFO - Filling up the DagBag from /home/airflow/.local/lib/python3.6/site-packages/airflow/example_dags/example_xcom.py
[2021-02-17 23:48:50,237] {scheduler_job.py:639} INFO - DAG(s) dict_keys(['example_xcom']) retrieved from /home/airflow/.local/lib/python3.6/site-packages/airflow/example_dags/example_xcom.py
[2021-02-17 23:48:50,294] {logging_mixin.py:104} INFO - [2021-02-17 23:48:50,294] {dag.py:1818} INFO - Sync 1 DAGs
[2021-02-17 23:48:50,343] {logging_mixin.py:104} INFO - [2021-02-17 23:48:50,342] {dag.py:2273} INFO - Setting next_dagrun for example_xcom to 2021-02-15 00:00:00+00:00
[2021-02-17 23:48:50,366] {scheduler_job.py:190} INFO - Processing /home/airflow/.local/lib/python3.6/site-packages/airflow/example_dags/example_xcom.py took 0.199 seconds
[2021-02-17 23:49:24,592] {scheduler_job.py:182} INFO - Started process (PID=126) to work on /home/airflow/.local/lib/python3.6/site-packages/airflow/example_dags/example_xcom.py
[2021-02-17 23:49:24,602] {scheduler_job.py:629} INFO - Processing file /home/airflow/.local/lib/python3.6/site-packages/airflow/example_dags/example_xcom.py for tasks to queue
[2021-02-17 23:49:24,606] {logging_mixin.py:104} INFO - [2021-02-17 23:49:24,606] {dagbag.py:448} INFO - Filling up the DagBag from /home/airflow/.local/lib/python3.6/site-packages/airflow/example_dags/example_xcom.py
[2021-02-17 23:49:24,650] {scheduler_job.py:639} INFO - DAG(s) dict_keys(['example_xcom']) retrieved from /home/airflow/.local/lib/python3.6/site-packages/airflow/example_dags/example_xcom.py
[2021-02-17 23:49:24,887] {logging_mixin.py:104} INFO - [2021-02-17 23:49:24,887] {dag.py:1818} INFO - Sync 1 DAGs
[2021-02-17 23:49:24,975] {logging_mixin.py:104} INFO - [2021-02-17 23:49:24,975] {dag.py:2273} INFO - Setting next_dagrun for example_xcom to 2021-02-15 00:00:00+00:00
[2021-02-17 23:49:25,026] {scheduler_job.py:190} INFO - Processing /home/airflow/.local/lib/python3.6/site-packages/airflow/example_dags/example_xcom.py took 0.444 seconds
[2021-02-17 23:50:03,336] {scheduler_job.py:182} INFO - Started process (PID=153) to work on /home/airflow/.local/lib/python3.6/site-packages/airflow/example_dags/example_xcom.py
[2021-02-17 23:50:03,342] {scheduler_job.py:629} INFO - Processing file /home/airflow/.local/lib/python3.6/site-packages/airflow/example_dags/example_xcom.py for tasks to queue
[2021-02-17 23:50:03,347] {logging_mixin.py:104} INFO - [2021-02-17 23:50:03,346] {dagbag.py:448} INFO - Filling up the DagBag from /home/airflow/.local/lib/python3.6/site-packages/airflow/example_dags/example_xcom.py
[2021-02-17 23:50:03,413] {scheduler_job.py:639} INFO - DAG(s) dict_keys(['example_xcom']) retrieved from /home/airflow/.local/lib/python3.6/site-packages/airflow/example_dags/example_xcom.py
[2021-02-17 23:50:03,485] {logging_mixin.py:104} INFO - [2021-02-17 23:50:03,484] {dag.py:1818} INFO - Sync 1 DAGs
[2021-02-17 23:50:03,539] {logging_mixin.py:104} INFO - [2021-02-17 23:50:03,539] {dag.py:2273} INFO - Setting next_dagrun for example_xcom to 2021-02-15 00:00:00+00:00
[2021-02-17 23:50:03,557] {scheduler_job.py:190} INFO - Processing /home/airflow/.local/lib/python3.6/site-packages/airflow/example_dags/example_xcom.py took 0.242 seconds
[2021-02-17 23:50:45,304] {scheduler_job.py:182} INFO - Started process (PID=180) to work on /home/airflow/.local/lib/python3.6/site-packages/airflow/example_dags/example_xcom.py
[2021-02-17 23:50:45,308] {scheduler_job.py:629} INFO - Processing file /home/airflow/.local/lib/python3.6/site-packages/airflow/example_dags/example_xcom.py for tasks to queue
[2021-02-17 23:50:45,311] {logging_mixin.py:104} INFO - [2021-02-17 23:50:45,311] {dagbag.py:448} INFO - Filling up the DagBag from /home/airflow/.local/lib/python3.6/site-packages/airflow/example_dags/example_xcom.py
[2021-02-17 23:50:45,385] {scheduler_job.py:639} INFO - DAG(s) dict_keys(['example_xcom']) retrieved from /home/airflow/.local/lib/python3.6/site-packages/airflow/example_dags/example_xcom.py
[2021-02-17 23:50:45,445] {logging_mixin.py:104} INFO - [2021-02-17 23:50:45,444] {dag.py:1818} INFO - Sync 1 DAGs
[2021-02-17 23:50:45,510] {logging_mixin.py:104} INFO - [2021-02-17 23:50:45,510] {dag.py:2273} INFO - Setting next_dagrun for example_xcom to 2021-02-15 00:00:00+00:00
[2021-02-17 23:50:45,532] {scheduler_job.py:190} INFO - Processing /home/airflow/.local/lib/python3.6/site-packages/airflow/example_dags/example_xcom.py took 0.233 seconds
[2021-02-17 23:51:37,117] {scheduler_job.py:182} INFO - Started process (PID=29) to work on /home/airflow/.local/lib/python3.6/site-packages/airflow/example_dags/example_xcom.py
[2021-02-17 23:51:37,131] {scheduler_job.py:629} INFO - Processing file /home/airflow/.local/lib/python3.6/site-packages/airflow/example_dags/example_xcom.py for tasks to queue
[2021-02-17 23:51:37,137] {logging_mixin.py:104} INFO - [2021-02-17 23:51:37,136] {dagbag.py:448} INFO - Filling up the DagBag from /home/airflow/.local/lib/python3.6/site-packages/airflow/example_dags/example_xcom.py
[2021-02-17 23:51:37,281] {scheduler_job.py:639} INFO - DAG(s) dict_keys(['example_xcom']) retrieved from /home/airflow/.local/lib/python3.6/site-packages/airflow/example_dags/example_xcom.py
[2021-02-17 23:51:37,429] {logging_mixin.py:104} INFO - [2021-02-17 23:51:37,429] {dag.py:1818} INFO - Sync 1 DAGs
[2021-02-17 23:51:37,510] {logging_mixin.py:104} INFO - [2021-02-17 23:51:37,510] {dag.py:2273} INFO - Setting next_dagrun for example_xcom to 2021-02-15 00:00:00+00:00
[2021-02-17 23:51:37,596] {scheduler_job.py:190} INFO - Processing /home/airflow/.local/lib/python3.6/site-packages/airflow/example_dags/example_xcom.py took 0.515 seconds
[2021-02-17 23:52:10,867] {scheduler_job.py:182} INFO - Started process (PID=57) to work on /home/airflow/.local/lib/python3.6/site-packages/airflow/example_dags/example_xcom.py
[2021-02-17 23:52:10,920] {scheduler_job.py:629} INFO - Processing file /home/airflow/.local/lib/python3.6/site-packages/airflow/example_dags/example_xcom.py for tasks to queue
[2021-02-17 23:52:10,932] {logging_mixin.py:104} INFO - [2021-02-17 23:52:10,932] {dagbag.py:448} INFO - Filling up the DagBag from /home/airflow/.local/lib/python3.6/site-packages/airflow/example_dags/example_xcom.py
[2021-02-17 23:52:11,062] {scheduler_job.py:639} INFO - DAG(s) dict_keys(['example_xcom']) retrieved from /home/airflow/.local/lib/python3.6/site-packages/airflow/example_dags/example_xcom.py
[2021-02-17 23:52:11,356] {logging_mixin.py:104} INFO - [2021-02-17 23:52:11,354] {dag.py:1818} INFO - Sync 1 DAGs
[2021-02-17 23:52:11,522] {logging_mixin.py:104} INFO - [2021-02-17 23:52:11,522] {dag.py:2273} INFO - Setting next_dagrun for example_xcom to 2021-02-15 00:00:00+00:00
[2021-02-17 23:52:11,675] {scheduler_job.py:190} INFO - Processing /home/airflow/.local/lib/python3.6/site-packages/airflow/example_dags/example_xcom.py took 0.825 seconds
[2021-02-17 23:52:44,607] {scheduler_job.py:182} INFO - Started process (PID=87) to work on /home/airflow/.local/lib/python3.6/site-packages/airflow/example_dags/example_xcom.py
[2021-02-17 23:52:44,610] {scheduler_job.py:629} INFO - Processing file /home/airflow/.local/lib/python3.6/site-packages/airflow/example_dags/example_xcom.py for tasks to queue
[2021-02-17 23:52:44,613] {logging_mixin.py:104} INFO - [2021-02-17 23:52:44,612] {dagbag.py:448} INFO - Filling up the DagBag from /home/airflow/.local/lib/python3.6/site-packages/airflow/example_dags/example_xcom.py
[2021-02-17 23:52:44,678] {scheduler_job.py:639} INFO - DAG(s) dict_keys(['example_xcom']) retrieved from /home/airflow/.local/lib/python3.6/site-packages/airflow/example_dags/example_xcom.py
[2021-02-17 23:52:44,750] {logging_mixin.py:104} INFO - [2021-02-17 23:52:44,750] {dag.py:1818} INFO - Sync 1 DAGs
[2021-02-17 23:52:44,802] {logging_mixin.py:104} INFO - [2021-02-17 23:52:44,802] {dag.py:2273} INFO - Setting next_dagrun for example_xcom to 2021-02-15 00:00:00+00:00
[2021-02-17 23:52:44,823] {scheduler_job.py:190} INFO - Processing /home/airflow/.local/lib/python3.6/site-packages/airflow/example_dags/example_xcom.py took 0.228 seconds
[2021-02-17 23:53:18,602] {scheduler_job.py:182} INFO - Started process (PID=113) to work on /home/airflow/.local/lib/python3.6/site-packages/airflow/example_dags/example_xcom.py
[2021-02-17 23:53:18,606] {scheduler_job.py:629} INFO - Processing file /home/airflow/.local/lib/python3.6/site-packages/airflow/example_dags/example_xcom.py for tasks to queue
[2021-02-17 23:53:18,610] {logging_mixin.py:104} INFO - [2021-02-17 23:53:18,610] {dagbag.py:448} INFO - Filling up the DagBag from /home/airflow/.local/lib/python3.6/site-packages/airflow/example_dags/example_xcom.py
[2021-02-17 23:53:18,664] {scheduler_job.py:639} INFO - DAG(s) dict_keys(['example_xcom']) retrieved from /home/airflow/.local/lib/python3.6/site-packages/airflow/example_dags/example_xcom.py
[2021-02-17 23:53:18,722] {logging_mixin.py:104} INFO - [2021-02-17 23:53:18,722] {dag.py:1818} INFO - Sync 1 DAGs
[2021-02-17 23:53:18,760] {logging_mixin.py:104} INFO - [2021-02-17 23:53:18,760] {dag.py:2273} INFO - Setting next_dagrun for example_xcom to 2021-02-15 00:00:00+00:00
[2021-02-17 23:53:18,771] {scheduler_job.py:190} INFO - Processing /home/airflow/.local/lib/python3.6/site-packages/airflow/example_dags/example_xcom.py took 0.191 seconds
[2021-02-17 23:55:42,414] {scheduler_job.py:182} INFO - Started process (PID=27) to work on /home/airflow/.local/lib/python3.6/site-packages/airflow/example_dags/example_xcom.py
[2021-02-17 23:55:42,426] {scheduler_job.py:629} INFO - Processing file /home/airflow/.local/lib/python3.6/site-packages/airflow/example_dags/example_xcom.py for tasks to queue
[2021-02-17 23:55:42,431] {logging_mixin.py:104} INFO - [2021-02-17 23:55:42,431] {dagbag.py:448} INFO - Filling up the DagBag from /home/airflow/.local/lib/python3.6/site-packages/airflow/example_dags/example_xcom.py
[2021-02-17 23:55:42,606] {scheduler_job.py:639} INFO - DAG(s) dict_keys(['example_xcom']) retrieved from /home/airflow/.local/lib/python3.6/site-packages/airflow/example_dags/example_xcom.py
[2021-02-17 23:55:42,890] {logging_mixin.py:104} INFO - [2021-02-17 23:55:42,890] {dag.py:1818} INFO - Sync 1 DAGs
[2021-02-17 23:55:43,019] {logging_mixin.py:104} INFO - [2021-02-17 23:55:43,010] {dag.py:2273} INFO - Setting next_dagrun for example_xcom to 2021-02-15 00:00:00+00:00
[2021-02-17 23:55:43,120] {scheduler_job.py:190} INFO - Processing /home/airflow/.local/lib/python3.6/site-packages/airflow/example_dags/example_xcom.py took 0.719 seconds
[2021-02-17 23:56:13,484] {scheduler_job.py:182} INFO - Started process (PID=54) to work on /home/airflow/.local/lib/python3.6/site-packages/airflow/example_dags/example_xcom.py
[2021-02-17 23:56:13,491] {scheduler_job.py:629} INFO - Processing file /home/airflow/.local/lib/python3.6/site-packages/airflow/example_dags/example_xcom.py for tasks to queue
[2021-02-17 23:56:13,495] {logging_mixin.py:104} INFO - [2021-02-17 23:56:13,494] {dagbag.py:448} INFO - Filling up the DagBag from /home/airflow/.local/lib/python3.6/site-packages/airflow/example_dags/example_xcom.py
[2021-02-17 23:56:13,565] {scheduler_job.py:639} INFO - DAG(s) dict_keys(['example_xcom']) retrieved from /home/airflow/.local/lib/python3.6/site-packages/airflow/example_dags/example_xcom.py
[2021-02-17 23:56:13,624] {logging_mixin.py:104} INFO - [2021-02-17 23:56:13,624] {dag.py:1818} INFO - Sync 1 DAGs
[2021-02-17 23:56:13,681] {logging_mixin.py:104} INFO - [2021-02-17 23:56:13,681] {dag.py:2273} INFO - Setting next_dagrun for example_xcom to 2021-02-15 00:00:00+00:00
[2021-02-17 23:56:13,725] {scheduler_job.py:190} INFO - Processing /home/airflow/.local/lib/python3.6/site-packages/airflow/example_dags/example_xcom.py took 0.255 seconds
[2021-02-17 23:56:44,176] {scheduler_job.py:182} INFO - Started process (PID=81) to work on /home/airflow/.local/lib/python3.6/site-packages/airflow/example_dags/example_xcom.py
[2021-02-17 23:56:44,188] {scheduler_job.py:629} INFO - Processing file /home/airflow/.local/lib/python3.6/site-packages/airflow/example_dags/example_xcom.py for tasks to queue
[2021-02-17 23:56:44,191] {logging_mixin.py:104} INFO - [2021-02-17 23:56:44,191] {dagbag.py:448} INFO - Filling up the DagBag from /home/airflow/.local/lib/python3.6/site-packages/airflow/example_dags/example_xcom.py
[2021-02-17 23:56:44,289] {scheduler_job.py:639} INFO - DAG(s) dict_keys(['example_xcom']) retrieved from /home/airflow/.local/lib/python3.6/site-packages/airflow/example_dags/example_xcom.py
[2021-02-17 23:56:44,359] {logging_mixin.py:104} INFO - [2021-02-17 23:56:44,359] {dag.py:1818} INFO - Sync 1 DAGs
[2021-02-17 23:56:44,632] {logging_mixin.py:104} INFO - [2021-02-17 23:56:44,632] {dag.py:2273} INFO - Setting next_dagrun for example_xcom to 2021-02-15 00:00:00+00:00
[2021-02-17 23:56:44,681] {scheduler_job.py:190} INFO - Processing /home/airflow/.local/lib/python3.6/site-packages/airflow/example_dags/example_xcom.py took 0.523 seconds
[2021-02-17 23:57:31,933] {scheduler_job.py:182} INFO - Started process (PID=109) to work on /home/airflow/.local/lib/python3.6/site-packages/airflow/example_dags/example_xcom.py
[2021-02-17 23:57:31,942] {scheduler_job.py:629} INFO - Processing file /home/airflow/.local/lib/python3.6/site-packages/airflow/example_dags/example_xcom.py for tasks to queue
[2021-02-17 23:57:31,948] {logging_mixin.py:104} INFO - [2021-02-17 23:57:31,947] {dagbag.py:448} INFO - Filling up the DagBag from /home/airflow/.local/lib/python3.6/site-packages/airflow/example_dags/example_xcom.py
[2021-02-17 23:57:32,045] {scheduler_job.py:639} INFO - DAG(s) dict_keys(['example_xcom']) retrieved from /home/airflow/.local/lib/python3.6/site-packages/airflow/example_dags/example_xcom.py
[2021-02-17 23:57:32,180] {logging_mixin.py:104} INFO - [2021-02-17 23:57:32,180] {dag.py:1818} INFO - Sync 1 DAGs
[2021-02-17 23:57:32,342] {logging_mixin.py:104} INFO - [2021-02-17 23:57:32,342] {dag.py:2273} INFO - Setting next_dagrun for example_xcom to 2021-02-15 00:00:00+00:00
[2021-02-17 23:57:32,393] {scheduler_job.py:190} INFO - Processing /home/airflow/.local/lib/python3.6/site-packages/airflow/example_dags/example_xcom.py took 0.485 seconds
[2021-02-17 23:58:03,205] {scheduler_job.py:182} INFO - Started process (PID=135) to work on /home/airflow/.local/lib/python3.6/site-packages/airflow/example_dags/example_xcom.py
[2021-02-17 23:58:03,209] {scheduler_job.py:629} INFO - Processing file /home/airflow/.local/lib/python3.6/site-packages/airflow/example_dags/example_xcom.py for tasks to queue
[2021-02-17 23:58:03,212] {logging_mixin.py:104} INFO - [2021-02-17 23:58:03,212] {dagbag.py:448} INFO - Filling up the DagBag from /home/airflow/.local/lib/python3.6/site-packages/airflow/example_dags/example_xcom.py
[2021-02-17 23:58:03,241] {scheduler_job.py:639} INFO - DAG(s) dict_keys(['example_xcom']) retrieved from /home/airflow/.local/lib/python3.6/site-packages/airflow/example_dags/example_xcom.py
[2021-02-17 23:58:03,359] {logging_mixin.py:104} INFO - [2021-02-17 23:58:03,358] {dag.py:1818} INFO - Sync 1 DAGs
[2021-02-17 23:58:03,424] {logging_mixin.py:104} INFO - [2021-02-17 23:58:03,424] {dag.py:2273} INFO - Setting next_dagrun for example_xcom to 2021-02-15 00:00:00+00:00
[2021-02-17 23:58:03,457] {scheduler_job.py:190} INFO - Processing /home/airflow/.local/lib/python3.6/site-packages/airflow/example_dags/example_xcom.py took 0.261 seconds
