[2021-02-17 23:40:32,008] {scheduler_job.py:182} INFO - Started process (PID=36) to work on /home/airflow/.local/lib/python3.6/site-packages/airflow/example_dags/tutorial.py
[2021-02-17 23:40:32,049] {scheduler_job.py:629} INFO - Processing file /home/airflow/.local/lib/python3.6/site-packages/airflow/example_dags/tutorial.py for tasks to queue
[2021-02-17 23:40:32,062] {logging_mixin.py:104} INFO - [2021-02-17 23:40:32,062] {dagbag.py:448} INFO - Filling up the DagBag from /home/airflow/.local/lib/python3.6/site-packages/airflow/example_dags/tutorial.py
[2021-02-17 23:40:32,168] {scheduler_job.py:639} INFO - DAG(s) dict_keys(['tutorial']) retrieved from /home/airflow/.local/lib/python3.6/site-packages/airflow/example_dags/tutorial.py
[2021-02-17 23:40:32,274] {logging_mixin.py:104} INFO - [2021-02-17 23:40:32,274] {dag.py:1818} INFO - Sync 1 DAGs
[2021-02-17 23:40:32,376] {logging_mixin.py:104} INFO - [2021-02-17 23:40:32,376] {dag.py:2273} INFO - Setting next_dagrun for tutorial to 2021-02-15 00:00:00+00:00
[2021-02-17 23:40:32,436] {scheduler_job.py:190} INFO - Processing /home/airflow/.local/lib/python3.6/site-packages/airflow/example_dags/tutorial.py took 0.450 seconds
[2021-02-17 23:41:55,979] {scheduler_job.py:182} INFO - Started process (PID=71) to work on /home/airflow/.local/lib/python3.6/site-packages/airflow/example_dags/tutorial.py
[2021-02-17 23:41:55,982] {scheduler_job.py:629} INFO - Processing file /home/airflow/.local/lib/python3.6/site-packages/airflow/example_dags/tutorial.py for tasks to queue
[2021-02-17 23:41:55,984] {logging_mixin.py:104} INFO - [2021-02-17 23:41:55,984] {dagbag.py:448} INFO - Filling up the DagBag from /home/airflow/.local/lib/python3.6/site-packages/airflow/example_dags/tutorial.py
[2021-02-17 23:41:56,072] {scheduler_job.py:639} INFO - DAG(s) dict_keys(['tutorial']) retrieved from /home/airflow/.local/lib/python3.6/site-packages/airflow/example_dags/tutorial.py
[2021-02-17 23:41:56,201] {logging_mixin.py:104} INFO - [2021-02-17 23:41:56,196] {dag.py:1818} INFO - Sync 1 DAGs
[2021-02-17 23:41:56,344] {logging_mixin.py:104} INFO - [2021-02-17 23:41:56,343] {dag.py:2273} INFO - Setting next_dagrun for tutorial to 2021-02-15 00:00:00+00:00
[2021-02-17 23:41:56,428] {scheduler_job.py:190} INFO - Processing /home/airflow/.local/lib/python3.6/site-packages/airflow/example_dags/tutorial.py took 0.467 seconds
[2021-02-17 23:42:30,163] {scheduler_job.py:182} INFO - Started process (PID=100) to work on /home/airflow/.local/lib/python3.6/site-packages/airflow/example_dags/tutorial.py
[2021-02-17 23:42:30,171] {scheduler_job.py:629} INFO - Processing file /home/airflow/.local/lib/python3.6/site-packages/airflow/example_dags/tutorial.py for tasks to queue
[2021-02-17 23:42:30,205] {logging_mixin.py:104} INFO - [2021-02-17 23:42:30,205] {dagbag.py:448} INFO - Filling up the DagBag from /home/airflow/.local/lib/python3.6/site-packages/airflow/example_dags/tutorial.py
[2021-02-17 23:42:30,372] {scheduler_job.py:639} INFO - DAG(s) dict_keys(['tutorial']) retrieved from /home/airflow/.local/lib/python3.6/site-packages/airflow/example_dags/tutorial.py
[2021-02-17 23:42:30,586] {logging_mixin.py:104} INFO - [2021-02-17 23:42:30,585] {dag.py:1818} INFO - Sync 1 DAGs
[2021-02-17 23:42:30,696] {logging_mixin.py:104} INFO - [2021-02-17 23:42:30,695] {dag.py:2273} INFO - Setting next_dagrun for tutorial to 2021-02-15 00:00:00+00:00
[2021-02-17 23:42:30,757] {scheduler_job.py:190} INFO - Processing /home/airflow/.local/lib/python3.6/site-packages/airflow/example_dags/tutorial.py took 0.615 seconds
[2021-02-17 23:43:08,080] {scheduler_job.py:182} INFO - Started process (PID=127) to work on /home/airflow/.local/lib/python3.6/site-packages/airflow/example_dags/tutorial.py
[2021-02-17 23:43:08,093] {scheduler_job.py:629} INFO - Processing file /home/airflow/.local/lib/python3.6/site-packages/airflow/example_dags/tutorial.py for tasks to queue
[2021-02-17 23:43:08,097] {logging_mixin.py:104} INFO - [2021-02-17 23:43:08,097] {dagbag.py:448} INFO - Filling up the DagBag from /home/airflow/.local/lib/python3.6/site-packages/airflow/example_dags/tutorial.py
[2021-02-17 23:43:08,225] {scheduler_job.py:639} INFO - DAG(s) dict_keys(['tutorial']) retrieved from /home/airflow/.local/lib/python3.6/site-packages/airflow/example_dags/tutorial.py
[2021-02-17 23:43:08,397] {logging_mixin.py:104} INFO - [2021-02-17 23:43:08,397] {dag.py:1818} INFO - Sync 1 DAGs
[2021-02-17 23:43:08,552] {logging_mixin.py:104} INFO - [2021-02-17 23:43:08,552] {dag.py:2273} INFO - Setting next_dagrun for tutorial to 2021-02-15 00:00:00+00:00
[2021-02-17 23:43:08,604] {scheduler_job.py:190} INFO - Processing /home/airflow/.local/lib/python3.6/site-packages/airflow/example_dags/tutorial.py took 0.537 seconds
[2021-02-17 23:47:39,280] {scheduler_job.py:182} INFO - Started process (PID=28) to work on /home/airflow/.local/lib/python3.6/site-packages/airflow/example_dags/tutorial.py
[2021-02-17 23:47:39,285] {scheduler_job.py:629} INFO - Processing file /home/airflow/.local/lib/python3.6/site-packages/airflow/example_dags/tutorial.py for tasks to queue
[2021-02-17 23:47:39,304] {logging_mixin.py:104} INFO - [2021-02-17 23:47:39,304] {dagbag.py:448} INFO - Filling up the DagBag from /home/airflow/.local/lib/python3.6/site-packages/airflow/example_dags/tutorial.py
[2021-02-17 23:47:39,471] {scheduler_job.py:639} INFO - DAG(s) dict_keys(['tutorial']) retrieved from /home/airflow/.local/lib/python3.6/site-packages/airflow/example_dags/tutorial.py
[2021-02-17 23:47:39,732] {logging_mixin.py:104} INFO - [2021-02-17 23:47:39,731] {dag.py:1818} INFO - Sync 1 DAGs
[2021-02-17 23:47:39,852] {logging_mixin.py:104} INFO - [2021-02-17 23:47:39,851] {dag.py:2273} INFO - Setting next_dagrun for tutorial to 2021-02-15 00:00:00+00:00
[2021-02-17 23:47:39,934] {scheduler_job.py:190} INFO - Processing /home/airflow/.local/lib/python3.6/site-packages/airflow/example_dags/tutorial.py took 0.713 seconds
[2021-02-17 23:48:10,462] {scheduler_job.py:182} INFO - Started process (PID=55) to work on /home/airflow/.local/lib/python3.6/site-packages/airflow/example_dags/tutorial.py
[2021-02-17 23:48:10,476] {scheduler_job.py:629} INFO - Processing file /home/airflow/.local/lib/python3.6/site-packages/airflow/example_dags/tutorial.py for tasks to queue
[2021-02-17 23:48:10,492] {logging_mixin.py:104} INFO - [2021-02-17 23:48:10,491] {dagbag.py:448} INFO - Filling up the DagBag from /home/airflow/.local/lib/python3.6/site-packages/airflow/example_dags/tutorial.py
[2021-02-17 23:48:10,560] {scheduler_job.py:639} INFO - DAG(s) dict_keys(['tutorial']) retrieved from /home/airflow/.local/lib/python3.6/site-packages/airflow/example_dags/tutorial.py
[2021-02-17 23:48:10,682] {logging_mixin.py:104} INFO - [2021-02-17 23:48:10,682] {dag.py:1818} INFO - Sync 1 DAGs
[2021-02-17 23:48:10,736] {logging_mixin.py:104} INFO - [2021-02-17 23:48:10,735] {dag.py:2273} INFO - Setting next_dagrun for tutorial to 2021-02-15 00:00:00+00:00
[2021-02-17 23:48:10,866] {scheduler_job.py:190} INFO - Processing /home/airflow/.local/lib/python3.6/site-packages/airflow/example_dags/tutorial.py took 0.436 seconds
[2021-02-17 23:48:42,201] {scheduler_job.py:182} INFO - Started process (PID=84) to work on /home/airflow/.local/lib/python3.6/site-packages/airflow/example_dags/tutorial.py
[2021-02-17 23:48:42,212] {scheduler_job.py:629} INFO - Processing file /home/airflow/.local/lib/python3.6/site-packages/airflow/example_dags/tutorial.py for tasks to queue
[2021-02-17 23:48:42,214] {logging_mixin.py:104} INFO - [2021-02-17 23:48:42,214] {dagbag.py:448} INFO - Filling up the DagBag from /home/airflow/.local/lib/python3.6/site-packages/airflow/example_dags/tutorial.py
[2021-02-17 23:48:42,282] {scheduler_job.py:639} INFO - DAG(s) dict_keys(['tutorial']) retrieved from /home/airflow/.local/lib/python3.6/site-packages/airflow/example_dags/tutorial.py
[2021-02-17 23:48:42,328] {logging_mixin.py:104} INFO - [2021-02-17 23:48:42,328] {dag.py:1818} INFO - Sync 1 DAGs
[2021-02-17 23:48:42,353] {logging_mixin.py:104} INFO - [2021-02-17 23:48:42,353] {dag.py:2273} INFO - Setting next_dagrun for tutorial to 2021-02-15 00:00:00+00:00
[2021-02-17 23:48:42,373] {scheduler_job.py:190} INFO - Processing /home/airflow/.local/lib/python3.6/site-packages/airflow/example_dags/tutorial.py took 0.206 seconds
[2021-02-17 23:49:21,070] {scheduler_job.py:182} INFO - Started process (PID=109) to work on /home/airflow/.local/lib/python3.6/site-packages/airflow/example_dags/tutorial.py
[2021-02-17 23:49:21,098] {scheduler_job.py:629} INFO - Processing file /home/airflow/.local/lib/python3.6/site-packages/airflow/example_dags/tutorial.py for tasks to queue
[2021-02-17 23:49:21,113] {logging_mixin.py:104} INFO - [2021-02-17 23:49:21,112] {dagbag.py:448} INFO - Filling up the DagBag from /home/airflow/.local/lib/python3.6/site-packages/airflow/example_dags/tutorial.py
[2021-02-17 23:49:21,390] {scheduler_job.py:639} INFO - DAG(s) dict_keys(['tutorial']) retrieved from /home/airflow/.local/lib/python3.6/site-packages/airflow/example_dags/tutorial.py
[2021-02-17 23:49:21,463] {logging_mixin.py:104} INFO - [2021-02-17 23:49:21,462] {dag.py:1818} INFO - Sync 1 DAGs
[2021-02-17 23:49:21,513] {logging_mixin.py:104} INFO - [2021-02-17 23:49:21,513] {dag.py:2273} INFO - Setting next_dagrun for tutorial to 2021-02-15 00:00:00+00:00
[2021-02-17 23:49:21,597] {scheduler_job.py:190} INFO - Processing /home/airflow/.local/lib/python3.6/site-packages/airflow/example_dags/tutorial.py took 0.534 seconds
[2021-02-17 23:50:00,854] {scheduler_job.py:182} INFO - Started process (PID=136) to work on /home/airflow/.local/lib/python3.6/site-packages/airflow/example_dags/tutorial.py
[2021-02-17 23:50:00,858] {scheduler_job.py:629} INFO - Processing file /home/airflow/.local/lib/python3.6/site-packages/airflow/example_dags/tutorial.py for tasks to queue
[2021-02-17 23:50:00,862] {logging_mixin.py:104} INFO - [2021-02-17 23:50:00,862] {dagbag.py:448} INFO - Filling up the DagBag from /home/airflow/.local/lib/python3.6/site-packages/airflow/example_dags/tutorial.py
[2021-02-17 23:50:00,893] {scheduler_job.py:639} INFO - DAG(s) dict_keys(['tutorial']) retrieved from /home/airflow/.local/lib/python3.6/site-packages/airflow/example_dags/tutorial.py
[2021-02-17 23:50:00,958] {logging_mixin.py:104} INFO - [2021-02-17 23:50:00,958] {dag.py:1818} INFO - Sync 1 DAGs
[2021-02-17 23:50:00,991] {logging_mixin.py:104} INFO - [2021-02-17 23:50:00,991] {dag.py:2273} INFO - Setting next_dagrun for tutorial to 2021-02-15 00:00:00+00:00
[2021-02-17 23:50:01,008] {scheduler_job.py:190} INFO - Processing /home/airflow/.local/lib/python3.6/site-packages/airflow/example_dags/tutorial.py took 0.163 seconds
[2021-02-17 23:50:43,005] {scheduler_job.py:182} INFO - Started process (PID=164) to work on /home/airflow/.local/lib/python3.6/site-packages/airflow/example_dags/tutorial.py
[2021-02-17 23:50:43,010] {scheduler_job.py:629} INFO - Processing file /home/airflow/.local/lib/python3.6/site-packages/airflow/example_dags/tutorial.py for tasks to queue
[2021-02-17 23:50:43,015] {logging_mixin.py:104} INFO - [2021-02-17 23:50:43,015] {dagbag.py:448} INFO - Filling up the DagBag from /home/airflow/.local/lib/python3.6/site-packages/airflow/example_dags/tutorial.py
[2021-02-17 23:50:43,046] {scheduler_job.py:639} INFO - DAG(s) dict_keys(['tutorial']) retrieved from /home/airflow/.local/lib/python3.6/site-packages/airflow/example_dags/tutorial.py
[2021-02-17 23:50:43,118] {logging_mixin.py:104} INFO - [2021-02-17 23:50:43,117] {dag.py:1818} INFO - Sync 1 DAGs
[2021-02-17 23:50:43,192] {logging_mixin.py:104} INFO - [2021-02-17 23:50:43,185] {dag.py:2273} INFO - Setting next_dagrun for tutorial to 2021-02-15 00:00:00+00:00
[2021-02-17 23:50:43,215] {scheduler_job.py:190} INFO - Processing /home/airflow/.local/lib/python3.6/site-packages/airflow/example_dags/tutorial.py took 0.218 seconds
[2021-02-17 23:51:33,927] {scheduler_job.py:182} INFO - Started process (PID=20) to work on /home/airflow/.local/lib/python3.6/site-packages/airflow/example_dags/tutorial.py
[2021-02-17 23:51:33,933] {scheduler_job.py:629} INFO - Processing file /home/airflow/.local/lib/python3.6/site-packages/airflow/example_dags/tutorial.py for tasks to queue
[2021-02-17 23:51:33,940] {logging_mixin.py:104} INFO - [2021-02-17 23:51:33,940] {dagbag.py:448} INFO - Filling up the DagBag from /home/airflow/.local/lib/python3.6/site-packages/airflow/example_dags/tutorial.py
[2021-02-17 23:51:34,050] {scheduler_job.py:639} INFO - DAG(s) dict_keys(['tutorial']) retrieved from /home/airflow/.local/lib/python3.6/site-packages/airflow/example_dags/tutorial.py
[2021-02-17 23:51:34,246] {logging_mixin.py:104} INFO - [2021-02-17 23:51:34,246] {dag.py:1818} INFO - Sync 1 DAGs
[2021-02-17 23:51:34,350] {logging_mixin.py:104} INFO - [2021-02-17 23:51:34,350] {dag.py:2273} INFO - Setting next_dagrun for tutorial to 2021-02-15 00:00:00+00:00
[2021-02-17 23:51:34,406] {scheduler_job.py:190} INFO - Processing /home/airflow/.local/lib/python3.6/site-packages/airflow/example_dags/tutorial.py took 0.514 seconds
[2021-02-17 23:52:06,079] {scheduler_job.py:182} INFO - Started process (PID=47) to work on /home/airflow/.local/lib/python3.6/site-packages/airflow/example_dags/tutorial.py
[2021-02-17 23:52:06,330] {scheduler_job.py:629} INFO - Processing file /home/airflow/.local/lib/python3.6/site-packages/airflow/example_dags/tutorial.py for tasks to queue
[2021-02-17 23:52:06,392] {logging_mixin.py:104} INFO - [2021-02-17 23:52:06,390] {dagbag.py:448} INFO - Filling up the DagBag from /home/airflow/.local/lib/python3.6/site-packages/airflow/example_dags/tutorial.py
[2021-02-17 23:52:07,183] {scheduler_job.py:639} INFO - DAG(s) dict_keys(['tutorial']) retrieved from /home/airflow/.local/lib/python3.6/site-packages/airflow/example_dags/tutorial.py
[2021-02-17 23:52:07,597] {logging_mixin.py:104} INFO - [2021-02-17 23:52:07,592] {dag.py:1818} INFO - Sync 1 DAGs
[2021-02-17 23:52:07,764] {logging_mixin.py:104} INFO - [2021-02-17 23:52:07,764] {dag.py:2273} INFO - Setting next_dagrun for tutorial to 2021-02-15 00:00:00+00:00
[2021-02-17 23:52:07,825] {scheduler_job.py:190} INFO - Processing /home/airflow/.local/lib/python3.6/site-packages/airflow/example_dags/tutorial.py took 1.841 seconds
[2021-02-17 23:52:38,815] {scheduler_job.py:182} INFO - Started process (PID=74) to work on /home/airflow/.local/lib/python3.6/site-packages/airflow/example_dags/tutorial.py
[2021-02-17 23:52:39,600] {scheduler_job.py:629} INFO - Processing file /home/airflow/.local/lib/python3.6/site-packages/airflow/example_dags/tutorial.py for tasks to queue
[2021-02-17 23:52:40,027] {logging_mixin.py:104} INFO - [2021-02-17 23:52:39,635] {dagbag.py:448} INFO - Filling up the DagBag from /home/airflow/.local/lib/python3.6/site-packages/airflow/example_dags/tutorial.py
[2021-02-17 23:52:41,864] {scheduler_job.py:639} INFO - DAG(s) dict_keys(['tutorial']) retrieved from /home/airflow/.local/lib/python3.6/site-packages/airflow/example_dags/tutorial.py
[2021-02-17 23:52:42,497] {logging_mixin.py:104} INFO - [2021-02-17 23:52:42,492] {dag.py:1818} INFO - Sync 1 DAGs
[2021-02-17 23:52:42,683] {logging_mixin.py:104} INFO - [2021-02-17 23:52:42,683] {dag.py:2273} INFO - Setting next_dagrun for tutorial to 2021-02-15 00:00:00+00:00
[2021-02-17 23:52:42,723] {scheduler_job.py:190} INFO - Processing /home/airflow/.local/lib/python3.6/site-packages/airflow/example_dags/tutorial.py took 4.419 seconds
[2021-02-17 23:53:15,675] {scheduler_job.py:182} INFO - Started process (PID=102) to work on /home/airflow/.local/lib/python3.6/site-packages/airflow/example_dags/tutorial.py
[2021-02-17 23:53:15,679] {scheduler_job.py:629} INFO - Processing file /home/airflow/.local/lib/python3.6/site-packages/airflow/example_dags/tutorial.py for tasks to queue
[2021-02-17 23:53:15,688] {logging_mixin.py:104} INFO - [2021-02-17 23:53:15,688] {dagbag.py:448} INFO - Filling up the DagBag from /home/airflow/.local/lib/python3.6/site-packages/airflow/example_dags/tutorial.py
[2021-02-17 23:53:15,827] {scheduler_job.py:639} INFO - DAG(s) dict_keys(['tutorial']) retrieved from /home/airflow/.local/lib/python3.6/site-packages/airflow/example_dags/tutorial.py
[2021-02-17 23:53:16,250] {logging_mixin.py:104} INFO - [2021-02-17 23:53:16,250] {dag.py:1818} INFO - Sync 1 DAGs
[2021-02-17 23:53:16,396] {logging_mixin.py:104} INFO - [2021-02-17 23:53:16,395] {dag.py:2273} INFO - Setting next_dagrun for tutorial to 2021-02-15 00:00:00+00:00
[2021-02-17 23:53:16,490] {scheduler_job.py:190} INFO - Processing /home/airflow/.local/lib/python3.6/site-packages/airflow/example_dags/tutorial.py took 0.852 seconds
[2021-02-17 23:54:11,177] {scheduler_job.py:182} INFO - Started process (PID=129) to work on /home/airflow/.local/lib/python3.6/site-packages/airflow/example_dags/tutorial.py
[2021-02-17 23:54:12,918] {scheduler_job.py:629} INFO - Processing file /home/airflow/.local/lib/python3.6/site-packages/airflow/example_dags/tutorial.py for tasks to queue
[2021-02-17 23:54:14,443] {logging_mixin.py:104} INFO - [2021-02-17 23:54:13,922] {dagbag.py:448} INFO - Filling up the DagBag from /home/airflow/.local/lib/python3.6/site-packages/airflow/example_dags/tutorial.py
[2021-02-17 23:54:21,432] {scheduler_job.py:639} INFO - DAG(s) dict_keys(['tutorial']) retrieved from /home/airflow/.local/lib/python3.6/site-packages/airflow/example_dags/tutorial.py
[2021-02-17 23:54:28,495] {logging_mixin.py:104} INFO - [2021-02-17 23:54:28,495] {dag.py:1818} INFO - Sync 1 DAGs
[2021-02-17 23:54:29,414] {logging_mixin.py:104} INFO - [2021-02-17 23:54:29,396] {dag.py:2273} INFO - Setting next_dagrun for tutorial to 2021-02-15 00:00:00+00:00
[2021-02-17 23:54:36,481] {logging_mixin.py:104} INFO - [2021-02-17 23:54:36,480] {process_utils.py:206} INFO - Waiting up to 5 seconds for processes to exit...
[2021-02-17 23:55:45,183] {scheduler_job.py:182} INFO - Started process (PID=35) to work on /home/airflow/.local/lib/python3.6/site-packages/airflow/example_dags/tutorial.py
[2021-02-17 23:55:45,193] {scheduler_job.py:629} INFO - Processing file /home/airflow/.local/lib/python3.6/site-packages/airflow/example_dags/tutorial.py for tasks to queue
[2021-02-17 23:55:45,199] {logging_mixin.py:104} INFO - [2021-02-17 23:55:45,198] {dagbag.py:448} INFO - Filling up the DagBag from /home/airflow/.local/lib/python3.6/site-packages/airflow/example_dags/tutorial.py
[2021-02-17 23:55:45,244] {scheduler_job.py:639} INFO - DAG(s) dict_keys(['tutorial']) retrieved from /home/airflow/.local/lib/python3.6/site-packages/airflow/example_dags/tutorial.py
[2021-02-17 23:55:45,344] {logging_mixin.py:104} INFO - [2021-02-17 23:55:45,344] {dag.py:1818} INFO - Sync 1 DAGs
[2021-02-17 23:55:45,406] {logging_mixin.py:104} INFO - [2021-02-17 23:55:45,406] {dag.py:2273} INFO - Setting next_dagrun for tutorial to 2021-02-15 00:00:00+00:00
[2021-02-17 23:55:45,495] {scheduler_job.py:190} INFO - Processing /home/airflow/.local/lib/python3.6/site-packages/airflow/example_dags/tutorial.py took 0.322 seconds
[2021-02-17 23:56:19,171] {scheduler_job.py:182} INFO - Started process (PID=62) to work on /home/airflow/.local/lib/python3.6/site-packages/airflow/example_dags/tutorial.py
[2021-02-17 23:56:19,187] {scheduler_job.py:629} INFO - Processing file /home/airflow/.local/lib/python3.6/site-packages/airflow/example_dags/tutorial.py for tasks to queue
[2021-02-17 23:56:19,214] {logging_mixin.py:104} INFO - [2021-02-17 23:56:19,205] {dagbag.py:448} INFO - Filling up the DagBag from /home/airflow/.local/lib/python3.6/site-packages/airflow/example_dags/tutorial.py
[2021-02-17 23:56:19,314] {scheduler_job.py:639} INFO - DAG(s) dict_keys(['tutorial']) retrieved from /home/airflow/.local/lib/python3.6/site-packages/airflow/example_dags/tutorial.py
[2021-02-17 23:56:19,533] {logging_mixin.py:104} INFO - [2021-02-17 23:56:19,533] {dag.py:1818} INFO - Sync 1 DAGs
[2021-02-17 23:56:19,666] {logging_mixin.py:104} INFO - [2021-02-17 23:56:19,665] {dag.py:2273} INFO - Setting next_dagrun for tutorial to 2021-02-15 00:00:00+00:00
[2021-02-17 23:56:19,733] {scheduler_job.py:190} INFO - Processing /home/airflow/.local/lib/python3.6/site-packages/airflow/example_dags/tutorial.py took 0.656 seconds
[2021-02-17 23:56:51,594] {scheduler_job.py:182} INFO - Started process (PID=90) to work on /home/airflow/.local/lib/python3.6/site-packages/airflow/example_dags/tutorial.py
[2021-02-17 23:56:51,621] {scheduler_job.py:629} INFO - Processing file /home/airflow/.local/lib/python3.6/site-packages/airflow/example_dags/tutorial.py for tasks to queue
[2021-02-17 23:56:51,642] {logging_mixin.py:104} INFO - [2021-02-17 23:56:51,641] {dagbag.py:448} INFO - Filling up the DagBag from /home/airflow/.local/lib/python3.6/site-packages/airflow/example_dags/tutorial.py
[2021-02-17 23:56:51,878] {scheduler_job.py:639} INFO - DAG(s) dict_keys(['tutorial']) retrieved from /home/airflow/.local/lib/python3.6/site-packages/airflow/example_dags/tutorial.py
[2021-02-17 23:56:52,043] {logging_mixin.py:104} INFO - [2021-02-17 23:56:52,042] {dag.py:1818} INFO - Sync 1 DAGs
[2021-02-17 23:56:52,571] {logging_mixin.py:104} INFO - [2021-02-17 23:56:52,571] {dag.py:2273} INFO - Setting next_dagrun for tutorial to 2021-02-15 00:00:00+00:00
[2021-02-17 23:56:52,694] {scheduler_job.py:190} INFO - Processing /home/airflow/.local/lib/python3.6/site-packages/airflow/example_dags/tutorial.py took 1.224 seconds
[2021-02-17 23:57:35,282] {scheduler_job.py:182} INFO - Started process (PID=118) to work on /home/airflow/.local/lib/python3.6/site-packages/airflow/example_dags/tutorial.py
[2021-02-17 23:57:35,312] {scheduler_job.py:629} INFO - Processing file /home/airflow/.local/lib/python3.6/site-packages/airflow/example_dags/tutorial.py for tasks to queue
[2021-02-17 23:57:35,332] {logging_mixin.py:104} INFO - [2021-02-17 23:57:35,330] {dagbag.py:448} INFO - Filling up the DagBag from /home/airflow/.local/lib/python3.6/site-packages/airflow/example_dags/tutorial.py
[2021-02-17 23:57:35,545] {scheduler_job.py:639} INFO - DAG(s) dict_keys(['tutorial']) retrieved from /home/airflow/.local/lib/python3.6/site-packages/airflow/example_dags/tutorial.py
[2021-02-17 23:57:35,726] {logging_mixin.py:104} INFO - [2021-02-17 23:57:35,726] {dag.py:1818} INFO - Sync 1 DAGs
[2021-02-17 23:57:36,069] {logging_mixin.py:104} INFO - [2021-02-17 23:57:36,068] {dag.py:2273} INFO - Setting next_dagrun for tutorial to 2021-02-15 00:00:00+00:00
[2021-02-17 23:57:36,154] {scheduler_job.py:190} INFO - Processing /home/airflow/.local/lib/python3.6/site-packages/airflow/example_dags/tutorial.py took 0.875 seconds
[2021-02-17 23:58:06,568] {scheduler_job.py:182} INFO - Started process (PID=145) to work on /home/airflow/.local/lib/python3.6/site-packages/airflow/example_dags/tutorial.py
[2021-02-17 23:58:06,573] {scheduler_job.py:629} INFO - Processing file /home/airflow/.local/lib/python3.6/site-packages/airflow/example_dags/tutorial.py for tasks to queue
[2021-02-17 23:58:06,575] {logging_mixin.py:104} INFO - [2021-02-17 23:58:06,575] {dagbag.py:448} INFO - Filling up the DagBag from /home/airflow/.local/lib/python3.6/site-packages/airflow/example_dags/tutorial.py
[2021-02-17 23:58:06,602] {scheduler_job.py:639} INFO - DAG(s) dict_keys(['tutorial']) retrieved from /home/airflow/.local/lib/python3.6/site-packages/airflow/example_dags/tutorial.py
[2021-02-17 23:58:06,705] {logging_mixin.py:104} INFO - [2021-02-17 23:58:06,705] {dag.py:1818} INFO - Sync 1 DAGs
[2021-02-17 23:58:06,765] {logging_mixin.py:104} INFO - [2021-02-17 23:58:06,764] {dag.py:2273} INFO - Setting next_dagrun for tutorial to 2021-02-15 00:00:00+00:00
[2021-02-17 23:58:06,822] {scheduler_job.py:190} INFO - Processing /home/airflow/.local/lib/python3.6/site-packages/airflow/example_dags/tutorial.py took 0.259 seconds
