[2021-02-16 12:11:28,538] {taskinstance.py:851} INFO - Dependencies all met for <TaskInstance: example_bash_operator.runme_1 2021-02-15T00:00:00+00:00 [queued]>
[2021-02-16 12:11:28,952] {taskinstance.py:851} INFO - Dependencies all met for <TaskInstance: example_bash_operator.runme_1 2021-02-15T00:00:00+00:00 [queued]>
[2021-02-16 12:11:28,968] {taskinstance.py:1042} INFO - 
--------------------------------------------------------------------------------
[2021-02-16 12:11:28,972] {taskinstance.py:1043} INFO - Starting attempt 1 of 1
[2021-02-16 12:11:28,974] {taskinstance.py:1044} INFO - 
--------------------------------------------------------------------------------
[2021-02-16 12:11:29,653] {taskinstance.py:1063} INFO - Executing <Task(BashOperator): runme_1> on 2021-02-15T00:00:00+00:00
[2021-02-16 12:11:30,032] {standard_task_runner.py:52} INFO - Started process 58 to run task
[2021-02-16 12:11:30,802] {standard_task_runner.py:76} INFO - Running: ['airflow', 'tasks', 'run', 'example_bash_operator', 'runme_1', '2021-02-15T00:00:00+00:00', '--job-id', '9', '--pool', 'default_pool', '--raw', '--subdir', '/home/airflow/.local/lib/python3.6/site-packages/airflow/example_dags/example_bash_operator.py', '--cfg-path', '/tmp/tmpfjl7i8za', '--error-file', '/tmp/tmpj1a28icb']
[2021-02-16 12:11:30,811] {standard_task_runner.py:77} INFO - Job 9: Subtask runme_1
[2021-02-16 12:11:32,400] {logging_mixin.py:104} INFO - Running <TaskInstance: example_bash_operator.runme_1 2021-02-15T00:00:00+00:00 [running]> on host 071a2d8d0e8e
[2021-02-16 12:11:33,194] {taskinstance.py:1257} INFO - Exporting the following env vars:
AIRFLOW_CTX_DAG_OWNER=airflow
AIRFLOW_CTX_DAG_ID=example_bash_operator
AIRFLOW_CTX_TASK_ID=runme_1
AIRFLOW_CTX_EXECUTION_DATE=2021-02-15T00:00:00+00:00
AIRFLOW_CTX_DAG_RUN_ID=scheduled__2021-02-15T00:00:00+00:00
[2021-02-16 12:11:33,229] {bash.py:135} INFO - Tmp dir root location: 
 /tmp
[2021-02-16 12:11:33,247] {bash.py:158} INFO - Running command: echo "example_bash_operator__runme_1__20210215" && sleep 1
[2021-02-16 12:11:34,530] {bash.py:169} INFO - Output:
[2021-02-16 12:11:34,570] {bash.py:173} INFO - example_bash_operator__runme_1__20210215
[2021-02-16 12:11:35,745] {bash.py:177} INFO - Command exited with return code 0
[2021-02-16 12:11:36,475] {taskinstance.py:1166} INFO - Marking task as SUCCESS. dag_id=example_bash_operator, task_id=runme_1, execution_date=20210215T000000, start_date=20210216T121128, end_date=20210216T121136
[2021-02-16 12:11:37,001] {taskinstance.py:1220} INFO - 1 downstream tasks scheduled from follow-on schedule check
[2021-02-16 12:11:37,113] {local_task_job.py:146} INFO - Task exited with return code 0
