[2021-02-16 12:11:27,664] {taskinstance.py:851} INFO - Dependencies all met for <TaskInstance: example_bash_operator.also_run_this 2021-02-14T00:00:00+00:00 [queued]>
[2021-02-16 12:11:28,524] {taskinstance.py:851} INFO - Dependencies all met for <TaskInstance: example_bash_operator.also_run_this 2021-02-14T00:00:00+00:00 [queued]>
[2021-02-16 12:11:28,535] {taskinstance.py:1042} INFO - 
--------------------------------------------------------------------------------
[2021-02-16 12:11:28,537] {taskinstance.py:1043} INFO - Starting attempt 1 of 1
[2021-02-16 12:11:28,541] {taskinstance.py:1044} INFO - 
--------------------------------------------------------------------------------
[2021-02-16 12:11:29,167] {taskinstance.py:1063} INFO - Executing <Task(BashOperator): also_run_this> on 2021-02-14T00:00:00+00:00
[2021-02-16 12:11:29,359] {standard_task_runner.py:52} INFO - Started process 56 to run task
[2021-02-16 12:11:29,383] {standard_task_runner.py:76} INFO - Running: ['airflow', 'tasks', 'run', 'example_bash_operator', 'also_run_this', '2021-02-14T00:00:00+00:00', '--job-id', '6', '--pool', 'default_pool', '--raw', '--subdir', '/home/airflow/.local/lib/python3.6/site-packages/airflow/example_dags/example_bash_operator.py', '--cfg-path', '/tmp/tmpy3ml7d9o', '--error-file', '/tmp/tmp5chz28ct']
[2021-02-16 12:11:29,414] {standard_task_runner.py:77} INFO - Job 6: Subtask also_run_this
[2021-02-16 12:11:32,600] {logging_mixin.py:104} INFO - Running <TaskInstance: example_bash_operator.also_run_this 2021-02-14T00:00:00+00:00 [running]> on host 071a2d8d0e8e
[2021-02-16 12:11:34,117] {taskinstance.py:1257} INFO - Exporting the following env vars:
AIRFLOW_CTX_DAG_OWNER=airflow
AIRFLOW_CTX_DAG_ID=example_bash_operator
AIRFLOW_CTX_TASK_ID=also_run_this
AIRFLOW_CTX_EXECUTION_DATE=2021-02-14T00:00:00+00:00
AIRFLOW_CTX_DAG_RUN_ID=scheduled__2021-02-14T00:00:00+00:00
[2021-02-16 12:11:34,180] {bash.py:135} INFO - Tmp dir root location: 
 /tmp
[2021-02-16 12:11:34,254] {bash.py:158} INFO - Running command: echo "run_id=scheduled__2021-02-14T00:00:00+00:00 | dag_run=<DagRun example_bash_operator @ 2021-02-14 00:00:00+00:00: scheduled__2021-02-14T00:00:00+00:00, externally triggered: False>"
[2021-02-16 12:11:34,464] {bash.py:169} INFO - Output:
[2021-02-16 12:11:34,475] {bash.py:173} INFO - run_id=scheduled__2021-02-14T00:00:00+00:00 | dag_run=<DagRun example_bash_operator @ 2021-02-14 00:00:00+00:00: scheduled__2021-02-14T00:00:00+00:00, externally triggered: False>
[2021-02-16 12:11:34,486] {bash.py:177} INFO - Command exited with return code 0
[2021-02-16 12:11:35,039] {taskinstance.py:1166} INFO - Marking task as SUCCESS. dag_id=example_bash_operator, task_id=also_run_this, execution_date=20210214T000000, start_date=20210216T121127, end_date=20210216T121135
[2021-02-16 12:11:35,987] {taskinstance.py:1220} INFO - 0 downstream tasks scheduled from follow-on schedule check
[2021-02-16 12:11:36,320] {local_task_job.py:146} INFO - Task exited with return code 0
