[2021-02-16 12:11:04,265] {taskinstance.py:851} INFO - Dependencies all met for <TaskInstance: example_bash_operator.runme_1 2021-02-14T00:00:00+00:00 [queued]>
[2021-02-16 12:11:04,556] {taskinstance.py:851} INFO - Dependencies all met for <TaskInstance: example_bash_operator.runme_1 2021-02-14T00:00:00+00:00 [queued]>
[2021-02-16 12:11:04,560] {taskinstance.py:1042} INFO - 
--------------------------------------------------------------------------------
[2021-02-16 12:11:04,585] {taskinstance.py:1043} INFO - Starting attempt 1 of 1
[2021-02-16 12:11:04,616] {taskinstance.py:1044} INFO - 
--------------------------------------------------------------------------------
[2021-02-16 12:11:04,854] {taskinstance.py:1063} INFO - Executing <Task(BashOperator): runme_1> on 2021-02-14T00:00:00+00:00
[2021-02-16 12:11:04,859] {standard_task_runner.py:52} INFO - Started process 48 to run task
[2021-02-16 12:11:04,879] {standard_task_runner.py:76} INFO - Running: ['airflow', 'tasks', 'run', 'example_bash_operator', 'runme_1', '2021-02-14T00:00:00+00:00', '--job-id', '2', '--pool', 'default_pool', '--raw', '--subdir', '/home/airflow/.local/lib/python3.6/site-packages/airflow/example_dags/example_bash_operator.py', '--cfg-path', '/tmp/tmpkl344v32', '--error-file', '/tmp/tmprjecv7cy']
[2021-02-16 12:11:04,881] {standard_task_runner.py:77} INFO - Job 2: Subtask runme_1
[2021-02-16 12:11:05,854] {logging_mixin.py:104} INFO - Running <TaskInstance: example_bash_operator.runme_1 2021-02-14T00:00:00+00:00 [running]> on host 071a2d8d0e8e
[2021-02-16 12:11:17,679] {taskinstance.py:1257} INFO - Exporting the following env vars:
AIRFLOW_CTX_DAG_OWNER=airflow
AIRFLOW_CTX_DAG_ID=example_bash_operator
AIRFLOW_CTX_TASK_ID=runme_1
AIRFLOW_CTX_EXECUTION_DATE=2021-02-14T00:00:00+00:00
AIRFLOW_CTX_DAG_RUN_ID=scheduled__2021-02-14T00:00:00+00:00
[2021-02-16 12:11:18,032] {bash.py:135} INFO - Tmp dir root location: 
 /tmp
[2021-02-16 12:11:18,278] {bash.py:158} INFO - Running command: echo "example_bash_operator__runme_1__20210214" && sleep 1
[2021-02-16 12:11:18,802] {bash.py:169} INFO - Output:
[2021-02-16 12:11:18,991] {bash.py:173} INFO - example_bash_operator__runme_1__20210214
[2021-02-16 12:11:20,034] {bash.py:177} INFO - Command exited with return code 0
[2021-02-16 12:11:20,657] {taskinstance.py:1166} INFO - Marking task as SUCCESS. dag_id=example_bash_operator, task_id=runme_1, execution_date=20210214T000000, start_date=20210216T121104, end_date=20210216T121120
[2021-02-16 12:11:22,531] {taskinstance.py:1220} INFO - 0 downstream tasks scheduled from follow-on schedule check
[2021-02-16 12:11:23,160] {local_task_job.py:146} INFO - Task exited with return code 0
