[2021-02-16 12:11:27,562] {taskinstance.py:851} INFO - Dependencies all met for <TaskInstance: example_bash_operator.also_run_this 2021-02-15T00:00:00+00:00 [queued]>
[2021-02-16 12:11:28,202] {taskinstance.py:851} INFO - Dependencies all met for <TaskInstance: example_bash_operator.also_run_this 2021-02-15T00:00:00+00:00 [queued]>
[2021-02-16 12:11:28,206] {taskinstance.py:1042} INFO - 
--------------------------------------------------------------------------------
[2021-02-16 12:11:28,214] {taskinstance.py:1043} INFO - Starting attempt 1 of 1
[2021-02-16 12:11:28,235] {taskinstance.py:1044} INFO - 
--------------------------------------------------------------------------------
[2021-02-16 12:11:28,917] {taskinstance.py:1063} INFO - Executing <Task(BashOperator): also_run_this> on 2021-02-15T00:00:00+00:00
[2021-02-16 12:11:29,093] {standard_task_runner.py:76} INFO - Running: ['airflow', 'tasks', 'run', 'example_bash_operator', 'also_run_this', '2021-02-15T00:00:00+00:00', '--job-id', '5', '--pool', 'default_pool', '--raw', '--subdir', '/home/airflow/.local/lib/python3.6/site-packages/airflow/example_dags/example_bash_operator.py', '--cfg-path', '/tmp/tmpbp7puf18', '--error-file', '/tmp/tmpep09dqmp']
[2021-02-16 12:11:28,971] {standard_task_runner.py:52} INFO - Started process 54 to run task
[2021-02-16 12:11:29,277] {standard_task_runner.py:77} INFO - Job 5: Subtask also_run_this
[2021-02-16 12:11:31,863] {logging_mixin.py:104} INFO - Running <TaskInstance: example_bash_operator.also_run_this 2021-02-15T00:00:00+00:00 [running]> on host 071a2d8d0e8e
[2021-02-16 12:11:32,715] {taskinstance.py:1257} INFO - Exporting the following env vars:
AIRFLOW_CTX_DAG_OWNER=airflow
AIRFLOW_CTX_DAG_ID=example_bash_operator
AIRFLOW_CTX_TASK_ID=also_run_this
AIRFLOW_CTX_EXECUTION_DATE=2021-02-15T00:00:00+00:00
AIRFLOW_CTX_DAG_RUN_ID=scheduled__2021-02-15T00:00:00+00:00
[2021-02-16 12:11:32,730] {bash.py:135} INFO - Tmp dir root location: 
 /tmp
[2021-02-16 12:11:32,750] {bash.py:158} INFO - Running command: echo "run_id=scheduled__2021-02-15T00:00:00+00:00 | dag_run=<DagRun example_bash_operator @ 2021-02-15 00:00:00+00:00: scheduled__2021-02-15T00:00:00+00:00, externally triggered: False>"
[2021-02-16 12:11:32,887] {bash.py:169} INFO - Output:
[2021-02-16 12:11:32,952] {bash.py:173} INFO - run_id=scheduled__2021-02-15T00:00:00+00:00 | dag_run=<DagRun example_bash_operator @ 2021-02-15 00:00:00+00:00: scheduled__2021-02-15T00:00:00+00:00, externally triggered: False>
[2021-02-16 12:11:32,955] {bash.py:177} INFO - Command exited with return code 0
[2021-02-16 12:11:33,866] {taskinstance.py:1166} INFO - Marking task as SUCCESS. dag_id=example_bash_operator, task_id=also_run_this, execution_date=20210215T000000, start_date=20210216T121127, end_date=20210216T121133
[2021-02-16 12:11:34,704] {taskinstance.py:1220} INFO - 0 downstream tasks scheduled from follow-on schedule check
[2021-02-16 12:11:35,896] {local_task_job.py:146} INFO - Task exited with return code 0
